<?xml version="1.0" encoding="UTF-8"?>
<testsuites name="jest tests" tests="813" failures="17" errors="0" time="37.976">
  <testsuite name="SseNotificationsService" errors="0" failures="1" skipped="0" timestamp="2025-04-09T02:10:49" time="9.222" tests="1">
    <testcase classname="SseNotificationsService should be defined" name="SseNotificationsService should be defined" time="0.016">
      <failure>Error: Nest can&apos;t resolve dependencies of the SseNotificationsService (?, EventEmitter). Please make sure that the argument SseNotificationRepository at index [0] is available in the RootTestModule context.

Potential solutions:
- Is RootTestModule a valid NestJS module?
- If SseNotificationRepository is a provider, is it part of the current RootTestModule?
- If SseNotificationRepository is exported from a separate @Module, is that module imported within RootTestModule?
  @Module({
    imports: [ /* the Module containing SseNotificationRepository */ ]
  })

    at TestingInjector.lookupComponentInParentModules (/home/drmodun/repos/tournament-app/node_modules/@nestjs/core/injector/injector.js:254:19)
    at processTicksAndRejections (node:internal/process/task_queues:95:5)
    at TestingInjector.resolveComponentInstance (/home/drmodun/repos/tournament-app/node_modules/@nestjs/core/injector/injector.js:207:33)
    at TestingInjector.resolveComponentInstance (/home/drmodun/repos/tournament-app/node_modules/@nestjs/testing/testing-injector.js:19:45)
    at resolveParam (/home/drmodun/repos/tournament-app/node_modules/@nestjs/core/injector/injector.js:128:38)
    at async Promise.all (index 0)
    at TestingInjector.resolveConstructorParams (/home/drmodun/repos/tournament-app/node_modules/@nestjs/core/injector/injector.js:143:27)
    at TestingInjector.loadInstance (/home/drmodun/repos/tournament-app/node_modules/@nestjs/core/injector/injector.js:70:13)
    at TestingInjector.loadProvider (/home/drmodun/repos/tournament-app/node_modules/@nestjs/core/injector/injector.js:97:9)
    at /home/drmodun/repos/tournament-app/node_modules/@nestjs/core/injector/instance-loader.js:56:13
    at async Promise.all (index 3)
    at TestingInstanceLoader.createInstancesOfProviders (/home/drmodun/repos/tournament-app/node_modules/@nestjs/core/injector/instance-loader.js:55:9)
    at /home/drmodun/repos/tournament-app/node_modules/@nestjs/core/injector/instance-loader.js:40:13
    at async Promise.all (index 1)
    at TestingInstanceLoader.createInstances (/home/drmodun/repos/tournament-app/node_modules/@nestjs/core/injector/instance-loader.js:39:9)
    at TestingInstanceLoader.createInstancesOfDependencies (/home/drmodun/repos/tournament-app/node_modules/@nestjs/core/injector/instance-loader.js:22:13)
    at TestingInstanceLoader.createInstancesOfDependencies (/home/drmodun/repos/tournament-app/node_modules/@nestjs/testing/testing-instance-loader.js:9:9)
    at TestingModuleBuilder.createInstancesOfDependencies (/home/drmodun/repos/tournament-app/node_modules/@nestjs/testing/testing-module.builder.js:118:9)
    at TestingModuleBuilder.compile (/home/drmodun/repos/tournament-app/node_modules/@nestjs/testing/testing-module.builder.js:74:9)
    at Object.&lt;anonymous&gt; (/home/drmodun/repos/tournament-app/apps/api/src/infrastructure/sse-notifications/sse-notifications.service.spec.ts:8:35)</failure>
    </testcase>
  </testsuite>
  <testsuite name="QuizService" errors="0" failures="2" skipped="0" timestamp="2025-04-09T02:10:49" time="9.695" tests="15">
    <testcase classname="QuizService should be defined" name="QuizService should be defined" time="0.022">
    </testcase>
    <testcase classname="QuizService create should create a quiz successfully" name="QuizService create should create a quiz successfully" time="0.005">
    </testcase>
    <testcase classname="QuizService create should throw UnprocessableEntityException if creation fails" name="QuizService create should throw UnprocessableEntityException if creation fails" time="0.007">
      <failure>Error: expect(received).rejects.toThrow()

Received promise resolved instead of rejected
Resolved to value: []
    at expect (/home/drmodun/repos/tournament-app/node_modules/expect/build/index.js:113:15)
    at Object.&lt;anonymous&gt; (/home/drmodun/repos/tournament-app/apps/api/src/quiz/tests/quiz.service.spec.ts:80:13)
    at Promise.then.completed (/home/drmodun/repos/tournament-app/node_modules/jest-circus/build/utils.js:298:28)
    at new Promise (&lt;anonymous&gt;)
    at callAsyncCircusFn (/home/drmodun/repos/tournament-app/node_modules/jest-circus/build/utils.js:231:10)
    at _callCircusTest (/home/drmodun/repos/tournament-app/node_modules/jest-circus/build/run.js:316:40)
    at processTicksAndRejections (node:internal/process/task_queues:95:5)
    at _runTest (/home/drmodun/repos/tournament-app/node_modules/jest-circus/build/run.js:252:3)
    at _runTestsForDescribeBlock (/home/drmodun/repos/tournament-app/node_modules/jest-circus/build/run.js:126:9)
    at _runTestsForDescribeBlock (/home/drmodun/repos/tournament-app/node_modules/jest-circus/build/run.js:121:9)
    at _runTestsForDescribeBlock (/home/drmodun/repos/tournament-app/node_modules/jest-circus/build/run.js:121:9)
    at run (/home/drmodun/repos/tournament-app/node_modules/jest-circus/build/run.js:71:3)
    at runAndTransformResultsToJestFormat (/home/drmodun/repos/tournament-app/node_modules/jest-circus/build/legacy-code-todo-rewrite/jestAdapterInit.js:122:21)
    at jestAdapter (/home/drmodun/repos/tournament-app/node_modules/jest-circus/build/legacy-code-todo-rewrite/jestAdapter.js:79:19)
    at runTestInternal (/home/drmodun/repos/tournament-app/node_modules/jest-runner/build/runTest.js:367:16)
    at runTest (/home/drmodun/repos/tournament-app/node_modules/jest-runner/build/runTest.js:444:34)
    at Object.worker (/home/drmodun/repos/tournament-app/node_modules/jest-runner/build/testWorker.js:106:12)</failure>
    </testcase>
    <testcase classname="QuizService findAll should return all quizzes" name="QuizService findAll should return all quizzes" time="0.006">
    </testcase>
    <testcase classname="QuizService findOne should return a quiz by id" name="QuizService findOne should return a quiz by id" time="0.002">
    </testcase>
    <testcase classname="QuizService findOne should throw NotFoundException if quiz not found" name="QuizService findOne should throw NotFoundException if quiz not found" time="0.01">
    </testcase>
    <testcase classname="QuizService update should update a quiz successfully" name="QuizService update should update a quiz successfully" time="0.003">
    </testcase>
    <testcase classname="QuizService update should throw NotFoundException if quiz not found" name="QuizService update should throw NotFoundException if quiz not found" time="0.002">
      <failure>Error: expect(received).rejects.toThrow()

Received promise resolved instead of rejected
Resolved to value: []
    at expect (/home/drmodun/repos/tournament-app/node_modules/expect/build/index.js:113:15)
    at Object.&lt;anonymous&gt; (/home/drmodun/repos/tournament-app/apps/api/src/quiz/tests/quiz.service.spec.ts:163:13)
    at Promise.then.completed (/home/drmodun/repos/tournament-app/node_modules/jest-circus/build/utils.js:298:28)
    at new Promise (&lt;anonymous&gt;)
    at callAsyncCircusFn (/home/drmodun/repos/tournament-app/node_modules/jest-circus/build/utils.js:231:10)
    at _callCircusTest (/home/drmodun/repos/tournament-app/node_modules/jest-circus/build/run.js:316:40)
    at processTicksAndRejections (node:internal/process/task_queues:95:5)
    at _runTest (/home/drmodun/repos/tournament-app/node_modules/jest-circus/build/run.js:252:3)
    at _runTestsForDescribeBlock (/home/drmodun/repos/tournament-app/node_modules/jest-circus/build/run.js:126:9)
    at _runTestsForDescribeBlock (/home/drmodun/repos/tournament-app/node_modules/jest-circus/build/run.js:121:9)
    at _runTestsForDescribeBlock (/home/drmodun/repos/tournament-app/node_modules/jest-circus/build/run.js:121:9)
    at run (/home/drmodun/repos/tournament-app/node_modules/jest-circus/build/run.js:71:3)
    at runAndTransformResultsToJestFormat (/home/drmodun/repos/tournament-app/node_modules/jest-circus/build/legacy-code-todo-rewrite/jestAdapterInit.js:122:21)
    at jestAdapter (/home/drmodun/repos/tournament-app/node_modules/jest-circus/build/legacy-code-todo-rewrite/jestAdapter.js:79:19)
    at runTestInternal (/home/drmodun/repos/tournament-app/node_modules/jest-runner/build/runTest.js:367:16)
    at runTest (/home/drmodun/repos/tournament-app/node_modules/jest-runner/build/runTest.js:444:34)
    at Object.worker (/home/drmodun/repos/tournament-app/node_modules/jest-runner/build/testWorker.js:106:12)</failure>
    </testcase>
    <testcase classname="QuizService remove should remove a quiz successfully" name="QuizService remove should remove a quiz successfully" time="0.004">
    </testcase>
    <testcase classname="QuizService remove should throw NotFoundException if quiz not found" name="QuizService remove should throw NotFoundException if quiz not found" time="0.003">
    </testcase>
    <testcase classname="QuizService autoComplete should return quizzes matching the search term" name="QuizService autoComplete should return quizzes matching the search term" time="0.003">
    </testcase>
    <testcase classname="QuizService getAuthoredQuizzes should return quizzes authored by the user" name="QuizService getAuthoredQuizzes should return quizzes authored by the user" time="0.002">
    </testcase>
    <testcase classname="QuizService checkAuthor should not throw an error if user is the author" name="QuizService checkAuthor should not throw an error if user is the author" time="0.003">
    </testcase>
    <testcase classname="QuizService checkAuthor should throw NotFoundException if quiz not found" name="QuizService checkAuthor should throw NotFoundException if quiz not found" time="0.009">
    </testcase>
    <testcase classname="QuizService checkAuthor should throw ForbiddenException if user is not the author" name="QuizService checkAuthor should throw ForbiddenException if user is not the author" time="0.012">
    </testcase>
  </testsuite>
  <testsuite name="TournamentRequestsDtos" errors="0" failures="1" skipped="0" timestamp="2025-04-09T02:10:49" time="9.706" tests="12">
    <testcase classname="TournamentRequestsDtos CreateTournamentRequest should fail validation with empty object" name="TournamentRequestsDtos CreateTournamentRequest should fail validation with empty object" time="0.011">
    </testcase>
    <testcase classname="TournamentRequestsDtos CreateTournamentRequest should fail validation with invalid data types" name="TournamentRequestsDtos CreateTournamentRequest should fail validation with invalid data types" time="0.002">
    </testcase>
    <testcase classname="TournamentRequestsDtos CreateTournamentRequest should fail validation with invalid string lengths" name="TournamentRequestsDtos CreateTournamentRequest should fail validation with invalid string lengths" time="0.004">
      <failure>Error: expect(received).toBe(expected) // Object.is equality

Expected: 3
Received: 2
    at Object.&lt;anonymous&gt; (/home/drmodun/repos/tournament-app/apps/api/src/tournament/tests/requests.dto.spec.ts:66:29)
    at processTicksAndRejections (node:internal/process/task_queues:95:5)</failure>
    </testcase>
    <testcase classname="TournamentRequestsDtos CreateTournamentRequest should fail validation with invalid number ranges" name="TournamentRequestsDtos CreateTournamentRequest should fail validation with invalid number ranges" time="0.001">
    </testcase>
    <testcase classname="TournamentRequestsDtos CreateTournamentRequest should pass validation with valid data" name="TournamentRequestsDtos CreateTournamentRequest should pass validation with valid data" time="0.002">
    </testcase>
    <testcase classname="TournamentRequestsDtos UpdateTournamentRequest should pass validation with empty object" name="TournamentRequestsDtos UpdateTournamentRequest should pass validation with empty object" time="0">
    </testcase>
    <testcase classname="TournamentRequestsDtos UpdateTournamentRequest should fail validation with invalid data types" name="TournamentRequestsDtos UpdateTournamentRequest should fail validation with invalid data types" time="0.001">
    </testcase>
    <testcase classname="TournamentRequestsDtos UpdateTournamentRequest should pass validation with valid partial data" name="TournamentRequestsDtos UpdateTournamentRequest should pass validation with valid partial data" time="0.001">
    </testcase>
    <testcase classname="TournamentRequestsDtos TournamentQuery should pass validation with empty object" name="TournamentRequestsDtos TournamentQuery should pass validation with empty object" time="0.001">
    </testcase>
    <testcase classname="TournamentRequestsDtos TournamentQuery should fail validation with invalid data types" name="TournamentRequestsDtos TournamentQuery should fail validation with invalid data types" time="0.002">
    </testcase>
    <testcase classname="TournamentRequestsDtos TournamentQuery should pass validation with valid data" name="TournamentRequestsDtos TournamentQuery should pass validation with valid data" time="0.001">
    </testcase>
    <testcase classname="TournamentRequestsDtos TournamentQuery should pass validation with valid ranges" name="TournamentRequestsDtos TournamentQuery should pass validation with valid ranges" time="0.002">
    </testcase>
  </testsuite>
  <testsuite name="GroupMembershipService" errors="0" failures="1" skipped="0" timestamp="2025-04-09T02:10:49" time="9.766" tests="18">
    <testcase classname="GroupMembershipService should be defined" name="GroupMembershipService should be defined" time="0.043">
    </testcase>
    <testcase classname="GroupMembershipService create should create a group membership" name="GroupMembershipService create should create a group membership" time="0.004">
    </testcase>
    <testcase classname="GroupMembershipService findAll should return all group memberships" name="GroupMembershipService findAll should return all group memberships" time="0.014">
    </testcase>
    <testcase classname="GroupMembershipService findOne should return a single group membership" name="GroupMembershipService findOne should return a single group membership" time="0.003">
    </testcase>
    <testcase classname="GroupMembershipService findOne should return a single group membership with custom response type" name="GroupMembershipService findOne should return a single group membership with custom response type" time="0.009">
    </testcase>
    <testcase classname="GroupMembershipService update should update a group membership" name="GroupMembershipService update should update a group membership" time="0.002">
      <failure>TypeError: Cannot read properties of undefined (reading &apos;name&apos;)
    at GroupMembershipService.name [as sendNotificationAboutPromotion] (/home/drmodun/repos/tournament-app/apps/api/src/group-membership/group-membership.service.ts:162:22)
    at processTicksAndRejections (node:internal/process/task_queues:95:5)
    at GroupMembershipService.update (/home/drmodun/repos/tournament-app/apps/api/src/group-membership/group-membership.service.ts:145:7)
    at Object.&lt;anonymous&gt; (/home/drmodun/repos/tournament-app/apps/api/src/group-membership/tests/group-membership.service.spec.ts:199:7)</failure>
    </testcase>
    <testcase classname="GroupMembershipService update should update and send admin promotion notification" name="GroupMembershipService update should update and send admin promotion notification" time="0.003">
    </testcase>
    <testcase classname="GroupMembershipService update should update and send admin demotion notification" name="GroupMembershipService update should update and send admin demotion notification" time="0.004">
    </testcase>
    <testcase classname="GroupMembershipService remove should remove a group membership and send notification" name="GroupMembershipService remove should remove a group membership and send notification" time="0.004">
    </testcase>
    <testcase classname="GroupMembershipService sendNotificationAboutPromotion should send notification about admin promotion" name="GroupMembershipService sendNotificationAboutPromotion should send notification about admin promotion" time="0.011">
    </testcase>
    <testcase classname="GroupMembershipService sendNotificationAboutDemotion should send notification about admin demotion" name="GroupMembershipService sendNotificationAboutDemotion should send notification about admin demotion" time="0.005">
    </testcase>
    <testcase classname="GroupMembershipService role checks isAdmin should return true for admin role" name="GroupMembershipService role checks isAdmin should return true for admin role" time="0.007">
    </testcase>
    <testcase classname="GroupMembershipService role checks isAdmin should return true for owner role" name="GroupMembershipService role checks isAdmin should return true for owner role" time="0.002">
    </testcase>
    <testcase classname="GroupMembershipService role checks isAdmin should return false for member role" name="GroupMembershipService role checks isAdmin should return false for member role" time="0.002">
    </testcase>
    <testcase classname="GroupMembershipService role checks isMember should return true when membership exists" name="GroupMembershipService role checks isMember should return true when membership exists" time="0.002">
    </testcase>
    <testcase classname="GroupMembershipService role checks isMember should return false when membership does not exist" name="GroupMembershipService role checks isMember should return false when membership does not exist" time="0.005">
    </testcase>
    <testcase classname="GroupMembershipService role checks isOwner should return true for owner role" name="GroupMembershipService role checks isOwner should return true for owner role" time="0.007">
    </testcase>
    <testcase classname="GroupMembershipService role checks isOwner should return false for non-owner roles" name="GroupMembershipService role checks isOwner should return false for non-owner roles" time="0.002">
    </testcase>
  </testsuite>
  <testsuite name="GroupJoinRequestsService" errors="0" failures="6" skipped="0" timestamp="2025-04-09T02:10:59" time="0.542" tests="14">
    <testcase classname="GroupJoinRequestsService should be defined" name="GroupJoinRequestsService should be defined" time="0.006">
    </testcase>
    <testcase classname="GroupJoinRequestsService create should create a group join request and send notifications to admins" name="GroupJoinRequestsService create should create a group join request and send notifications to admins" time="0.007">
      <failure>TypeError: Cannot read properties of undefined (reading &apos;length&apos;)
    at GroupJoinRequestsService.length [as findOne] (/home/drmodun/repos/tournament-app/apps/api/src/group-join-requests/group-join-requests.service.ts:94:18)
    at processTicksAndRejections (node:internal/process/task_queues:95:5)
    at GroupJoinRequestsService.getDataForNotification (/home/drmodun/repos/tournament-app/apps/api/src/group-join-requests/group-join-requests.service.ts:158:7)
    at GroupJoinRequestsService.createNotificationBodyForNewRequest (/home/drmodun/repos/tournament-app/apps/api/src/group-join-requests/group-join-requests.service.ts:219:25)
    at GroupJoinRequestsService.saveAndEmitNotificationsForNewRequest (/home/drmodun/repos/tournament-app/apps/api/src/group-join-requests/group-join-requests.service.ts:187:26)
    at GroupJoinRequestsService.create (/home/drmodun/repos/tournament-app/apps/api/src/group-join-requests/group-join-requests.service.ts:52:5)
    at Object.&lt;anonymous&gt; (/home/drmodun/repos/tournament-app/apps/api/src/group-join-requests/tests/group-join-requests.service.spec.ts:106:7)</failure>
    </testcase>
    <testcase classname="GroupJoinRequestsService sendNotificationsToAdmins should send notifications to all group admins" name="GroupJoinRequestsService sendNotificationsToAdmins should send notifications to all group admins" time="0.006">
      <failure>TypeError: Cannot read properties of undefined (reading &apos;length&apos;)
    at GroupJoinRequestsService.length [as findOne] (/home/drmodun/repos/tournament-app/apps/api/src/group-join-requests/group-join-requests.service.ts:94:18)
    at processTicksAndRejections (node:internal/process/task_queues:95:5)
    at GroupJoinRequestsService.getDataForNotification (/home/drmodun/repos/tournament-app/apps/api/src/group-join-requests/group-join-requests.service.ts:158:7)
    at GroupJoinRequestsService.createNotificationBodyForNewRequest (/home/drmodun/repos/tournament-app/apps/api/src/group-join-requests/group-join-requests.service.ts:219:25)
    at Object.&lt;anonymous&gt; (/home/drmodun/repos/tournament-app/apps/api/src/group-join-requests/tests/group-join-requests.service.spec.ts:132:7)</failure>
    </testcase>
    <testcase classname="GroupJoinRequestsService findAll should return an array of group join requests" name="GroupJoinRequestsService findAll should return an array of group join requests" time="0.003">
    </testcase>
    <testcase classname="GroupJoinRequestsService findOne should return a group join request" name="GroupJoinRequestsService findOne should return a group join request" time="0.003">
    </testcase>
    <testcase classname="GroupJoinRequestsService findOne should throw NotFoundException when group join request not found" name="GroupJoinRequestsService findOne should throw NotFoundException when group join request not found" time="0.005">
    </testcase>
    <testcase classname="GroupJoinRequestsService update should update a group join request" name="GroupJoinRequestsService update should update a group join request" time="0.002">
    </testcase>
    <testcase classname="GroupJoinRequestsService remove should remove a group join request" name="GroupJoinRequestsService remove should remove a group join request" time="0.002">
    </testcase>
    <testcase classname="GroupJoinRequestsService accept should accept a join request, create membership, delete request and send notification" name="GroupJoinRequestsService accept should accept a join request, create membership, delete request and send notification" time="0.004">
      <failure>Error: expect(jest.fn()).toHaveBeenCalledWith(...expected)

Expected: 1

Number of calls: 0
    at Object.&lt;anonymous&gt; (/home/drmodun/repos/tournament-app/apps/api/src/group-join-requests/tests/group-join-requests.service.spec.ts:222:40)
    at processTicksAndRejections (node:internal/process/task_queues:95:5)</failure>
    </testcase>
    <testcase classname="GroupJoinRequestsService accept should throw BadRequestException when request does not exist" name="GroupJoinRequestsService accept should throw BadRequestException when request does not exist" time="0.003">
    </testcase>
    <testcase classname="GroupJoinRequestsService reject should reject a join request, delete request and send notification" name="GroupJoinRequestsService reject should reject a join request, delete request and send notification" time="0.002">
      <failure>Error: expect(jest.fn()).toHaveBeenCalledWith(...expected)

Expected: 1

Number of calls: 0
    at Object.&lt;anonymous&gt; (/home/drmodun/repos/tournament-app/apps/api/src/group-join-requests/tests/group-join-requests.service.spec.ts:251:40)
    at processTicksAndRejections (node:internal/process/task_queues:95:5)</failure>
    </testcase>
    <testcase classname="GroupJoinRequestsService reject should throw NotFoundException when request does not exist" name="GroupJoinRequestsService reject should throw NotFoundException when request does not exist" time="0.006">
    </testcase>
    <testcase classname="GroupJoinRequestsService sendAcceptanceNotification should send notification about request acceptance" name="GroupJoinRequestsService sendAcceptanceNotification should send notification about request acceptance" time="0.002">
      <failure>NotFoundException: Group join request with groupId 1 and userId 1 not found
    at GroupJoinRequestsService.findOne (/home/drmodun/repos/tournament-app/apps/api/src/group-join-requests/group-join-requests.service.ts:95:13)
    at processTicksAndRejections (node:internal/process/task_queues:95:5)
    at GroupJoinRequestsService.getDataForNotification (/home/drmodun/repos/tournament-app/apps/api/src/group-join-requests/group-join-requests.service.ts:158:7)
    at GroupJoinRequestsService.createNotificationBodyForApprovedJoin (/home/drmodun/repos/tournament-app/apps/api/src/group-join-requests/group-join-requests.service.ts:168:25)
    at Object.&lt;anonymous&gt; (/home/drmodun/repos/tournament-app/apps/api/src/group-join-requests/tests/group-join-requests.service.spec.ts:271:7)</failure>
    </testcase>
    <testcase classname="GroupJoinRequestsService sendRejectionNotification should send notification about request rejection" name="GroupJoinRequestsService sendRejectionNotification should send notification about request rejection" time="0.002">
      <failure>NotFoundException: Group join request with groupId 1 and userId 1 not found
    at GroupJoinRequestsService.findOne (/home/drmodun/repos/tournament-app/apps/api/src/group-join-requests/group-join-requests.service.ts:95:13)
    at processTicksAndRejections (node:internal/process/task_queues:95:5)
    at GroupJoinRequestsService.getDataForNotification (/home/drmodun/repos/tournament-app/apps/api/src/group-join-requests/group-join-requests.service.ts:158:7)
    at GroupJoinRequestsService.createNotificationBodyForRejectedJoin (/home/drmodun/repos/tournament-app/apps/api/src/group-join-requests/group-join-requests.service.ts:201:25)
    at Object.&lt;anonymous&gt; (/home/drmodun/repos/tournament-app/apps/api/src/group-join-requests/tests/group-join-requests.service.spec.ts:287:7)</failure>
    </testcase>
  </testsuite>
  <testsuite name="FollowersService" errors="0" failures="0" skipped="0" timestamp="2025-04-09T02:10:59" time="0.358" tests="12">
    <testcase classname="FollowersService should be defined" name="FollowersService should be defined" time="0.006">
    </testcase>
    <testcase classname="FollowersService create should create a follower relationship and emit notifications" name="FollowersService create should create a follower relationship and emit notifications" time="0.003">
    </testcase>
    <testcase classname="FollowersService create should throw error when trying to follow self" name="FollowersService create should throw error when trying to follow self" time="0.047">
    </testcase>
    <testcase classname="FollowersService findAll should return array of followers" name="FollowersService findAll should return array of followers" time="0.002">
    </testcase>
    <testcase classname="FollowersService findOne should return a follower relationship" name="FollowersService findOne should return a follower relationship" time="0.002">
    </testcase>
    <testcase classname="FollowersService findOne should throw error when follower relationship not found" name="FollowersService findOne should throw error when follower relationship not found" time="0.012">
    </testcase>
    <testcase classname="FollowersService remove should remove a follower relationship" name="FollowersService remove should remove a follower relationship" time="0.002">
    </testcase>
    <testcase classname="FollowersService remove should throw error when trying to remove non-existent relationship" name="FollowersService remove should throw error when trying to remove non-existent relationship" time="0.003">
    </testcase>
    <testcase classname="FollowersService autoCompleteFollowers should call repository with correct parameters" name="FollowersService autoCompleteFollowers should call repository with correct parameters" time="0.002">
    </testcase>
    <testcase classname="FollowersService autoCompleteFollowing should call repository with correct parameters" name="FollowersService autoCompleteFollowing should call repository with correct parameters" time="0.002">
    </testcase>
    <testcase classname="FollowersService createNotificationBodyForNewFollower should create a notification body with correct data" name="FollowersService createNotificationBodyForNewFollower should create a notification body with correct data" time="0.002">
    </testcase>
    <testcase classname="FollowersService saveAndEmitNotificationsForNewFollower should create and emit notifications for new follower" name="FollowersService saveAndEmitNotificationsForNewFollower should create and emit notifications for new follower" time="0.002">
    </testcase>
  </testsuite>
  <testsuite name="CanAccessAttemptGuard" errors="0" failures="0" skipped="0" timestamp="2025-04-09T02:10:59" time="0.47" tests="6">
    <testcase classname="CanAccessAttemptGuard should be defined" name="CanAccessAttemptGuard should be defined" time="0.014">
    </testcase>
    <testcase classname="CanAccessAttemptGuard canActivate should allow admin users without checking attempt" name="CanAccessAttemptGuard canActivate should allow admin users without checking attempt" time="0.004">
    </testcase>
    <testcase classname="CanAccessAttemptGuard canActivate should check attempt access for non-admin users" name="CanAccessAttemptGuard canActivate should check attempt access for non-admin users" time="0.003">
    </testcase>
    <testcase classname="CanAccessAttemptGuard canActivate should throw NotFoundException when attempt ID is missing" name="CanAccessAttemptGuard canActivate should throw NotFoundException when attempt ID is missing" time="0.035">
    </testcase>
    <testcase classname="CanAccessAttemptGuard canActivate should throw error when attempt access check fails" name="CanAccessAttemptGuard canActivate should throw error when attempt access check fails" time="0.008">
    </testcase>
    <testcase classname="CanAccessAttemptGuard canActivate should handle non-numeric attempt IDs" name="CanAccessAttemptGuard canActivate should handle non-numeric attempt IDs" time="0.015">
    </testcase>
  </testsuite>
  <testsuite name="Quiz Attempt DTOs" errors="0" failures="3" skipped="0" timestamp="2025-04-09T02:10:59" time="0.632" tests="13">
    <testcase classname="Quiz Attempt DTOs SubmitQuizAttemptRequest should pass validation with valid data" name="Quiz Attempt DTOs SubmitQuizAttemptRequest should pass validation with valid data" time="0.003">
    </testcase>
    <testcase classname="Quiz Attempt DTOs SubmitQuizAttemptRequest should fail validation with missing isSubmitted" name="Quiz Attempt DTOs SubmitQuizAttemptRequest should fail validation with missing isSubmitted" time="0.001">
    </testcase>
    <testcase classname="Quiz Attempt DTOs CreateQuizAnswerRequest should pass validation with valid data (multiple choice)" name="Quiz Attempt DTOs CreateQuizAnswerRequest should pass validation with valid data (multiple choice)" time="0">
    </testcase>
    <testcase classname="Quiz Attempt DTOs CreateQuizAnswerRequest should pass validation with valid data (text answer)" name="Quiz Attempt DTOs CreateQuizAnswerRequest should pass validation with valid data (text answer)" time="0">
    </testcase>
    <testcase classname="Quiz Attempt DTOs CreateQuizAnswerRequest should fail validation with missing quizQuestionId" name="Quiz Attempt DTOs CreateQuizAnswerRequest should fail validation with missing quizQuestionId" time="0.001">
      <failure>Error: expect(received).toBeGreaterThan(expected)

Expected: &gt; 0
Received:   0
    at Object.&lt;anonymous&gt; (/home/drmodun/repos/tournament-app/apps/api/src/quiz-attempt/tests/requests.dto.spec.ts:53:29)
    at processTicksAndRejections (node:internal/process/task_queues:95:5)</failure>
    </testcase>
    <testcase classname="Quiz Attempt DTOs CreateQuizAnswerRequest should fail validation with missing answer" name="Quiz Attempt DTOs CreateQuizAnswerRequest should fail validation with missing answer" time="0.001">
      <failure>Error: expect(received).toBeGreaterThan(expected)

Expected: &gt; 0
Received:   0
    at Object.&lt;anonymous&gt; (/home/drmodun/repos/tournament-app/apps/api/src/quiz-attempt/tests/requests.dto.spec.ts:62:29)
    at processTicksAndRejections (node:internal/process/task_queues:95:5)</failure>
    </testcase>
    <testcase classname="Quiz Attempt DTOs CreateQuizAnswerRequest should fail validation with empty answer" name="Quiz Attempt DTOs CreateQuizAnswerRequest should fail validation with empty answer" time="0.001">
      <failure>Error: expect(received).toBeGreaterThan(expected)

Expected: &gt; 0
Received:   0
    at Object.&lt;anonymous&gt; (/home/drmodun/repos/tournament-app/apps/api/src/quiz-attempt/tests/requests.dto.spec.ts:72:29)
    at processTicksAndRejections (node:internal/process/task_queues:95:5)</failure>
    </testcase>
    <testcase classname="Quiz Attempt DTOs UpdateQuizAnswerRequest should pass validation with valid data (updated answer)" name="Quiz Attempt DTOs UpdateQuizAnswerRequest should pass validation with valid data (updated answer)" time="0">
    </testcase>
    <testcase classname="Quiz Attempt DTOs UpdateQuizAnswerRequest should pass validation with valid data (updated option)" name="Quiz Attempt DTOs UpdateQuizAnswerRequest should pass validation with valid data (updated option)" time="0.001">
    </testcase>
    <testcase classname="Quiz Attempt DTOs UpdateQuizAnswerRequest should pass validation with valid data (both fields)" name="Quiz Attempt DTOs UpdateQuizAnswerRequest should pass validation with valid data (both fields)" time="0">
    </testcase>
    <testcase classname="Quiz Attempt DTOs UpdateQuizAnswerRequest should pass validation with empty dto (all fields optional)" name="Quiz Attempt DTOs UpdateQuizAnswerRequest should pass validation with empty dto (all fields optional)" time="0">
    </testcase>
    <testcase classname="Quiz Attempt DTOs QuizAttemptQuery should pass validation with valid data" name="Quiz Attempt DTOs QuizAttemptQuery should pass validation with valid data" time="0.001">
    </testcase>
    <testcase classname="Quiz Attempt DTOs QuizAttemptQuery should pass validation with no data (all fields optional)" name="Quiz Attempt DTOs QuizAttemptQuery should pass validation with no data (all fields optional)" time="0.001">
    </testcase>
  </testsuite>
  <testsuite name="QuizAttemptController" errors="0" failures="2" skipped="0" timestamp="2025-04-09T02:10:49" time="10.317" tests="9">
    <testcase classname="QuizAttemptController should be defined" name="QuizAttemptController should be defined" time="0.033">
    </testcase>
    <testcase classname="QuizAttemptController findAll should return results with metadata for regular users" name="QuizAttemptController findAll should return results with metadata for regular users" time="0.02">
    </testcase>
    <testcase classname="QuizAttemptController findAll should not filter by userId for admin users" name="QuizAttemptController findAll should not filter by userId for admin users" time="0.003">
    </testcase>
    <testcase classname="QuizAttemptController getMyAttempts should return attempts for current user" name="QuizAttemptController getMyAttempts should return attempts for current user" time="0.012">
    </testcase>
    <testcase classname="QuizAttemptController findOne should return attempt by id" name="QuizAttemptController findOne should return attempt by id" time="0.004">
    </testcase>
    <testcase classname="QuizAttemptController create should create a new attempt" name="QuizAttemptController create should create a new attempt" time="0.011">
      <failure>Error: expect(jest.fn()).toHaveBeenCalledWith(...expected)

- Expected
+ Received

  Object {
-   &quot;quizId&quot;: 1,
+   &quot;quizId&quot;: Object {
+     &quot;id&quot;: 1,
+   },
    &quot;userId&quot;: 1,
  },

Number of calls: 1
    at Object.&lt;anonymous&gt; (/home/drmodun/repos/tournament-app/apps/api/src/quiz-attempt/tests/quiz-attempt.controller.spec.ts:148:30)
    at processTicksAndRejections (node:internal/process/task_queues:95:5)</failure>
    </testcase>
    <testcase classname="QuizAttemptController submitAttempt should submit attempt" name="QuizAttemptController submitAttempt should submit attempt" time="0.004">
    </testcase>
    <testcase classname="QuizAttemptController createAnswer should create a new answer" name="QuizAttemptController createAnswer should create a new answer" time="0.004">
      <failure>Error: expect(jest.fn()).toHaveBeenCalledWith(...expected)

- Expected
+ Received

  1,
  1,
  Object {
    &quot;answer&quot;: &quot;Test answer&quot;,
+   &quot;attemptId&quot;: 1,
    &quot;quizQuestionId&quot;: 1,
  },

Number of calls: 1
    at Object.&lt;anonymous&gt; (/home/drmodun/repos/tournament-app/apps/api/src/quiz-attempt/tests/quiz-attempt.controller.spec.ts:188:36)
    at processTicksAndRejections (node:internal/process/task_queues:95:5)</failure>
    </testcase>
    <testcase classname="QuizAttemptController updateAnswer should update an answer" name="QuizAttemptController updateAnswer should update an answer" time="0.021">
    </testcase>
  </testsuite>
  <testsuite name="StageRequestsDtos" errors="0" failures="0" skipped="0" timestamp="2025-04-09T02:10:59" time="0.654" tests="10">
    <testcase classname="StageRequestsDtos CreateStageRequest should fail validation with empty object" name="StageRequestsDtos CreateStageRequest should fail validation with empty object" time="0.007">
    </testcase>
    <testcase classname="StageRequestsDtos CreateStageRequest should fail validation with invalid data types" name="StageRequestsDtos CreateStageRequest should fail validation with invalid data types" time="0.002">
    </testcase>
    <testcase classname="StageRequestsDtos CreateStageRequest should fail validation with invalid string lengths" name="StageRequestsDtos CreateStageRequest should fail validation with invalid string lengths" time="0.001">
    </testcase>
    <testcase classname="StageRequestsDtos CreateStageRequest should pass validation with valid data" name="StageRequestsDtos CreateStageRequest should pass validation with valid data" time="0.001">
    </testcase>
    <testcase classname="StageRequestsDtos UpdateStageRequest should pass validation with empty object" name="StageRequestsDtos UpdateStageRequest should pass validation with empty object" time="0">
    </testcase>
    <testcase classname="StageRequestsDtos UpdateStageRequest should fail validation with invalid data types" name="StageRequestsDtos UpdateStageRequest should fail validation with invalid data types" time="0.001">
    </testcase>
    <testcase classname="StageRequestsDtos UpdateStageRequest should pass validation with valid data" name="StageRequestsDtos UpdateStageRequest should pass validation with valid data" time="0.001">
    </testcase>
    <testcase classname="StageRequestsDtos StageQuery should pass validation with empty object" name="StageRequestsDtos StageQuery should pass validation with empty object" time="0.001">
    </testcase>
    <testcase classname="StageRequestsDtos StageQuery should fail validation with invalid data types" name="StageRequestsDtos StageQuery should fail validation with invalid data types" time="0.001">
    </testcase>
    <testcase classname="StageRequestsDtos StageQuery should pass validation with valid data" name="StageRequestsDtos StageQuery should pass validation with valid data" time="0">
    </testcase>
  </testsuite>
  <testsuite name="CanEditQuizGuard" errors="0" failures="0" skipped="0" timestamp="2025-04-09T02:11:00" time="0.282" tests="5">
    <testcase classname="CanEditQuizGuard should be defined" name="CanEditQuizGuard should be defined" time="0.004">
    </testcase>
    <testcase classname="CanEditQuizGuard canActivate should return true if user is the author of the quiz" name="CanEditQuizGuard canActivate should return true if user is the author of the quiz" time="0.002">
    </testcase>
    <testcase classname="CanEditQuizGuard canActivate should throw ForbiddenException if user is not authenticated" name="CanEditQuizGuard canActivate should throw ForbiddenException if user is not authenticated" time="0.008">
    </testcase>
    <testcase classname="CanEditQuizGuard canActivate should throw NotFoundException if quizId is invalid" name="CanEditQuizGuard canActivate should throw NotFoundException if quizId is invalid" time="0.003">
    </testcase>
    <testcase classname="CanEditQuizGuard canActivate should throw ForbiddenException if user is not the author" name="CanEditQuizGuard canActivate should throw ForbiddenException if user is not the author" time="0.002">
    </testcase>
  </testsuite>
  <testsuite name="CategoryController" errors="0" failures="0" skipped="0" timestamp="2025-04-09T02:11:00" time="0.525" tests="10">
    <testcase classname="CategoryController should be defined" name="CategoryController should be defined" time="0.008">
    </testcase>
    <testcase classname="CategoryController should return a valid query" name="CategoryController should return a valid query" time="0.01">
    </testcase>
    <testcase classname="CategoryController should return a category" name="CategoryController should return a category" time="0.004">
    </testcase>
    <testcase classname="CategoryController should create a category" name="CategoryController should create a category" time="0.003">
    </testcase>
    <testcase classname="CategoryController should update a category" name="CategoryController should update a category" time="0.002">
    </testcase>
    <testcase classname="CategoryController should remove a category" name="CategoryController should remove a category" time="0.003">
    </testcase>
    <testcase classname="CategoryController should throw NotFoundException when category is not found" name="CategoryController should throw NotFoundException when category is not found" time="0.012">
    </testcase>
    <testcase classname="CategoryController should throw UnprocessableEntityException when category creation fails" name="CategoryController should throw UnprocessableEntityException when category creation fails" time="0.004">
    </testcase>
    <testcase classname="CategoryController should throw NotFoundException when updating non-existent category" name="CategoryController should throw NotFoundException when updating non-existent category" time="0.004">
    </testcase>
    <testcase classname="CategoryController should throw NotFoundException when removing non-existent category" name="CategoryController should throw NotFoundException when removing non-existent category" time="0.004">
    </testcase>
  </testsuite>
  <testsuite name="StageAdminGuard" errors="0" failures="0" skipped="0" timestamp="2025-04-09T02:11:00" time="0.669" tests="12">
    <testcase classname="StageAdminGuard JWT Authentication should deny access when JWT authentication fails" name="StageAdminGuard JWT Authentication should deny access when JWT authentication fails" time="0.009">
    </testcase>
    <testcase classname="StageAdminGuard Admin Role Access should allow access for users with ADMIN role" name="StageAdminGuard Admin Role Access should allow access for users with ADMIN role" time="0.011">
    </testcase>
    <testcase classname="StageAdminGuard Tournament Creator Access should allow access for tournament creator" name="StageAdminGuard Tournament Creator Access should allow access for tournament creator" time="0.005">
    </testcase>
    <testcase classname="StageAdminGuard Tournament Creator Access should get stageId from request body if not in params" name="StageAdminGuard Tournament Creator Access should get stageId from request body if not in params" time="0.015">
    </testcase>
    <testcase classname="StageAdminGuard Tournament Creator Access should get stageId from query if not in params or body" name="StageAdminGuard Tournament Creator Access should get stageId from query if not in params or body" time="0.002">
    </testcase>
    <testcase classname="StageAdminGuard Group Admin Access should allow access for group admin" name="StageAdminGuard Group Admin Access should allow access for group admin" time="0.002">
    </testcase>
    <testcase classname="StageAdminGuard Group Admin Access should deny access if tournament has no affiliated group" name="StageAdminGuard Group Admin Access should deny access if tournament has no affiliated group" time="0.003">
    </testcase>
    <testcase classname="StageAdminGuard Group Admin Access should deny access if user is not group admin" name="StageAdminGuard Group Admin Access should deny access if user is not group admin" time="0.002">
    </testcase>
    <testcase classname="StageAdminGuard Failed Access Scenarios should deny access when stageId is not provided" name="StageAdminGuard Failed Access Scenarios should deny access when stageId is not provided" time="0.015">
    </testcase>
    <testcase classname="StageAdminGuard Failed Access Scenarios should deny access when stage is not found" name="StageAdminGuard Failed Access Scenarios should deny access when stage is not found" time="0.003">
    </testcase>
    <testcase classname="StageAdminGuard Failed Access Scenarios should deny access when tournament is not found" name="StageAdminGuard Failed Access Scenarios should deny access when tournament is not found" time="0.004">
    </testcase>
    <testcase classname="StageAdminGuard Failed Access Scenarios should deny access when user is not creator and not group admin" name="StageAdminGuard Failed Access Scenarios should deny access when user is not creator and not group admin" time="0.002">
    </testcase>
  </testsuite>
  <testsuite name="GroupController" errors="0" failures="0" skipped="0" timestamp="2025-04-09T02:11:00" time="0.604" tests="13">
    <testcase classname="GroupController should be defined" name="GroupController should be defined" time="0.007">
    </testcase>
    <testcase classname="GroupController create should create a group" name="GroupController create should create a group" time="0.004">
    </testcase>
    <testcase classname="GroupController findAll should return array of groups with metadata" name="GroupController findAll should return array of groups with metadata" time="0.008">
    </testcase>
    <testcase classname="GroupController findOne should return a group with BASE response type" name="GroupController findOne should return a group with BASE response type" time="0.013">
    </testcase>
    <testcase classname="GroupController findOne should return a group with MINI response type" name="GroupController findOne should return a group with MINI response type" time="0.004">
    </testcase>
    <testcase classname="GroupController findOne should return a group with MINI_WITH_LOGO response type" name="GroupController findOne should return a group with MINI_WITH_LOGO response type" time="0.003">
    </testcase>
    <testcase classname="GroupController findOne should return a group with MINI_WITH_COUNTRY response type" name="GroupController findOne should return a group with MINI_WITH_COUNTRY response type" time="0.003">
    </testcase>
    <testcase classname="GroupController findOne should return a group with EXTENDED response type" name="GroupController findOne should return a group with EXTENDED response type" time="0.003">
    </testcase>
    <testcase classname="GroupController update should update a group" name="GroupController update should update a group" time="0.003">
    </testcase>
    <testcase classname="GroupController remove should remove a group" name="GroupController remove should remove a group" time="0.006">
    </testcase>
    <testcase classname="GroupController getGroupMembers should return group members" name="GroupController getGroupMembers should return group members" time="0.003">
    </testcase>
    <testcase classname="GroupController getGroupTournaments should return group tournaments" name="GroupController getGroupTournaments should return group tournaments" time="0.016">
    </testcase>
    <testcase classname="GroupController getGroupFollowers should return group followers" name="GroupController getGroupFollowers should return group followers" time="0.003">
    </testcase>
  </testsuite>
  <testsuite name="RosterController" errors="0" failures="0" skipped="0" timestamp="2025-04-09T02:11:00" time="0.739" tests="8">
    <testcase classname="RosterController findAll should return rosters with metadata" name="RosterController findAll should return rosters with metadata" time="0.009">
    </testcase>
    <testcase classname="RosterController findOne should return a single roster" name="RosterController findOne should return a single roster" time="0.004">
    </testcase>
    <testcase classname="RosterController update should update a roster" name="RosterController update should update a roster" time="0.004">
    </testcase>
    <testcase classname="RosterController findByStage should return rosters for a stage with metadata" name="RosterController findByStage should return rosters for a stage with metadata" time="0.003">
    </testcase>
    <testcase classname="RosterController findByParticipation should return rosters for a participation with metadata" name="RosterController findByParticipation should return rosters for a participation with metadata" time="0.003">
    </testcase>
    <testcase classname="RosterController findByUser should return rosters for a user with metadata" name="RosterController findByUser should return rosters for a user with metadata" time="0.003">
    </testcase>
    <testcase classname="RosterController findByGroup should return rosters for a group with metadata" name="RosterController findByGroup should return rosters for a group with metadata" time="0.003">
    </testcase>
    <testcase classname="RosterController create should create a roster" name="RosterController create should create a roster" time="0.003">
    </testcase>
  </testsuite>
  <testsuite name="CanCancelParticipationGuard" errors="0" failures="0" skipped="0" timestamp="2025-04-09T02:11:00" time="0.582" tests="9">
    <testcase classname="CanCancelParticipationGuard canActivate should allow tournament creator to cancel any participation" name="CanCancelParticipationGuard canActivate should allow tournament creator to cancel any participation" time="0.008">
    </testcase>
    <testcase classname="CanCancelParticipationGuard canActivate should allow user to cancel their own solo participation" name="CanCancelParticipationGuard canActivate should allow user to cancel their own solo participation" time="0.002">
    </testcase>
    <testcase classname="CanCancelParticipationGuard canActivate should allow group admin to cancel group participation" name="CanCancelParticipationGuard canActivate should allow group admin to cancel group participation" time="0.003">
    </testcase>
    <testcase classname="CanCancelParticipationGuard canActivate should allow affiliated group admin to cancel any participation" name="CanCancelParticipationGuard canActivate should allow affiliated group admin to cancel any participation" time="0.003">
    </testcase>
    <testcase classname="CanCancelParticipationGuard canActivate should deny non-admin user canceling other user participation" name="CanCancelParticipationGuard canActivate should deny non-admin user canceling other user participation" time="0.044">
    </testcase>
    <testcase classname="CanCancelParticipationGuard canActivate should deny non-admin user canceling group participation" name="CanCancelParticipationGuard canActivate should deny non-admin user canceling group participation" time="0.011">
    </testcase>
    <testcase classname="CanCancelParticipationGuard canActivate should deny cancellation if tournament has ended" name="CanCancelParticipationGuard canActivate should deny cancellation if tournament has ended" time="0.004">
    </testcase>
    <testcase classname="CanCancelParticipationGuard canActivate should throw error if participation not found" name="CanCancelParticipationGuard canActivate should throw error if participation not found" time="0.002">
    </testcase>
    <testcase classname="CanCancelParticipationGuard canActivate should handle missing tournament gracefully" name="CanCancelParticipationGuard canActivate should handle missing tournament gracefully" time="0.002">
    </testcase>
  </testsuite>
  <testsuite name="CanRosterBeUsedGuard" errors="0" failures="0" skipped="0" timestamp="2025-04-09T02:11:00" time="0.614" tests="16">
    <testcase classname="CanRosterBeUsedGuard should be defined" name="CanRosterBeUsedGuard should be defined" time="0.005">
    </testcase>
    <testcase classname="CanRosterBeUsedGuard canActivate should return true for admin user regardless of other conditions" name="CanRosterBeUsedGuard canActivate should return true for admin user regardless of other conditions" time="0.012">
    </testcase>
    <testcase classname="CanRosterBeUsedGuard canActivate should throw BadRequestException if rosterId is provided but roster not found" name="CanRosterBeUsedGuard canActivate should throw BadRequestException if rosterId is provided but roster not found" time="0.05">
    </testcase>
    <testcase classname="CanRosterBeUsedGuard canActivate should use roster participationId and stageId if rosterId is provided" name="CanRosterBeUsedGuard canActivate should use roster participationId and stageId if rosterId is provided" time="0.002">
    </testcase>
    <testcase classname="CanRosterBeUsedGuard canActivate should throw BadRequestException if participationId and stageId are missing" name="CanRosterBeUsedGuard canActivate should throw BadRequestException if participationId and stageId are missing" time="0.003">
    </testcase>
    <testcase classname="CanRosterBeUsedGuard canActivate should throw BadRequestException if members are missing or empty" name="CanRosterBeUsedGuard canActivate should throw BadRequestException if members are missing or empty" time="0.003">
    </testcase>
    <testcase classname="CanRosterBeUsedGuard canActivate should throw ForbiddenException if participation does not exist" name="CanRosterBeUsedGuard canActivate should throw ForbiddenException if participation does not exist" time="0.002">
    </testcase>
    <testcase classname="CanRosterBeUsedGuard canActivate should throw ForbiddenException if stage does not exist" name="CanRosterBeUsedGuard canActivate should throw ForbiddenException if stage does not exist" time="0.003">
    </testcase>
    <testcase classname="CanRosterBeUsedGuard canActivate should throw ForbiddenException if stage tournamentId does not match participation tournamentId" name="CanRosterBeUsedGuard canActivate should throw ForbiddenException if stage tournamentId does not match participation tournamentId" time="0.003">
    </testcase>
    <testcase classname="CanRosterBeUsedGuard canActivate should validate solo participation (user is the only member)" name="CanRosterBeUsedGuard canActivate should validate solo participation (user is the only member)" time="0.002">
    </testcase>
    <testcase classname="CanRosterBeUsedGuard canActivate should throw ForbiddenException for solo participation with different user" name="CanRosterBeUsedGuard canActivate should throw ForbiddenException for solo participation with different user" time="0.002">
    </testcase>
    <testcase classname="CanRosterBeUsedGuard canActivate should validate team participation (user is admin and all members are in group)" name="CanRosterBeUsedGuard canActivate should validate team participation (user is admin and all members are in group)" time="0.003">
    </testcase>
    <testcase classname="CanRosterBeUsedGuard canActivate should throw ForbiddenException if user is not admin of the group" name="CanRosterBeUsedGuard canActivate should throw ForbiddenException if user is not admin of the group" time="0.003">
    </testcase>
    <testcase classname="CanRosterBeUsedGuard canActivate should throw ForbiddenException if any member is not in the group" name="CanRosterBeUsedGuard canActivate should throw ForbiddenException if any member is not in the group" time="0.01">
    </testcase>
    <testcase classname="CanRosterBeUsedGuard canActivate should throw ForbiddenException if any member is already in another roster" name="CanRosterBeUsedGuard canActivate should throw ForbiddenException if any member is already in another roster" time="0.003">
    </testcase>
    <testcase classname="CanRosterBeUsedGuard canActivate should throw ForbiddenException if any member is not tournament eligible" name="CanRosterBeUsedGuard canActivate should throw ForbiddenException if any member is not tournament eligible" time="0.002">
    </testcase>
  </testsuite>
  <testsuite name="LfgController" errors="0" failures="0" skipped="0" timestamp="2025-04-09T02:11:00" time="0.531" tests="6">
    <testcase classname="LfgController should be defined" name="LfgController should be defined" time="0.008">
    </testcase>
    <testcase classname="LfgController findMyLFG should return user LFG posts" name="LfgController findMyLFG should return user LFG posts" time="0.005">
    </testcase>
    <testcase classname="LfgController findPlayers should return players for a group" name="LfgController findPlayers should return players for a group" time="0.008">
    </testcase>
    <testcase classname="LfgController create should create an LFG post" name="LfgController create should create an LFG post" time="0.004">
    </testcase>
    <testcase classname="LfgController update should update an LFG post" name="LfgController update should update an LFG post" time="0.003">
    </testcase>
    <testcase classname="LfgController delete should delete an LFG post" name="LfgController delete should delete an LFG post" time="0.002">
    </testcase>
  </testsuite>
  <testsuite name="AuthService" errors="0" failures="0" skipped="0" timestamp="2025-04-09T02:11:01" time="0.582" tests="18">
    <testcase classname="AuthService verifyAsyncWithCredentials should throw NotFoundException if user not found" name="AuthService verifyAsyncWithCredentials should throw NotFoundException if user not found" time="0.025">
    </testcase>
    <testcase classname="AuthService verifyAsyncWithCredentials should throw UnauthorizedException if password is incorrect" name="AuthService verifyAsyncWithCredentials should throw UnauthorizedException if password is incorrect" time="0.003">
    </testcase>
    <testcase classname="AuthService verifyAsyncWithCredentials should return tokens if credentials are valid" name="AuthService verifyAsyncWithCredentials should return tokens if credentials are valid" time="0.003">
    </testcase>
    <testcase classname="AuthService getTokens should generate access and refresh tokens" name="AuthService getTokens should generate access and refresh tokens" time="0.003">
    </testcase>
    <testcase classname="AuthService refreshTokens should throw UnauthorizedException if refresh token is invalid" name="AuthService refreshTokens should throw UnauthorizedException if refresh token is invalid" time="0.004">
    </testcase>
    <testcase classname="AuthService refreshTokens should return new tokens if refresh token is valid" name="AuthService refreshTokens should return new tokens if refresh token is valid" time="0.004">
    </testcase>
    <testcase classname="AuthService validateUser should return user if found by email" name="AuthService validateUser should return user if found by email" time="0.002">
    </testcase>
    <testcase classname="AuthService validateUser should return null if user not found" name="AuthService validateUser should return null if user not found" time="0.002">
    </testcase>
    <testcase classname="AuthService passwordResetRequest should throw NotFoundException if user not found" name="AuthService passwordResetRequest should throw NotFoundException if user not found" time="0.004">
    </testcase>
    <testcase classname="AuthService passwordResetRequest should generate reset token and send email" name="AuthService passwordResetRequest should generate reset token and send email" time="0.003">
    </testcase>
    <testcase classname="AuthService passwordReset should throw UnauthorizedException if token is invalid" name="AuthService passwordReset should throw UnauthorizedException if token is invalid" time="0.003">
    </testcase>
    <testcase classname="AuthService passwordReset should throw UnauthorizedException if token type is not password-reset" name="AuthService passwordReset should throw UnauthorizedException if token type is not password-reset" time="0.002">
    </testcase>
    <testcase classname="AuthService passwordReset should throw NotFoundException if user not found" name="AuthService passwordReset should throw NotFoundException if user not found" time="0.002">
    </testcase>
    <testcase classname="AuthService passwordReset should update user password if token is valid" name="AuthService passwordReset should update user password if token is valid" time="0.009">
    </testcase>
    <testcase classname="AuthService emailConfirmation should throw UnauthorizedException if token is invalid" name="AuthService emailConfirmation should throw UnauthorizedException if token is invalid" time="0.002">
    </testcase>
    <testcase classname="AuthService emailConfirmation should throw UnauthorizedException if token type is not email-confirmation" name="AuthService emailConfirmation should throw UnauthorizedException if token type is not email-confirmation" time="0.002">
    </testcase>
    <testcase classname="AuthService emailConfirmation should throw NotFoundException if user not found" name="AuthService emailConfirmation should throw NotFoundException if user not found" time="0.002">
    </testcase>
    <testcase classname="AuthService emailConfirmation should confirm user email if token is valid" name="AuthService emailConfirmation should confirm user email if token is valid" time="0.002">
    </testcase>
  </testsuite>
  <testsuite name="AuthController" errors="0" failures="0" skipped="0" timestamp="2025-04-09T02:11:00" time="0.976" tests="12">
    <testcase classname="AuthController login should return tokens on successful login" name="AuthController login should return tokens on successful login" time="0.01">
    </testcase>
    <testcase classname="AuthController login should propagate errors from auth service" name="AuthController login should propagate errors from auth service" time="0.022">
    </testcase>
    <testcase classname="AuthController refresh should return new tokens on successful refresh" name="AuthController refresh should return new tokens on successful refresh" time="0.004">
    </testcase>
    <testcase classname="AuthController refresh should propagate errors from auth service" name="AuthController refresh should propagate errors from auth service" time="0.004">
    </testcase>
    <testcase classname="AuthController authCallback should return tokens for Google OAuth callback" name="AuthController authCallback should return tokens for Google OAuth callback" time="0.003">
    </testcase>
    <testcase classname="AuthController authCallback should propagate errors from auth service" name="AuthController authCallback should propagate errors from auth service" time="0.003">
    </testcase>
    <testcase classname="AuthController passwordResetRequest should call auth service with correct email" name="AuthController passwordResetRequest should call auth service with correct email" time="0.005">
    </testcase>
    <testcase classname="AuthController passwordResetRequest should propagate errors from auth service" name="AuthController passwordResetRequest should propagate errors from auth service" time="0.017">
    </testcase>
    <testcase classname="AuthController passwordReset should call auth service with correct token and password" name="AuthController passwordReset should call auth service with correct token and password" time="0.004">
    </testcase>
    <testcase classname="AuthController passwordReset should propagate errors from auth service" name="AuthController passwordReset should propagate errors from auth service" time="0.002">
    </testcase>
    <testcase classname="AuthController emailConfirmation should call auth service with correct token" name="AuthController emailConfirmation should call auth service with correct token" time="0.003">
    </testcase>
    <testcase classname="AuthController emailConfirmation should propagate errors from auth service" name="AuthController emailConfirmation should propagate errors from auth service" time="0.004">
    </testcase>
  </testsuite>
  <testsuite name="LFPController" errors="0" failures="0" skipped="0" timestamp="2025-04-09T02:11:01" time="0.416" tests="5">
    <testcase classname="LFPController createLFP should create an LFP post" name="LFPController createLFP should create an LFP post" time="0.008">
    </testcase>
    <testcase classname="LFPController getForGroup should get LFP posts for a group" name="LFPController getForGroup should get LFP posts for a group" time="0.003">
    </testcase>
    <testcase classname="LFPController getGroups should get groups based on query parameters" name="LFPController getGroups should get groups based on query parameters" time="0.002">
    </testcase>
    <testcase classname="LFPController updateLFP should update an LFP post" name="LFPController updateLFP should update an LFP post" time="0.002">
    </testcase>
    <testcase classname="LFPController deleteLFP should delete an LFP post" name="LFPController deleteLFP should delete an LFP post" time="0.004">
    </testcase>
  </testsuite>
  <testsuite name="Roster DTOs" errors="0" failures="0" skipped="0" timestamp="2025-04-09T02:11:01" time="0.269" tests="14">
    <testcase classname="Roster DTOs CreateRosterMemberDto should validate a valid member" name="Roster DTOs CreateRosterMemberDto should validate a valid member" time="0.002">
    </testcase>
    <testcase classname="Roster DTOs CreateRosterMemberDto should fail with non-numeric userId" name="Roster DTOs CreateRosterMemberDto should fail with non-numeric userId" time="0.001">
    </testcase>
    <testcase classname="Roster DTOs CreateRosterMemberDto should fail with negative userId" name="Roster DTOs CreateRosterMemberDto should fail with negative userId" time="0.001">
    </testcase>
    <testcase classname="Roster DTOs CreateRosterMemberDto should transform string userId to number" name="Roster DTOs CreateRosterMemberDto should transform string userId to number" time="0.001">
    </testcase>
    <testcase classname="Roster DTOs CreateRosterMemberDto should transform isSubstitute to boolean" name="Roster DTOs CreateRosterMemberDto should transform isSubstitute to boolean" time="0">
    </testcase>
    <testcase classname="Roster DTOs CreateRosterMemberDto should default isSubstitute to false if not provided" name="Roster DTOs CreateRosterMemberDto should default isSubstitute to false if not provided" time="0">
    </testcase>
    <testcase classname="Roster DTOs CreateRosterDto should validate a valid roster creation request" name="Roster DTOs CreateRosterDto should validate a valid roster creation request" time="0.001">
    </testcase>
    <testcase classname="Roster DTOs CreateRosterDto should fail with empty members array" name="Roster DTOs CreateRosterDto should fail with empty members array" time="0">
    </testcase>
    <testcase classname="Roster DTOs CreateRosterDto should fail with invalid members" name="Roster DTOs CreateRosterDto should fail with invalid members" time="0">
    </testcase>
    <testcase classname="Roster DTOs QueryRosterDto should validate a valid query with all optional fields" name="Roster DTOs QueryRosterDto should validate a valid query with all optional fields" time="0.001">
    </testcase>
    <testcase classname="Roster DTOs QueryRosterDto should validate a query with no fields" name="Roster DTOs QueryRosterDto should validate a query with no fields" time="0.001">
    </testcase>
    <testcase classname="Roster DTOs QueryRosterDto should transform string values to appropriate types" name="Roster DTOs QueryRosterDto should transform string values to appropriate types" time="0.006">
    </testcase>
    <testcase classname="Roster DTOs QueryRosterDto should fail with negative numeric values" name="Roster DTOs QueryRosterDto should fail with negative numeric values" time="0.001">
    </testcase>
    <testcase classname="Roster DTOs QueryRosterDto should fail with non-numeric values for numeric fields" name="Roster DTOs QueryRosterDto should fail with non-numeric values for numeric fields" time="0">
    </testcase>
  </testsuite>
  <testsuite name="QuizController" errors="0" failures="0" skipped="0" timestamp="2025-04-09T02:11:01" time="0.435" tests="8">
    <testcase classname="QuizController should be defined" name="QuizController should be defined" time="0.019">
    </testcase>
    <testcase classname="QuizController findAll should return all quizzes with metadata" name="QuizController findAll should return all quizzes with metadata" time="0.008">
    </testcase>
    <testcase classname="QuizController findOne should return a quiz by id" name="QuizController findOne should return a quiz by id" time="0.004">
    </testcase>
    <testcase classname="QuizController create should create a new quiz" name="QuizController create should create a new quiz" time="0.006">
    </testcase>
    <testcase classname="QuizController update should update a quiz" name="QuizController update should update a quiz" time="0.003">
    </testcase>
    <testcase classname="QuizController remove should remove a quiz" name="QuizController remove should remove a quiz" time="0.003">
    </testcase>
    <testcase classname="QuizController autoComplete should return quizzes matching the search term" name="QuizController autoComplete should return quizzes matching the search term" time="0.002">
    </testcase>
    <testcase classname="QuizController getAuthoredQuizzes should return quizzes authored by the user" name="QuizController getAuthoredQuizzes should return quizzes authored by the user" time="0.003">
    </testcase>
  </testsuite>
  <testsuite name="NotificationsService" errors="0" failures="0" skipped="0" timestamp="2025-04-09T02:11:01" time="0.674" tests="8">
    <testcase classname="NotificationsService should throw an error if Firebase credentials are not set" name="NotificationsService should throw an error if Firebase credentials are not set" time="0.026">
    </testcase>
    <testcase classname="NotificationsService should be defined" name="NotificationsService should be defined" time="0.002">
    </testcase>
    <testcase classname="NotificationsService sendNotificationToUser should send notification to user" name="NotificationsService sendNotificationToUser should send notification to user" time="0.003">
    </testcase>
    <testcase classname="NotificationsService sendNotificationToUser should throw InternalServerErrorException if sending notification fails" name="NotificationsService sendNotificationToUser should throw InternalServerErrorException if sending notification fails" time="0.026">
    </testcase>
    <testcase classname="NotificationsService sendNotification should send notification" name="NotificationsService sendNotification should send notification" time="0.002">
    </testcase>
    <testcase classname="NotificationsService sendNotification should throw InternalServerErrorException if sending notification fails" name="NotificationsService sendNotification should throw InternalServerErrorException if sending notification fails" time="0.025">
    </testcase>
    <testcase classname="NotificationsService sendMulticastNotification should send multicast notification" name="NotificationsService sendMulticastNotification should send multicast notification" time="0.002">
    </testcase>
    <testcase classname="NotificationsService sendMulticastNotification should throw InternalServerErrorException if sending multicast notification fails" name="NotificationsService sendMulticastNotification should throw InternalServerErrorException if sending multicast notification fails" time="0.009">
    </testcase>
  </testsuite>
  <testsuite name="StageController" errors="0" failures="1" skipped="0" timestamp="2025-04-09T02:10:49" time="12.403" tests="8">
    <testcase classname="StageController findAll should return stages with metadata" name="StageController findAll should return stages with metadata" time="0.024">
    </testcase>
    <testcase classname="StageController findOne should return a single stage" name="StageController findOne should return a single stage" time="0.004">
    </testcase>
    <testcase classname="StageController create should create a stage" name="StageController create should create a stage" time="0.009">
    </testcase>
    <testcase classname="StageController update should update a stage" name="StageController update should update a stage" time="0.012">
    </testcase>
    <testcase classname="StageController remove should remove a stage" name="StageController remove should remove a stage" time="0.004">
    </testcase>
    <testcase classname="StageController getManagedStages should return stages managed by the user" name="StageController getManagedStages should return stages managed by the user" time="0.007">
      <failure>Error: expect(received).toEqual(expected) // deep equality

Expected: {&quot;metadata&quot;: Any&lt;Object&gt;, &quot;results&quot;: [{&quot;description&quot;: &quot;Test Description&quot;, &quot;endDate&quot;: 2025-04-09T02:11:02.084Z, &quot;id&quot;: 1, &quot;location&quot;: {&quot;apiId&quot;: &quot;test-location&quot;, &quot;coordinates&quot;: [12.345678, 12.345678], &quot;id&quot;: 1, &quot;name&quot;: &quot;Test Location&quot;}, &quot;locationId&quot;: 1, &quot;logo&quot;: &quot;https://example.com/logo.png&quot;, &quot;name&quot;: &quot;Test Stage&quot;, &quot;rostersParticipating&quot;: 4, &quot;stageStatus&quot;: &quot;upcoming&quot;, &quot;stageType&quot;: &quot;knockout&quot;, &quot;startDate&quot;: 2025-04-09T02:11:02.084Z, &quot;tournamentId&quot;: 1}]}
Received: [{&quot;description&quot;: &quot;Test Description&quot;, &quot;endDate&quot;: 2025-04-09T02:11:02.084Z, &quot;id&quot;: 1, &quot;location&quot;: {&quot;apiId&quot;: &quot;test-location&quot;, &quot;coordinates&quot;: [12.345678, 12.345678], &quot;id&quot;: 1, &quot;name&quot;: &quot;Test Location&quot;}, &quot;locationId&quot;: 1, &quot;logo&quot;: &quot;https://example.com/logo.png&quot;, &quot;name&quot;: &quot;Test Stage&quot;, &quot;rostersParticipating&quot;: 4, &quot;stageStatus&quot;: &quot;upcoming&quot;, &quot;stageType&quot;: &quot;knockout&quot;, &quot;startDate&quot;: 2025-04-09T02:11:02.084Z, &quot;tournamentId&quot;: 1}]
    at Object.&lt;anonymous&gt; (/home/drmodun/repos/tournament-app/apps/api/src/stage/tests/stage.controller.spec.ts:204:22)
    at processTicksAndRejections (node:internal/process/task_queues:95:5)</failure>
    </testcase>
    <testcase classname="StageController getManagedStages should pass the correct user ID to the service" name="StageController getManagedStages should pass the correct user ID to the service" time="0.003">
    </testcase>
    <testcase classname="StageController startStage should start a stage" name="StageController startStage should start a stage" time="0.003">
    </testcase>
  </testsuite>
  <testsuite name="TournamentIsFakePlayersAllowedGuard" errors="0" failures="0" skipped="0" timestamp="2025-04-09T02:11:02" time="0.353" tests="10">
    <testcase classname="TournamentIsFakePlayersAllowedGuard canActivate - Solo Player should allow real player participation" name="TournamentIsFakePlayersAllowedGuard canActivate - Solo Player should allow real player participation" time="0.008">
    </testcase>
    <testcase classname="TournamentIsFakePlayersAllowedGuard canActivate - Solo Player should allow fake player in unranked tournament that allows fake players" name="TournamentIsFakePlayersAllowedGuard canActivate - Solo Player should allow fake player in unranked tournament that allows fake players" time="0.016">
    </testcase>
    <testcase classname="TournamentIsFakePlayersAllowedGuard canActivate - Solo Player should deny fake player in tournament that does not allow fake players" name="TournamentIsFakePlayersAllowedGuard canActivate - Solo Player should deny fake player in tournament that does not allow fake players" time="0.019">
    </testcase>
    <testcase classname="TournamentIsFakePlayersAllowedGuard canActivate - Solo Player should deny fake player in ranked tournament" name="TournamentIsFakePlayersAllowedGuard canActivate - Solo Player should deny fake player in ranked tournament" time="0.002">
    </testcase>
    <testcase classname="TournamentIsFakePlayersAllowedGuard canActivate - Solo Player should throw BadRequestException when userId is not provided" name="TournamentIsFakePlayersAllowedGuard canActivate - Solo Player should throw BadRequestException when userId is not provided" time="0.002">
    </testcase>
    <testcase classname="TournamentIsFakePlayersAllowedGuard canActivate - Team should allow real group participation" name="TournamentIsFakePlayersAllowedGuard canActivate - Team should allow real group participation" time="0.002">
    </testcase>
    <testcase classname="TournamentIsFakePlayersAllowedGuard canActivate - Team should allow fake group in unranked tournament that allows fake players" name="TournamentIsFakePlayersAllowedGuard canActivate - Team should allow fake group in unranked tournament that allows fake players" time="0.002">
    </testcase>
    <testcase classname="TournamentIsFakePlayersAllowedGuard canActivate - Team should deny fake group in tournament that does not allow fake players" name="TournamentIsFakePlayersAllowedGuard canActivate - Team should deny fake group in tournament that does not allow fake players" time="0.002">
    </testcase>
    <testcase classname="TournamentIsFakePlayersAllowedGuard canActivate - Team should deny fake group in ranked tournament" name="TournamentIsFakePlayersAllowedGuard canActivate - Team should deny fake group in ranked tournament" time="0.002">
    </testcase>
    <testcase classname="TournamentIsFakePlayersAllowedGuard canActivate - Team should throw BadRequestException when groupId is not provided" name="TournamentIsFakePlayersAllowedGuard canActivate - Team should throw BadRequestException when groupId is not provided" time="0.002">
    </testcase>
  </testsuite>
  <testsuite name="GroupInvitesService" errors="0" failures="0" skipped="0" timestamp="2025-04-09T02:11:02" time="0.317" tests="16">
    <testcase classname="GroupInvitesService should be defined" name="GroupInvitesService should be defined" time="0.006">
    </testcase>
    <testcase classname="GroupInvitesService create should create a group invite and send notification" name="GroupInvitesService create should create a group invite and send notification" time="0.005">
    </testcase>
    <testcase classname="GroupInvitesService create should throw BadRequestException if user is already a member" name="GroupInvitesService create should throw BadRequestException if user is already a member" time="0.02">
    </testcase>
    <testcase classname="GroupInvitesService sendNotificationToInvitedUser should send notification to invited user" name="GroupInvitesService sendNotificationToInvitedUser should send notification to invited user" time="0.002">
    </testcase>
    <testcase classname="GroupInvitesService findAll should return an array of group invites" name="GroupInvitesService findAll should return an array of group invites" time="0.002">
    </testcase>
[...]
    <testcase classname="InterestService checkIfInterestExists should return true if interest exists" name="InterestService checkIfInterestExists should return true if interest exists" time="0.007">
    </testcase>
    <testcase classname="InterestService checkIfInterestExists should return false if interest does not exist" name="InterestService checkIfInterestExists should return false if interest does not exist" time="0.003">
    </testcase>
    <testcase classname="InterestService createInterest should create an interest if it does not exist" name="InterestService createInterest should create an interest if it does not exist" time="0.002">
    </testcase>
    <testcase classname="InterestService createInterest should throw BadRequestException if interest already exists" name="InterestService createInterest should throw BadRequestException if interest already exists" time="0.016">
    </testcase>
    <testcase classname="InterestService deleteInterest should delete an interest if it exists" name="InterestService deleteInterest should delete an interest if it exists" time="0.005">
    </testcase>
    <testcase classname="InterestService deleteInterest should throw BadRequestException if interest does not exist" name="InterestService deleteInterest should throw BadRequestException if interest does not exist" time="0.003">
    </testcase>
    <testcase classname="InterestService getInterestCategories should return interest categories" name="InterestService getInterestCategories should return interest categories" time="0.004">
    </testcase>
  </testsuite>
  <testsuite name="TeamTypeTournamentParticipationGuard" errors="0" failures="0" skipped="0" timestamp="2025-04-09T02:11:04" time="0.168" tests="7">
    <testcase classname="TeamTypeTournamentParticipationGuard getTeamTypeFromUrl should return SOLO for solo application URL" name="TeamTypeTournamentParticipationGuard getTeamTypeFromUrl should return SOLO for solo application URL" time="0.005">
    </testcase>
    <testcase classname="TeamTypeTournamentParticipationGuard getTeamTypeFromUrl should return TEAM for team application URL" name="TeamTypeTournamentParticipationGuard getTeamTypeFromUrl should return TEAM for team application URL" time="0.005">
    </testcase>
    <testcase classname="TeamTypeTournamentParticipationGuard getTeamTypeFromUrl should throw error for invalid URL" name="TeamTypeTournamentParticipationGuard getTeamTypeFromUrl should throw error for invalid URL" time="0.011">
    </testcase>
    <testcase classname="TeamTypeTournamentParticipationGuard canActivate should allow solo participation in solo tournament" name="TeamTypeTournamentParticipationGuard canActivate should allow solo participation in solo tournament" time="0.003">
    </testcase>
    <testcase classname="TeamTypeTournamentParticipationGuard canActivate should allow team participation in team tournament" name="TeamTypeTournamentParticipationGuard canActivate should allow team participation in team tournament" time="0.001">
    </testcase>
    <testcase classname="TeamTypeTournamentParticipationGuard canActivate should deny solo participation in team tournament" name="TeamTypeTournamentParticipationGuard canActivate should deny solo participation in team tournament" time="0.01">
    </testcase>
    <testcase classname="TeamTypeTournamentParticipationGuard canActivate should deny team participation in solo tournament" name="TeamTypeTournamentParticipationGuard canActivate should deny team participation in solo tournament" time="0.002">
    </testcase>
  </testsuite>
  <testsuite name="RefreshToken" errors="0" failures="0" skipped="0" timestamp="2025-04-09T02:11:05" time="0.078" tests="2">
    <testcase classname="RefreshToken should return refreshToken from request" name="RefreshToken should return refreshToken from request" time="0.001">
    </testcase>
    <testcase classname="RefreshToken should return null if user is not present in request" name="RefreshToken should return null if user is not present in request" time="0.001">
    </testcase>
  </testsuite>
  <testsuite name="AppController" errors="0" failures="0" skipped="0" timestamp="2025-04-09T02:11:05" time="0.119" tests="1">
    <testcase classname="AppController root should return &quot;Hello World!&quot;" name="AppController root should return &quot;Hello World!&quot;" time="0.008">
    </testcase>
  </testsuite>
  <testsuite name="PostgresExceptionFilter" errors="0" failures="0" skipped="0" timestamp="2025-04-09T02:11:05" time="0.107" tests="8">
    <testcase classname="PostgresExceptionFilter should handle PostgresError with code 23505" name="PostgresExceptionFilter should handle PostgresError with code 23505" time="0.019">
    </testcase>
    <testcase classname="PostgresExceptionFilter should handle PostgresError with code 23503" name="PostgresExceptionFilter should handle PostgresError with code 23503" time="0.001">
    </testcase>
    <testcase classname="PostgresExceptionFilter should handle PostgresError with code 42P01" name="PostgresExceptionFilter should handle PostgresError with code 42P01" time="0">
    </testcase>
    <testcase classname="PostgresExceptionFilter should handle PostgresError with code 42703" name="PostgresExceptionFilter should handle PostgresError with code 42703" time="0.001">
    </testcase>
    <testcase classname="PostgresExceptionFilter should handle PostgresError with code 08006" name="PostgresExceptionFilter should handle PostgresError with code 08006" time="0.002">
    </testcase>
    <testcase classname="PostgresExceptionFilter should handle PostgresError with code 53300" name="PostgresExceptionFilter should handle PostgresError with code 53300" time="0.001">
    </testcase>
    <testcase classname="PostgresExceptionFilter should handle PostgresError with code 57014" name="PostgresExceptionFilter should handle PostgresError with code 57014" time="0.002">
    </testcase>
    <testcase classname="PostgresExceptionFilter should handle unknown PostgresError code" name="PostgresExceptionFilter should handle unknown PostgresError code" time="0.001">
    </testcase>
  </testsuite>
  <testsuite name="PublicTournamentParticipationGuard" errors="0" failures="0" skipped="0" timestamp="2025-04-09T02:11:05" time="0.163" tests="3">
    <testcase classname="PublicTournamentParticipationGuard canActivate should allow participation when tournament is public" name="PublicTournamentParticipationGuard canActivate should allow participation when tournament is public" time="0.006">
    </testcase>
    <testcase classname="PublicTournamentParticipationGuard canActivate should deny participation when tournament is not public" name="PublicTournamentParticipationGuard canActivate should deny participation when tournament is not public" time="0.013">
    </testcase>
    <testcase classname="PublicTournamentParticipationGuard canActivate should deny participation when tournament is undefined" name="PublicTournamentParticipationGuard canActivate should deny participation when tournament is undefined" time="0.003">
    </testcase>
  </testsuite>
  <testsuite name="NotificationTemplatesFiller" errors="0" failures="0" skipped="0" timestamp="2025-04-09T02:11:05" time="0.115" tests="5">
    <testcase classname="NotificationTemplatesFiller compileTemplates should compile all templates" name="NotificationTemplatesFiller compileTemplates should compile all templates" time="0.001">
    </testcase>
    <testcase classname="NotificationTemplatesFiller getTemplate should return the compiled template" name="NotificationTemplatesFiller getTemplate should return the compiled template" time="0.001">
    </testcase>
    <testcase classname="NotificationTemplatesFiller getTemplate should throw an error if template not found" name="NotificationTemplatesFiller getTemplate should throw an error if template not found" time="0.016">
    </testcase>
    <testcase classname="NotificationTemplatesFiller fill should fill the template with provided data" name="NotificationTemplatesFiller fill should fill the template with provided data" time="0.002">
    </testcase>
    <testcase classname="NotificationTemplatesFiller fill should throw an error if required keys are missing" name="NotificationTemplatesFiller fill should throw an error if required keys are missing" time="0.001">
    </testcase>
  </testsuite>
  <testsuite name="TeamTypeExtractor" errors="0" failures="0" skipped="0" timestamp="2025-04-09T02:11:05" time="0.097" tests="7">
    <testcase classname="TeamTypeExtractor getTeamTypeFromUrl should return SOLO for /apply-solo URLs" name="TeamTypeExtractor getTeamTypeFromUrl should return SOLO for /apply-solo URLs" time="0.011">
    </testcase>
    <testcase classname="TeamTypeExtractor getTeamTypeFromUrl should return TEAM for /apply-group URLs" name="TeamTypeExtractor getTeamTypeFromUrl should return TEAM for /apply-group URLs" time="0">
    </testcase>
    <testcase classname="TeamTypeExtractor getTeamTypeFromUrl should return SOLO for /admin/apply-solo URLs" name="TeamTypeExtractor getTeamTypeFromUrl should return SOLO for /admin/apply-solo URLs" time="0.001">
    </testcase>
    <testcase classname="TeamTypeExtractor getTeamTypeFromUrl should return TEAM for /admin/apply-group URLs" name="TeamTypeExtractor getTeamTypeFromUrl should return TEAM for /admin/apply-group URLs" time="0">
    </testcase>
    <testcase classname="TeamTypeExtractor getTeamTypeFromUrl should handle URLs with additional path segments" name="TeamTypeExtractor getTeamTypeFromUrl should handle URLs with additional path segments" time="0">
    </testcase>
    <testcase classname="TeamTypeExtractor getTeamTypeFromUrl should handle URLs with query parameters" name="TeamTypeExtractor getTeamTypeFromUrl should handle URLs with query parameters" time="0">
    </testcase>
    <testcase classname="TeamTypeExtractor getTeamTypeFromUrl should throw error for invalid URLs" name="TeamTypeExtractor getTeamTypeFromUrl should throw error for invalid URLs" time="0.008">
    </testcase>
  </testsuite>
  <testsuite name="CurrentUser" errors="0" failures="0" skipped="0" timestamp="2025-04-09T02:11:05" time="0.085" tests="2">
    <testcase classname="CurrentUser should return user from request" name="CurrentUser should return user from request" time="0.001">
    </testcase>
    <testcase classname="CurrentUser should return null if user is not present in request" name="CurrentUser should return null if user is not present in request" time="0.001">
    </testcase>
  </testsuite>
  <testsuite name="EloHelper" errors="0" failures="0" skipped="0" timestamp="2025-04-09T02:11:05" time="0.049" tests="14">
    <testcase classname="EloHelper expectedScore should calculate expected score correctly for equal ratings" name="EloHelper expectedScore should calculate expected score correctly for equal ratings" time="0.002">
    </testcase>
    <testcase classname="EloHelper expectedScore should calculate expected score correctly for higher rated player" name="EloHelper expectedScore should calculate expected score correctly for higher rated player" time="0">
    </testcase>
    <testcase classname="EloHelper expectedScore should calculate expected score correctly for lower rated player" name="EloHelper expectedScore should calculate expected score correctly for lower rated player" time="0.001">
    </testcase>
    <testcase classname="EloHelper getKFactor should return HIGH_VOLATILITY_K for new players" name="EloHelper getKFactor should return HIGH_VOLATILITY_K for new players" time="0">
    </testcase>
    <testcase classname="EloHelper getKFactor should return HIGH_VOLATILITY_K for players under high volatility threshold" name="EloHelper getKFactor should return HIGH_VOLATILITY_K for players under high volatility threshold" time="0">
    </testcase>
    <testcase classname="EloHelper getKFactor should return MEDIUM_VOLATILITY_K for players in medium range" name="EloHelper getKFactor should return MEDIUM_VOLATILITY_K for players in medium range" time="0">
    </testcase>
    <testcase classname="EloHelper getKFactor should return LOW_VOLATILITY_K for experienced players" name="EloHelper getKFactor should return LOW_VOLATILITY_K for experienced players" time="0">
    </testcase>
    <testcase classname="EloHelper updateRating should increase rating for a win against equal opponent" name="EloHelper updateRating should increase rating for a win against equal opponent" time="0.001">
    </testcase>
    <testcase classname="EloHelper updateRating should decrease rating for a loss against equal opponent" name="EloHelper updateRating should decrease rating for a loss against equal opponent" time="0.001">
    </testcase>
    <testcase classname="EloHelper updateRating should increase rating more for winning against higher rated opponent" name="EloHelper updateRating should increase rating more for winning against higher rated opponent" time="0">
    </testcase>
    <testcase classname="EloHelper updateRating should decrease rating less for losing against higher rated opponent" name="EloHelper updateRating should decrease rating less for losing against higher rated opponent" time="0.001">
    </testcase>
    <testcase classname="EloHelper updateRating should never return a negative rating" name="EloHelper updateRating should never return a negative rating" time="0">
    </testcase>
    <testcase classname="EloHelper updateRating should return rounded integers" name="EloHelper updateRating should return rounded integers" time="0.001">
    </testcase>
    <testcase classname="EloHelper updateRating should apply different K factors based on matches played" name="EloHelper updateRating should apply different K factors based on matches played" time="0">
    </testcase>
  </testsuite>
  <testsuite name="MyNumber" errors="0" failures="0" skipped="0" timestamp="2025-04-09T02:11:05" time="0.108" tests="3">
    <testcase classname="MyNumber should pass validation when maximum is greater than minimum" name="MyNumber should pass validation when maximum is greater than minimum" time="0.002">
    </testcase>
    <testcase classname="MyNumber should fail validation when maximum is less than minimum" name="MyNumber should fail validation when maximum is less than minimum" time="0.001">
    </testcase>
    <testcase classname="MyNumber should fail validation when maximum is equal to minimum" name="MyNumber should fail validation when maximum is equal to minimum" time="0.001">
    </testcase>
  </testsuite>
  <testsuite name="MetadataMaker" errors="0" failures="0" skipped="0" timestamp="2025-04-09T02:11:05" time="0.037" tests="5">
    <testcase classname="MetadataMaker makeMetadataFromQuery should return the correct metadata" name="MetadataMaker makeMetadataFromQuery should return the correct metadata" time="0.001">
    </testcase>
    <testcase classname="MetadataMaker makeLinks should return the correct links" name="MetadataMaker makeLinks should return the correct links" time="0">
    </testcase>
    <testcase classname="MetadataMaker makeLinks should handle URLs without page query parameter" name="MetadataMaker makeLinks should handle URLs without page query parameter" time="0.001">
    </testcase>
    <testcase classname="MetadataMaker makePagination should return the correct pagination" name="MetadataMaker makePagination should return the correct pagination" time="0">
    </testcase>
    <testcase classname="MetadataMaker makePagination should return the correct pagination when returnFullCount is false" name="MetadataMaker makePagination should return the correct pagination when returnFullCount is false" time="0.001">
    </testcase>
  </testsuite>
  <testsuite name="CanAccessAttemptGuard" errors="0" failures="0" skipped="0" timestamp="2025-04-09T02:11:05" time="1.298" tests="5">
    <testcase classname="CanAccessAttemptGuard should be defined" name="CanAccessAttemptGuard should be defined" time="0.006">
    </testcase>
    <testcase classname="CanAccessAttemptGuard canActivate should allow admin users without checking attempt" name="CanAccessAttemptGuard canActivate should allow admin users without checking attempt" time="0.002">
    </testcase>
    <testcase classname="CanAccessAttemptGuard canActivate should check attempt access for non-admin users" name="CanAccessAttemptGuard canActivate should check attempt access for non-admin users" time="0.002">
    </testcase>
    <testcase classname="CanAccessAttemptGuard canActivate should throw NotFoundException when attempt ID is missing" name="CanAccessAttemptGuard canActivate should throw NotFoundException when attempt ID is missing" time="0.01">
    </testcase>
    <testcase classname="CanAccessAttemptGuard canActivate should throw error when attempt access check fails" name="CanAccessAttemptGuard canActivate should throw error when attempt access check fails" time="0.003">
    </testcase>
  </testsuite>
  <testsuite name="SseNotificationsController" errors="0" failures="0" skipped="0" timestamp="2025-04-09T02:11:05" time="2.519" tests="12">
    <testcase classname="SseNotificationsController should be defined" name="SseNotificationsController should be defined" time="0.008">
    </testcase>
    <testcase classname="SseNotificationsController findAll should call service.findAllForUser with correct parameters" name="SseNotificationsController findAll should call service.findAllForUser with correct parameters" time="0.003">
    </testcase>
    <testcase classname="SseNotificationsController findAll should handle empty query parameters" name="SseNotificationsController findAll should handle empty query parameters" time="0.002">
    </testcase>
    <testcase classname="SseNotificationsController requestNewToken should call service.requestNewToken with user id" name="SseNotificationsController requestNewToken should call service.requestNewToken with user id" time="0.005">
    </testcase>
    <testcase classname="SseNotificationsController markAsRead should call service.setAsRead with notification id" name="SseNotificationsController markAsRead should call service.setAsRead with notification id" time="0.002">
    </testcase>
    <testcase classname="SseNotificationsController markAllAsRead should call service.setAllAsReadForUser with user id" name="SseNotificationsController markAllAsRead should call service.setAllAsReadForUser with user id" time="0.002">
    </testcase>
    <testcase classname="SseNotificationsController markBulkAsRead should call service.setBulkAsRead with notification ids" name="SseNotificationsController markBulkAsRead should call service.setBulkAsRead with notification ids" time="0.001">
    </testcase>
    <testcase classname="SseNotificationsController markBulkAsRead should handle empty array of ids" name="SseNotificationsController markBulkAsRead should handle empty array of ids" time="0.001">
    </testcase>
    <testcase classname="SseNotificationsController remove should call service.remove with notification id" name="SseNotificationsController remove should call service.remove with notification id" time="0.002">
    </testcase>
    <testcase classname="SseNotificationsController getNotificationStream should throw UnauthorizedException when token is missing" name="SseNotificationsController getNotificationStream should throw UnauthorizedException when token is missing" time="0.014">
    </testcase>
    <testcase classname="SseNotificationsController getNotificationStream should call service.getUserIdByToken with token and return stream" name="SseNotificationsController getNotificationStream should call service.getUserIdByToken with token and return stream" time="0.003">
    </testcase>
    <testcase classname="SseNotificationsController getNotificationStream should propagate errors from getUserIdByToken" name="SseNotificationsController getNotificationStream should propagate errors from getUserIdByToken" time="0.002">
    </testcase>
  </testsuite>
</testsuites>