<?xml version="1.0" encoding="UTF-8"?>
<testsuites name="jest tests" tests="758" failures="0" errors="0" time="17.717">
  <testsuite name="EmailService" errors="0" failures="0" skipped="0" timestamp="2025-03-03T00:14:37" time="10.431" tests="9">
    <testcase classname="EmailService should throw an error if email credentials are not set" name="EmailService should throw an error if email credentials are not set" time="0.057">
    </testcase>
    <testcase classname="EmailService should generate Mailgun message data" name="EmailService should generate Mailgun message data" time="0.004">
    </testcase>
    <testcase classname="EmailService should return the correct template" name="EmailService should return the correct template" time="0.003">
    </testcase>
    <testcase classname="EmailService should throw an error if the template is not found" name="EmailService should throw an error if the template is not found" time="0.009">
    </testcase>
    <testcase classname="EmailService should validate the data correctly" name="EmailService should validate the data correctly" time="0.003">
    </testcase>
    <testcase classname="EmailService should render the template correctly" name="EmailService should render the template correctly" time="0.003">
    </testcase>
    <testcase classname="EmailService should return the rendered email" name="EmailService should return the rendered email" time="0.002">
    </testcase>
    <testcase classname="EmailService should send the email correctly" name="EmailService should send the email correctly" time="0.003">
    </testcase>
    <testcase classname="EmailService should throw an error if the email could not be sent" name="EmailService should throw an error if the email could not be sent" time="0.013">
    </testcase>
  </testsuite>
  <testsuite name="TournamentRequestsDtos" errors="0" failures="0" skipped="0" timestamp="2025-03-03T00:14:37" time="10.579" tests="12">
    <testcase classname="TournamentRequestsDtos CreateTournamentRequest should fail validation with empty object" name="TournamentRequestsDtos CreateTournamentRequest should fail validation with empty object" time="0.018">
    </testcase>
    <testcase classname="TournamentRequestsDtos CreateTournamentRequest should fail validation with invalid data types" name="TournamentRequestsDtos CreateTournamentRequest should fail validation with invalid data types" time="0.002">
    </testcase>
    <testcase classname="TournamentRequestsDtos CreateTournamentRequest should fail validation with invalid string lengths" name="TournamentRequestsDtos CreateTournamentRequest should fail validation with invalid string lengths" time="0.003">
    </testcase>
    <testcase classname="TournamentRequestsDtos CreateTournamentRequest should fail validation with invalid number ranges" name="TournamentRequestsDtos CreateTournamentRequest should fail validation with invalid number ranges" time="0.001">
    </testcase>
    <testcase classname="TournamentRequestsDtos CreateTournamentRequest should pass validation with valid data" name="TournamentRequestsDtos CreateTournamentRequest should pass validation with valid data" time="0.001">
    </testcase>
    <testcase classname="TournamentRequestsDtos UpdateTournamentRequest should pass validation with empty object" name="TournamentRequestsDtos UpdateTournamentRequest should pass validation with empty object" time="0.001">
    </testcase>
    <testcase classname="TournamentRequestsDtos UpdateTournamentRequest should fail validation with invalid data types" name="TournamentRequestsDtos UpdateTournamentRequest should fail validation with invalid data types" time="0.001">
    </testcase>
    <testcase classname="TournamentRequestsDtos UpdateTournamentRequest should pass validation with valid partial data" name="TournamentRequestsDtos UpdateTournamentRequest should pass validation with valid partial data" time="0">
    </testcase>
    <testcase classname="TournamentRequestsDtos TournamentQuery should pass validation with empty object" name="TournamentRequestsDtos TournamentQuery should pass validation with empty object" time="0.002">
    </testcase>
    <testcase classname="TournamentRequestsDtos TournamentQuery should fail validation with invalid data types" name="TournamentRequestsDtos TournamentQuery should fail validation with invalid data types" time="0.002">
    </testcase>
    <testcase classname="TournamentRequestsDtos TournamentQuery should pass validation with valid data" name="TournamentRequestsDtos TournamentQuery should pass validation with valid data" time="0.001">
    </testcase>
    <testcase classname="TournamentRequestsDtos TournamentQuery should pass validation with valid ranges" name="TournamentRequestsDtos TournamentQuery should pass validation with valid ranges" time="0.001">
    </testcase>
  </testsuite>
  <testsuite name="LocationService" errors="0" failures="0" skipped="0" timestamp="2025-03-03T00:14:38" time="10.702" tests="15">
    <testcase classname="LocationService getLocationByApiId should return location when found" name="LocationService getLocationByApiId should return location when found" time="0.045">
    </testcase>
    <testcase classname="LocationService getLocationByApiId should return undefined when location not found" name="LocationService getLocationByApiId should return undefined when location not found" time="0.004">
    </testcase>
    <testcase classname="LocationService create should return existing location if found by apiId" name="LocationService create should return existing location if found by apiId" time="0.003">
    </testcase>
    <testcase classname="LocationService create should create new location if not exists" name="LocationService create should create new location if not exists" time="0.005">
    </testcase>
    <testcase classname="LocationService create should throw UnprocessableEntityException when creation fails" name="LocationService create should throw UnprocessableEntityException when creation fails" time="0.036">
    </testcase>
    <testcase classname="LocationService findAll should return all locations with default response type" name="LocationService findAll should return all locations with default response type" time="0.003">
    </testcase>
    <testcase classname="LocationService findAll should return locations with specified response type" name="LocationService findAll should return locations with specified response type" time="0.002">
    </testcase>
    <testcase classname="LocationService findOne should return a single location" name="LocationService findOne should return a single location" time="0.003">
    </testcase>
    <testcase classname="LocationService findOne should throw NotFoundException when location not found" name="LocationService findOne should throw NotFoundException when location not found" time="0.003">
    </testcase>
    <testcase classname="LocationService update should update location successfully" name="LocationService update should update location successfully" time="0.003">
    </testcase>
    <testcase classname="LocationService update should throw NotFoundException when location not found" name="LocationService update should throw NotFoundException when location not found" time="0.003">
    </testcase>
    <testcase classname="LocationService update should update with coordinates when lat and lng provided" name="LocationService update should update with coordinates when lat and lng provided" time="0.002">
    </testcase>
    <testcase classname="LocationService remove should remove location successfully" name="LocationService remove should remove location successfully" time="0.002">
    </testcase>
    <testcase classname="LocationService remove should throw NotFoundException when location not found" name="LocationService remove should throw NotFoundException when location not found" time="0.002">
    </testcase>
    <testcase classname="LocationService getMap should return all locations" name="LocationService getMap should return all locations" time="0.001">
    </testcase>
  </testsuite>
  <testsuite name="UsersService" errors="0" failures="0" skipped="0" timestamp="2025-03-03T00:14:37" time="10.781" tests="19">
    <testcase classname="UsersService should be defined" name="UsersService should be defined" time="0.019">
    </testcase>
    <testcase classname="UsersService should create a user" name="UsersService should create a user" time="0.004">
    </testcase>
    <testcase classname="UsersService should throw an unprocessable entity exception when creating a user fails" name="UsersService should throw an unprocessable entity exception when creating a user fails" time="0.059">
    </testcase>
    <testcase classname="UsersService should throw an error when creating a user with an existing email" name="UsersService should throw an error when creating a user with an existing email" time="0.003">
    </testcase>
    <testcase classname="UsersService should update a user" name="UsersService should update a user" time="0.003">
    </testcase>
    <testcase classname="UsersService should delete a user" name="UsersService should delete a user" time="0.002">
    </testcase>
    <testcase classname="UsersService should throw an error when deleting a user with a wrong id" name="UsersService should throw an error when deleting a user with a wrong id" time="0.004">
    </testcase>
    <testcase classname="UsersService should find a user" name="UsersService should find a user" time="0.005">
    </testcase>
    <testcase classname="UsersService should throw an error when finding a user with a wrong id" name="UsersService should throw an error when finding a user with a wrong id" time="0.005">
    </testcase>
    <testcase classname="UsersService findAll should return an array of users" name="UsersService findAll should return an array of users" time="0.014">
    </testcase>
    <testcase classname="UsersService findByEmail should return a user if found by email" name="UsersService findByEmail should return a user if found by email" time="0.003">
    </testcase>
    <testcase classname="UsersService findByEmail should return null if user not found by email" name="UsersService findByEmail should return null if user not found by email" time="0.003">
    </testcase>
    <testcase classname="UsersService update should throw NotFoundException if user not found" name="UsersService update should throw NotFoundException if user not found" time="0.016">
    </testcase>
    <testcase classname="UsersService update should update and return the user" name="UsersService update should update and return the user" time="0.002">
    </testcase>
    <testcase classname="UsersService remove should throw NotFoundException if user not found" name="UsersService remove should throw NotFoundException if user not found" time="0.002">
    </testcase>
    <testcase classname="UsersService remove should delete the user and return undefined" name="UsersService remove should delete the user and return undefined" time="0.002">
    </testcase>
    <testcase classname="UsersService updateUserPassword should throw NotFoundException if user not found" name="UsersService updateUserPassword should throw NotFoundException if user not found" time="0.002">
    </testcase>
    <testcase classname="UsersService updateUserPassword should update user password with hashed password" name="UsersService updateUserPassword should update user password with hashed password" time="0.001">
    </testcase>
    <testcase classname="UsersService confirmEmail should confirm user email" name="UsersService confirmEmail should confirm user email" time="0.001">
    </testcase>
  </testsuite>
  <testsuite name="AuthService" errors="0" failures="0" skipped="0" timestamp="2025-03-03T00:14:37" time="11.037" tests="18">
    <testcase classname="AuthService verifyAsyncWithCredentials should throw NotFoundException if user not found" name="AuthService verifyAsyncWithCredentials should throw NotFoundException if user not found" time="0.09">
    </testcase>
    <testcase classname="AuthService verifyAsyncWithCredentials should throw UnauthorizedException if password is incorrect" name="AuthService verifyAsyncWithCredentials should throw UnauthorizedException if password is incorrect" time="0.003">
    </testcase>
    <testcase classname="AuthService verifyAsyncWithCredentials should return tokens if credentials are valid" name="AuthService verifyAsyncWithCredentials should return tokens if credentials are valid" time="0.003">
    </testcase>
    <testcase classname="AuthService getTokens should generate access and refresh tokens" name="AuthService getTokens should generate access and refresh tokens" time="0.005">
    </testcase>
    <testcase classname="AuthService refreshTokens should throw UnauthorizedException if refresh token is invalid" name="AuthService refreshTokens should throw UnauthorizedException if refresh token is invalid" time="0.004">
    </testcase>
    <testcase classname="AuthService refreshTokens should return new tokens if refresh token is valid" name="AuthService refreshTokens should return new tokens if refresh token is valid" time="0.002">
    </testcase>
    <testcase classname="AuthService validateUser should return user if found by email" name="AuthService validateUser should return user if found by email" time="0.003">
    </testcase>
    <testcase classname="AuthService validateUser should return null if user not found" name="AuthService validateUser should return null if user not found" time="0.003">
    </testcase>
    <testcase classname="AuthService passwordResetRequest should throw NotFoundException if user not found" name="AuthService passwordResetRequest should throw NotFoundException if user not found" time="0.003">
    </testcase>
    <testcase classname="AuthService passwordResetRequest should generate reset token and send email" name="AuthService passwordResetRequest should generate reset token and send email" time="0.002">
    </testcase>
    <testcase classname="AuthService passwordReset should throw UnauthorizedException if token is invalid" name="AuthService passwordReset should throw UnauthorizedException if token is invalid" time="0.003">
    </testcase>
    <testcase classname="AuthService passwordReset should throw UnauthorizedException if token type is not password-reset" name="AuthService passwordReset should throw UnauthorizedException if token type is not password-reset" time="0.003">
    </testcase>
    <testcase classname="AuthService passwordReset should throw NotFoundException if user not found" name="AuthService passwordReset should throw NotFoundException if user not found" time="0.002">
    </testcase>
    <testcase classname="AuthService passwordReset should update user password if token is valid" name="AuthService passwordReset should update user password if token is valid" time="0.002">
    </testcase>
    <testcase classname="AuthService emailConfirmation should throw UnauthorizedException if token is invalid" name="AuthService emailConfirmation should throw UnauthorizedException if token is invalid" time="0.002">
    </testcase>
    <testcase classname="AuthService emailConfirmation should throw UnauthorizedException if token type is not email-confirmation" name="AuthService emailConfirmation should throw UnauthorizedException if token type is not email-confirmation" time="0.005">
    </testcase>
    <testcase classname="AuthService emailConfirmation should throw NotFoundException if user not found" name="AuthService emailConfirmation should throw NotFoundException if user not found" time="0.002">
    </testcase>
    <testcase classname="AuthService emailConfirmation should confirm user email if token is valid" name="AuthService emailConfirmation should confirm user email if token is valid" time="0.002">
    </testcase>
  </testsuite>
  <testsuite name="NotificationsService" errors="0" failures="0" skipped="0" timestamp="2025-03-03T00:14:38" time="11.088" tests="8">
    <testcase classname="NotificationsService should throw an error if Firebase credentials are not set" name="NotificationsService should throw an error if Firebase credentials are not set" time="0.036">
    </testcase>
    <testcase classname="NotificationsService should be defined" name="NotificationsService should be defined" time="0.003">
    </testcase>
    <testcase classname="NotificationsService sendNotificationToUser should send notification to user" name="NotificationsService sendNotificationToUser should send notification to user" time="0.013">
    </testcase>
    <testcase classname="NotificationsService sendNotificationToUser should throw InternalServerErrorException if sending notification fails" name="NotificationsService sendNotificationToUser should throw InternalServerErrorException if sending notification fails" time="0.004">
    </testcase>
    <testcase classname="NotificationsService sendNotification should send notification" name="NotificationsService sendNotification should send notification" time="0.006">
    </testcase>
    <testcase classname="NotificationsService sendNotification should throw InternalServerErrorException if sending notification fails" name="NotificationsService sendNotification should throw InternalServerErrorException if sending notification fails" time="0.016">
    </testcase>
    <testcase classname="NotificationsService sendMulticastNotification should send multicast notification" name="NotificationsService sendMulticastNotification should send multicast notification" time="0.004">
    </testcase>
    <testcase classname="NotificationsService sendMulticastNotification should throw InternalServerErrorException if sending multicast notification fails" name="NotificationsService sendMulticastNotification should throw InternalServerErrorException if sending multicast notification fails" time="0.004">
    </testcase>
  </testsuite>
  <testsuite name="RosterService" errors="0" failures="0" skipped="0" timestamp="2025-03-03T00:14:48" time="0.604" tests="26">
    <testcase classname="RosterService create should successfully create a roster" name="RosterService create should successfully create a roster" time="0.014">
    </testcase>
    <testcase classname="RosterService create should throw UnprocessableEntityException when creation fails" name="RosterService create should throw UnprocessableEntityException when creation fails" time="0.049">
    </testcase>
    <testcase classname="RosterService findAll should return an array of rosters with MINI response type" name="RosterService findAll should return an array of rosters with MINI response type" time="0.005">
    </testcase>
    <testcase classname="RosterService findAll should return an array of rosters with players for non-MINI response type" name="RosterService findAll should return an array of rosters with players for non-MINI response type" time="0.003">
    </testcase>
    <testcase classname="RosterService findByPlayer should return rosters for a player" name="RosterService findByPlayer should return rosters for a player" time="0.002">
    </testcase>
    <testcase classname="RosterService findByGroup should return rosters for a group" name="RosterService findByGroup should return rosters for a group" time="0.002">
    </testcase>
    <testcase classname="RosterService findByTournament should return rosters for a tournament" name="RosterService findByTournament should return rosters for a tournament" time="0.004">
    </testcase>
    <testcase classname="RosterService findByParticipation should return rosters for a participation" name="RosterService findByParticipation should return rosters for a participation" time="0.002">
    </testcase>
    <testcase classname="RosterService findByStage should return rosters for a stage" name="RosterService findByStage should return rosters for a stage" time="0.003">
    </testcase>
    <testcase classname="RosterService findOne should return a single roster" name="RosterService findOne should return a single roster" time="0.003">
    </testcase>
    <testcase classname="RosterService findOne should throw NotFoundException when roster not found" name="RosterService findOne should throw NotFoundException when roster not found" time="0.003">
    </testcase>
    <testcase classname="RosterService update should successfully update a roster" name="RosterService update should successfully update a roster" time="0.013">
    </testcase>
    <testcase classname="RosterService update should throw NotFoundException when roster not found" name="RosterService update should throw NotFoundException when roster not found" time="0.006">
    </testcase>
    <testcase classname="RosterService isAnyMemberInAnotherRoster should check if any member is in another roster" name="RosterService isAnyMemberInAnotherRoster should check if any member is in another roster" time="0.011">
    </testcase>
    <testcase classname="RosterService isAnyMemberInAnotherRoster should check with excluded roster IDs" name="RosterService isAnyMemberInAnotherRoster should check with excluded roster IDs" time="0.002">
    </testcase>
    <testcase classname="RosterService remove should successfully delete a roster" name="RosterService remove should successfully delete a roster" time="0.002">
    </testcase>
    <testcase classname="RosterService remove should throw NotFoundException when roster not found" name="RosterService remove should throw NotFoundException when roster not found" time="0.025">
    </testcase>
    <testcase classname="RosterService getOnlyPlayers should return only players for a roster" name="RosterService getOnlyPlayers should return only players for a roster" time="0.003">
    </testcase>
    <testcase classname="RosterService getChangeAmount should calculate the change amount when adding players" name="RosterService getChangeAmount should calculate the change amount when adding players" time="0.002">
    </testcase>
    <testcase classname="RosterService getChangeAmount should calculate the change amount when removing players" name="RosterService getChangeAmount should calculate the change amount when removing players" time="0.003">
    </testcase>
    <testcase classname="RosterService getChangeAmount should calculate the change amount when replacing players" name="RosterService getChangeAmount should calculate the change amount when replacing players" time="0.002">
    </testcase>
    <testcase classname="RosterService isEachMemberTournamentEligible should return false if not all members have careers" name="RosterService isEachMemberTournamentEligible should return false if not all members have careers" time="0.003">
    </testcase>
    <testcase classname="RosterService isEachMemberTournamentEligible should return false if any player has invalid ELO" name="RosterService isEachMemberTournamentEligible should return false if any player has invalid ELO" time="0.002">
    </testcase>
    <testcase classname="RosterService isEachMemberTournamentEligible should return false if fake players are not allowed" name="RosterService isEachMemberTournamentEligible should return false if fake players are not allowed" time="0.002">
    </testcase>
    <testcase classname="RosterService isEachMemberTournamentEligible should return true if fake players are allowed" name="RosterService isEachMemberTournamentEligible should return true if fake players are allowed" time="0.002">
    </testcase>
    <testcase classname="RosterService isEachMemberTournamentEligible should return undefined if all conditions are met and fake players not allowed" name="RosterService isEachMemberTournamentEligible should return undefined if all conditions are met and fake players not allowed" time="0.021">
    </testcase>
  </testsuite>
  <testsuite name="AccessTokenStrategy" errors="0" failures="0" skipped="0" timestamp="2025-03-03T00:14:38" time="11.606" tests="2">
    <testcase classname="AccessTokenStrategy validate should return validated user when user exists" name="AccessTokenStrategy validate should return validated user when user exists" time="0.064">
    </testcase>
    <testcase classname="AccessTokenStrategy validate should throw UnauthorizedException when user does not exist" name="AccessTokenStrategy validate should throw UnauthorizedException when user does not exist" time="0.023">
    </testcase>
  </testsuite>
  <testsuite name="UsersController" errors="0" failures="0" skipped="0" timestamp="2025-03-03T00:14:48" time="1.19" tests="8">
    <testcase classname="UsersController should be defined" name="UsersController should be defined" time="0.045">
    </testcase>
    <testcase classname="UsersController should return a valid query" name="UsersController should return a valid query" time="0.007">
    </testcase>
    <testcase classname="UsersController should return a user" name="UsersController should return a user" time="0.005">
    </testcase>
    <testcase classname="UsersController should create a user" name="UsersController should create a user" time="0.031">
    </testcase>
    <testcase classname="UsersController should update a user" name="UsersController should update a user" time="0.005">
    </testcase>
    <testcase classname="UsersController should delete a user" name="UsersController should delete a user" time="0.003">
    </testcase>
    <testcase classname="UsersController should delete me" name="UsersController should delete me" time="0.003">
    </testcase>
    <testcase classname="UsersController should update me" name="UsersController should update me" time="0.003">
    </testcase>
  </testsuite>
  <testsuite name="CategoryController" errors="0" failures="0" skipped="0" timestamp="2025-03-03T00:14:49" time="0.828" tests="10">
    <testcase classname="CategoryController should be defined" name="CategoryController should be defined" time="0.009">
    </testcase>
    <testcase classname="CategoryController should return a valid query" name="CategoryController should return a valid query" time="0.008">
    </testcase>
    <testcase classname="CategoryController should return a category" name="CategoryController should return a category" time="0.01">
    </testcase>
    <testcase classname="CategoryController should create a category" name="CategoryController should create a category" time="0.003">
    </testcase>
    <testcase classname="CategoryController should update a category" name="CategoryController should update a category" time="0.003">
    </testcase>
    <testcase classname="CategoryController should remove a category" name="CategoryController should remove a category" time="0.003">
    </testcase>
    <testcase classname="CategoryController should throw NotFoundException when category is not found" name="CategoryController should throw NotFoundException when category is not found" time="0.018">
    </testcase>
    <testcase classname="CategoryController should throw UnprocessableEntityException when category creation fails" name="CategoryController should throw UnprocessableEntityException when category creation fails" time="0.004">
    </testcase>
    <testcase classname="CategoryController should throw NotFoundException when updating non-existent category" name="CategoryController should throw NotFoundException when updating non-existent category" time="0.003">
    </testcase>
    <testcase classname="CategoryController should throw NotFoundException when removing non-existent category" name="CategoryController should throw NotFoundException when removing non-existent category" time="0.003">
    </testcase>
  </testsuite>
  <testsuite name="BlobService" errors="0" failures="0" skipped="0" timestamp="2025-03-03T00:14:50" time="0.711" tests="10">
    <testcase classname="BlobService should throw an error if AWS credentials are not set" name="BlobService should throw an error if AWS credentials are not set" time="0.067">
    </testcase>
    <testcase classname="BlobService should be defined" name="BlobService should be defined" time="0.003">
    </testcase>
    <testcase classname="BlobService generateKey should generate a key with the correct format" name="BlobService generateKey should generate a key with the correct format" time="0.003">
    </testcase>
    <testcase classname="BlobService generateKey should default to txt extension if mime type is not provided" name="BlobService generateKey should default to txt extension if mime type is not provided" time="0.01">
    </testcase>
    <testcase classname="BlobService uploadFile should upload a file successfully" name="BlobService uploadFile should upload a file successfully" time="0.006">
    </testcase>
    <testcase classname="BlobService uploadFile should throw an error if upload fails" name="BlobService uploadFile should throw an error if upload fails" time="0.016">
    </testcase>
    <testcase classname="BlobService deleteFile should delete a file successfully" name="BlobService deleteFile should delete a file successfully" time="0.003">
    </testcase>
    <testcase classname="BlobService deleteFile should throw an error if delete fails" name="BlobService deleteFile should throw an error if delete fails" time="0.004">
    </testcase>
    <testcase classname="BlobService getFile should retrieve a file successfully" name="BlobService getFile should retrieve a file successfully" time="0.004">
    </testcase>
    <testcase classname="BlobService getFile should throw an error if retrieval fails" name="BlobService getFile should throw an error if retrieval fails" time="0.006">
    </testcase>
  </testsuite>
  <testsuite name="AuthController" errors="0" failures="0" skipped="0" timestamp="2025-03-03T00:14:38" time="13.178" tests="12">
    <testcase classname="AuthController login should return tokens on successful login" name="AuthController login should return tokens on successful login" time="0.047">
    </testcase>
    <testcase classname="AuthController login should propagate errors from auth service" name="AuthController login should propagate errors from auth service" time="0.028">
    </testcase>
    <testcase classname="AuthController refresh should return new tokens on successful refresh" name="AuthController refresh should return new tokens on successful refresh" time="0.004">
    </testcase>
    <testcase classname="AuthController refresh should propagate errors from auth service" name="AuthController refresh should propagate errors from auth service" time="0.016">
    </testcase>
    <testcase classname="AuthController authCallback should return tokens for Google OAuth callback" name="AuthController authCallback should return tokens for Google OAuth callback" time="0.005">
    </testcase>
    <testcase classname="AuthController authCallback should propagate errors from auth service" name="AuthController authCallback should propagate errors from auth service" time="0.003">
    </testcase>
    <testcase classname="AuthController passwordResetRequest should call auth service with correct email" name="AuthController passwordResetRequest should call auth service with correct email" time="0.003">
    </testcase>
    <testcase classname="AuthController passwordResetRequest should propagate errors from auth service" name="AuthController passwordResetRequest should propagate errors from auth service" time="0.034">
    </testcase>
    <testcase classname="AuthController passwordReset should call auth service with correct token and password" name="AuthController passwordReset should call auth service with correct token and password" time="0.004">
    </testcase>
    <testcase classname="AuthController passwordReset should propagate errors from auth service" name="AuthController passwordReset should propagate errors from auth service" time="0.004">
    </testcase>
    <testcase classname="AuthController emailConfirmation should call auth service with correct token" name="AuthController emailConfirmation should call auth service with correct token" time="0.003">
    </testcase>
    <testcase classname="AuthController emailConfirmation should propagate errors from auth service" name="AuthController emailConfirmation should propagate errors from auth service" time="0.021">
    </testcase>
  </testsuite>
  <testsuite name="LocationController" errors="0" failures="0" skipped="0" timestamp="2025-03-03T00:14:51" time="0.75" tests="11">
    <testcase classname="LocationController should be defined" name="LocationController should be defined" time="0.007">
    </testcase>
    <testcase classname="LocationController should return a valid query" name="LocationController should return a valid query" time="0.007">
    </testcase>
    <testcase classname="LocationController should return a location" name="LocationController should return a location" time="0.003">
    </testcase>
    <testcase classname="LocationController should create a location" name="LocationController should create a location" time="0.003">
    </testcase>
    <testcase classname="LocationController should update a location" name="LocationController should update a location" time="0.003">
    </testcase>
    <testcase classname="LocationController should remove a location" name="LocationController should remove a location" time="0.003">
    </testcase>
    <testcase classname="LocationController should throw NotFoundException when location is not found" name="LocationController should throw NotFoundException when location is not found" time="0.011">
    </testcase>
    <testcase classname="LocationController should throw UnprocessableEntityException when location creation fails" name="LocationController should throw UnprocessableEntityException when location creation fails" time="0.021">
    </testcase>
    <testcase classname="LocationController should throw NotFoundException when updating non-existent location" name="LocationController should throw NotFoundException when updating non-existent location" time="0.009">
    </testcase>
    <testcase classname="LocationController should throw NotFoundException when removing non-existent location" name="LocationController should throw NotFoundException when removing non-existent location" time="0.003">
    </testcase>
    <testcase classname="LocationController getMap should return all locations" name="LocationController getMap should return all locations" time="0.002">
    </testcase>
  </testsuite>
  <testsuite name="FollowersController" errors="0" failures="0" skipped="0" timestamp="2025-03-03T00:14:38" time="14.037" tests="5">
    <testcase classname="FollowersController should be defined" name="FollowersController should be defined" time="0.029">
    </testcase>
    <testcase classname="FollowersController findAll should return followers with metadata" name="FollowersController findAll should return followers with metadata" time="0.005">
    </testcase>
    <testcase classname="FollowersController findOne should return a single follower relationship" name="FollowersController findOne should return a single follower relationship" time="0.005">
    </testcase>
    <testcase classname="FollowersController create should create a follower relationship" name="FollowersController create should create a follower relationship" time="0.003">
    </testcase>
    <testcase classname="FollowersController remove should remove a follower relationship" name="FollowersController remove should remove a follower relationship" time="0.003">
    </testcase>
  </testsuite>
  <testsuite name="GoogleStrategy" errors="0" failures="0" skipped="0" timestamp="2025-03-03T00:14:51" time="0.432" tests="5">
    <testcase classname="GoogleStrategy should be defined" name="GoogleStrategy should be defined" time="0.018">
    </testcase>
    <testcase classname="GoogleStrategy validate should return existing user if found" name="GoogleStrategy validate should return existing user if found" time="0.02">
    </testcase>
    <testcase classname="GoogleStrategy validate should create new user if not found" name="GoogleStrategy validate should create new user if not found" time="0.018">
    </testcase>
    <testcase classname="GoogleStrategy validate should throw InternalServerErrorException if user creation fails" name="GoogleStrategy validate should throw InternalServerErrorException if user creation fails" time="0.03">
    </testcase>
    <testcase classname="GoogleStrategy validate should throw InternalServerErrorException if created user cannot be found" name="GoogleStrategy validate should throw InternalServerErrorException if created user cannot be found" time="0.003">
    </testcase>
  </testsuite>
  <testsuite name="TournamentAdminGuard" errors="0" failures="0" skipped="0" timestamp="2025-03-03T00:14:37" time="14.622" tests="10">
    <testcase classname="TournamentAdminGuard JWT Authentication should deny access when JWT authentication fails" name="TournamentAdminGuard JWT Authentication should deny access when JWT authentication fails" time="0.018">
    </testcase>
    <testcase classname="TournamentAdminGuard Admin Role Access should allow access for users with ADMIN role" name="TournamentAdminGuard Admin Role Access should allow access for users with ADMIN role" time="0.004">
    </testcase>
    <testcase classname="TournamentAdminGuard Tournament Creator Access should allow access for tournament creator" name="TournamentAdminGuard Tournament Creator Access should allow access for tournament creator" time="0.004">
    </testcase>
    <testcase classname="TournamentAdminGuard Tournament Creator Access should get tournamentId from request body if not in params" name="TournamentAdminGuard Tournament Creator Access should get tournamentId from request body if not in params" time="0.006">
    </testcase>
    <testcase classname="TournamentAdminGuard Tournament Creator Access should get tournamentId from query if not in params or body" name="TournamentAdminGuard Tournament Creator Access should get tournamentId from query if not in params or body" time="0.004">
    </testcase>
    <testcase classname="TournamentAdminGuard Group Admin Access should allow access for group admin" name="TournamentAdminGuard Group Admin Access should allow access for group admin" time="0.004">
    </testcase>
    <testcase classname="TournamentAdminGuard Group Admin Access should deny access if tournament has no affiliated group" name="TournamentAdminGuard Group Admin Access should deny access if tournament has no affiliated group" time="0.003">
    </testcase>
    <testcase classname="TournamentAdminGuard Group Admin Access should deny access if user is not group admin" name="TournamentAdminGuard Group Admin Access should deny access if user is not group admin" time="0.003">
    </testcase>
    <testcase classname="TournamentAdminGuard Failed Access Scenarios should deny access when tournamentId is not provided" name="TournamentAdminGuard Failed Access Scenarios should deny access when tournamentId is not provided" time="0.003">
    </testcase>
    <testcase classname="TournamentAdminGuard Failed Access Scenarios should deny access when user is not creator and not group admin" name="TournamentAdminGuard Failed Access Scenarios should deny access when user is not creator and not group admin" time="0.003">
    </testcase>
  </testsuite>
  <testsuite name="GroupRequirementsController" errors="0" failures="0" skipped="0" timestamp="2025-03-03T00:14:38" time="14.627" tests="5">
    <testcase classname="GroupRequirementsController should be defined" name="GroupRequirementsController should be defined" time="0.018">
    </testcase>
    <testcase classname="GroupRequirementsController createRequirements should create requirements" name="GroupRequirementsController createRequirements should create requirements" time="0.005">
    </testcase>
    <testcase classname="GroupRequirementsController getRequirements should get requirements" name="GroupRequirementsController getRequirements should get requirements" time="0.003">
    </testcase>
    <testcase classname="GroupRequirementsController updateRequirements should update requirements" name="GroupRequirementsController updateRequirements should update requirements" time="0.003">
    </testcase>
    <testcase classname="GroupRequirementsController deleteRequirements should delete requirements" name="GroupRequirementsController deleteRequirements should delete requirements" time="0.003">
    </testcase>
  </testsuite>
  <testsuite name="CanCancelParticipationGuard" errors="0" failures="0" skipped="0" timestamp="2025-03-03T00:14:37" time="15.219" tests="9">
    <testcase classname="CanCancelParticipationGuard canActivate should allow tournament creator to cancel any participation" name="CanCancelParticipationGuard canActivate should allow tournament creator to cancel any participation" time="0.018">
    </testcase>
    <testcase classname="CanCancelParticipationGuard canActivate should allow user to cancel their own solo participation" name="CanCancelParticipationGuard canActivate should allow user to cancel their own solo participation" time="0.003">
    </testcase>
    <testcase classname="CanCancelParticipationGuard canActivate should allow group admin to cancel group participation" name="CanCancelParticipationGuard canActivate should allow group admin to cancel group participation" time="0.003">
    </testcase>
    <testcase classname="CanCancelParticipationGuard canActivate should allow affiliated group admin to cancel any participation" name="CanCancelParticipationGuard canActivate should allow affiliated group admin to cancel any participation" time="0.004">
    </testcase>
    <testcase classname="CanCancelParticipationGuard canActivate should deny non-admin user canceling other user participation" name="CanCancelParticipationGuard canActivate should deny non-admin user canceling other user participation" time="0.029">
    </testcase>
    <testcase classname="CanCancelParticipationGuard canActivate should deny non-admin user canceling group participation" name="CanCancelParticipationGuard canActivate should deny non-admin user canceling group participation" time="0.006">
    </testcase>
    <testcase classname="CanCancelParticipationGuard canActivate should deny cancellation if tournament has ended" name="CanCancelParticipationGuard canActivate should deny cancellation if tournament has ended" time="0.003">
    </testcase>
    <testcase classname="CanCancelParticipationGuard canActivate should throw error if participation not found" name="CanCancelParticipationGuard canActivate should throw error if participation not found" time="0.003">
    </testcase>
    <testcase classname="CanCancelParticipationGuard canActivate should handle missing tournament gracefully" name="CanCancelParticipationGuard canActivate should handle missing tournament gracefully" time="0.003">
    </testcase>
  </testsuite>
  <testsuite name="StageRequestsDtos" errors="0" failures="0" skipped="0" timestamp="2025-03-03T00:14:52" time="0.553" tests="10">
    <testcase classname="StageRequestsDtos CreateStageRequest should fail validation with empty object" name="StageRequestsDtos CreateStageRequest should fail validation with empty object" time="0.005">
    </testcase>
    <testcase classname="StageRequestsDtos CreateStageRequest should fail validation with invalid data types" name="StageRequestsDtos CreateStageRequest should fail validation with invalid data types" time="0.009">
    </testcase>
    <testcase classname="StageRequestsDtos CreateStageRequest should fail validation with invalid string lengths" name="StageRequestsDtos CreateStageRequest should fail validation with invalid string lengths" time="0.002">
    </testcase>
    <testcase classname="StageRequestsDtos CreateStageRequest should pass validation with valid data" name="StageRequestsDtos CreateStageRequest should pass validation with valid data" time="0.001">
    </testcase>
    <testcase classname="StageRequestsDtos UpdateStageRequest should pass validation with empty object" name="StageRequestsDtos UpdateStageRequest should pass validation with empty object" time="0">
    </testcase>
    <testcase classname="StageRequestsDtos UpdateStageRequest should fail validation with invalid data types" name="StageRequestsDtos UpdateStageRequest should fail validation with invalid data types" time="0.001">
    </testcase>
    <testcase classname="StageRequestsDtos UpdateStageRequest should pass validation with valid data" name="StageRequestsDtos UpdateStageRequest should pass validation with valid data" time="0.001">
    </testcase>
    <testcase classname="StageRequestsDtos StageQuery should pass validation with empty object" name="StageRequestsDtos StageQuery should pass validation with empty object" time="0">
    </testcase>
    <testcase classname="StageRequestsDtos StageQuery should fail validation with invalid data types" name="StageRequestsDtos StageQuery should fail validation with invalid data types" time="0.001">
    </testcase>
    <testcase classname="StageRequestsDtos StageQuery should pass validation with valid data" name="StageRequestsDtos StageQuery should pass validation with valid data" time="0.001">
    </testcase>
  </testsuite>
  <testsuite name="BlockedGroupsController" errors="0" failures="0" skipped="0" timestamp="2025-03-03T00:14:52" time="1.254" tests="3">
    <testcase classname="BlockedGroupsController findAll should return blocked groups with metadata" name="BlockedGroupsController findAll should return blocked groups with metadata" time="0.014">
    </testcase>
    <testcase classname="BlockedGroupsController block should block a group" name="BlockedGroupsController block should block a group" time="0.002">
    </testcase>
    <testcase classname="BlockedGroupsController unblock should unblock a group" name="BlockedGroupsController unblock should unblock a group" time="0.003">
    </testcase>
  </testsuite>
  <testsuite name="GroupInvitesController" errors="0" failures="0" skipped="0" timestamp="2025-03-03T00:14:37" time="15.444" tests="6">
    <testcase classname="GroupInvitesController should be defined" name="GroupInvitesController should be defined" time="0.045">
    </testcase>
    <testcase classname="GroupInvitesController create should create a group invite" name="GroupInvitesController create should create a group invite" time="0.006">
    </testcase>
    <testcase classname="GroupInvitesController findAll should return an array of group invites" name="GroupInvitesController findAll should return an array of group invites" time="0.021">
    </testcase>
    <testcase classname="GroupInvitesController findOne should return a group invite" name="GroupInvitesController findOne should return a group invite" time="0.003">
    </testcase>
    <testcase classname="GroupInvitesController update should update a group invite" name="GroupInvitesController update should update a group invite" time="0.004">
    </testcase>
    <testcase classname="GroupInvitesController remove should remove a group invite" name="GroupInvitesController remove should remove a group invite" time="0.004">
    </testcase>
  </testsuite>
  <testsuite name="InterestController" errors="0" failures="0" skipped="0" timestamp="2025-03-03T00:14:52" time="0.805" tests="3">
    <testcase classname="InterestController createInterest should create an interest" name="InterestController createInterest should create an interest" time="0.014">
    </testcase>
    <testcase classname="InterestController deleteInterest should delete an interest" name="InterestController deleteInterest should delete an interest" time="0.003">
    </testcase>
    <testcase classname="InterestController getInterestCategories should return interest categories with metadata" name="InterestController getInterestCategories should return interest categories with metadata" time="0.003">
    </testcase>
  </testsuite>
  <testsuite name="TournamentIsFakePlayersAllowedGuard" errors="0" failures="0" skipped="0" timestamp="2025-03-03T00:14:37" time="15.57" tests="10">
    <testcase classname="TournamentIsFakePlayersAllowedGuard canActivate - Solo Player should allow real player participation" name="TournamentIsFakePlayersAllowedGuard canActivate - Solo Player should allow real player participation" time="0.032">
    </testcase>
    <testcase classname="TournamentIsFakePlayersAllowedGuard canActivate - Solo Player should allow fake player in unranked tournament that allows fake players" name="TournamentIsFakePlayersAllowedGuard canActivate - Solo Player should allow fake player in unranked tournament that allows fake players" time="0.003">
    </testcase>
    <testcase classname="TournamentIsFakePlayersAllowedGuard canActivate - Solo Player should deny fake player in tournament that does not allow fake players" name="TournamentIsFakePlayersAllowedGuard canActivate - Solo Player should deny fake player in tournament that does not allow fake players" time="0.027">
    </testcase>
    <testcase classname="TournamentIsFakePlayersAllowedGuard canActivate - Solo Player should deny fake player in ranked tournament" name="TournamentIsFakePlayersAllowedGuard canActivate - Solo Player should deny fake player in ranked tournament" time="0.003">
    </testcase>
    <testcase classname="TournamentIsFakePlayersAllowedGuard canActivate - Solo Player should throw BadRequestException when userId is not provided" name="TournamentIsFakePlayersAllowedGuard canActivate - Solo Player should throw BadRequestException when userId is not provided" time="0.005">
    </testcase>
    <testcase classname="TournamentIsFakePlayersAllowedGuard canActivate - Team should allow real group participation" name="TournamentIsFakePlayersAllowedGuard canActivate - Team should allow real group participation" time="0.003">
    </testcase>
    <testcase classname="TournamentIsFakePlayersAllowedGuard canActivate - Team should allow fake group in unranked tournament that allows fake players" name="TournamentIsFakePlayersAllowedGuard canActivate - Team should allow fake group in unranked tournament that allows fake players" time="0.003">
    </testcase>
    <testcase classname="TournamentIsFakePlayersAllowedGuard canActivate - Team should deny fake group in tournament that does not allow fake players" name="TournamentIsFakePlayersAllowedGuard canActivate - Team should deny fake group in tournament that does not allow fake players" time="0.002">
    </testcase>
    <testcase classname="TournamentIsFakePlayersAllowedGuard canActivate - Team should deny fake group in ranked tournament" name="TournamentIsFakePlayersAllowedGuard canActivate - Team should deny fake group in ranked tournament" time="0.003">
    </testcase>
    <testcase classname="TournamentIsFakePlayersAllowedGuard canActivate - Team should throw BadRequestException when groupId is not provided" name="TournamentIsFakePlayersAllowedGuard canActivate - Team should throw BadRequestException when groupId is not provided" time="0.003">
    </testcase>
  </testsuite>
  <testsuite name="LfgController" errors="0" failures="0" skipped="0" timestamp="2025-03-03T00:14:48" time="4.778" tests="6">
    <testcase classname="LfgController should be defined" name="LfgController should be defined" time="0.015">
    </testcase>
    <testcase classname="LfgController findMyLFG should return user LFG posts" name="LfgController findMyLFG should return user LFG posts" time="0.004">
    </testcase>
    <testcase classname="LfgController findPlayers should return players for a group" name="LfgController findPlayers should return players for a group" time="0.003">
    </testcase>
    <testcase classname="LfgController create should create an LFG post" name="LfgController create should create an LFG post" time="0.026">
    </testcase>
    <testcase classname="LfgController update should update an LFG post" name="LfgController update should update an LFG post" time="0.003">
    </testcase>
    <testcase classname="LfgController delete should delete an LFG post" name="LfgController delete should delete an LFG post" time="0.002">
    </testcase>
  </testsuite>
  <testsuite name="StageController" errors="0" failures="0" skipped="0" timestamp="2025-03-03T00:14:37" time="15.661" tests="5">
    <testcase classname="StageController findAll should return stages with metadata" name="StageController findAll should return stages with metadata" time="0.022">
    </testcase>
    <testcase classname="StageController findOne should return a single stage" name="StageController findOne should return a single stage" time="0.011">
    </testcase>
    <testcase classname="StageController create should create a stage" name="StageController create should create a stage" time="0.003">
    </testcase>
    <testcase classname="StageController update should update a stage" name="StageController update should update a stage" time="0.004">
    </testcase>
    <testcase classname="StageController remove should remove a stage" name="StageController remove should remove a stage" time="0.004">
    </testcase>
  </testsuite>
  <testsuite name="GroupInvitesService" errors="0" failures="0" skipped="0" timestamp="2025-03-03T00:14:53" time="0.433" tests="11">
    <testcase classname="GroupInvitesService should be defined" name="GroupInvitesService should be defined" time="0.004">
    </testcase>
    <testcase classname="GroupInvitesService create should create a group invite" name="GroupInvitesService create should create a group invite" time="0.002">
    </testcase>
    <testcase classname="GroupInvitesService create should throw BadRequestException if user is already a member" name="GroupInvitesService create should throw BadRequestException if user is already a member" time="0.019">
    </testcase>
    <testcase classname="GroupInvitesService findAll should return an array of group invites" name="GroupInvitesService findAll should return an array of group invites" time="0.002">
    </testcase>
    <testcase classname="GroupInvitesService findOne should return a group invite" name="GroupInvitesService findOne should return a group invite" time="0.003">
    </testcase>
    <testcase classname="GroupInvitesService update should update a group invite" name="GroupInvitesService update should update a group invite" time="0.002">
    </testcase>
    <testcase classname="GroupInvitesService remove should remove a group invite" name="GroupInvitesService remove should remove a group invite" time="0.002">
    </testcase>
    <testcase classname="GroupInvitesService checkIfUserIsAlreadyMember should throw BadRequestException if user is already a member" name="GroupInvitesService checkIfUserIsAlreadyMember should throw BadRequestException if user is already a member" time="0.002">
    </testcase>
    <testcase classname="GroupInvitesService checkIfUserIsAlreadyMember should not throw if user is not a member" name="GroupInvitesService checkIfUserIsAlreadyMember should not throw if user is not a member" time="0.002">
    </testcase>
    <testcase classname="GroupInvitesService checkIfInviteExists should throw BadRequestException if invite already exists" name="GroupInvitesService checkIfInviteExists should throw BadRequestException if invite already exists" time="0.005">
    </testcase>
    <testcase classname="GroupInvitesService checkIfInviteExists should not throw if invite does not exist" name="GroupInvitesService checkIfInviteExists should not throw if invite does not exist" time="0.002">
    </testcase>
  </testsuite>
  <testsuite name="GroupInterestsController" errors="0" failures="0" skipped="0" timestamp="2025-03-03T00:14:51" time="2.453" tests="3">
    <testcase classname="GroupInterestsController findAll should return group interests with metadata" name="GroupInterestsController findAll should return group interests with metadata" time="0.008">
    </testcase>
    <testcase classname="GroupInterestsController addInterest should add an interest to a group" name="GroupInterestsController addInterest should add an interest to a group" time="0.003">
    </testcase>
    <testcase classname="GroupInterestsController removeInterest should remove an interest from a group" name="GroupInterestsController removeInterest should remove an interest from a group" time="0.003">
    </testcase>
  </testsuite>
  <testsuite name="GroupRequestsDtos" errors="0" failures="0" skipped="0" timestamp="2025-03-03T00:14:53" time="0.388" tests="9">
    <testcase classname="GroupRequestsDtos CreateGroupRequest should fail validation of empty CreateGroupRequest object" name="GroupRequestsDtos CreateGroupRequest should fail validation of empty CreateGroupRequest object" time="0.004">
    </testcase>
    <testcase classname="GroupRequestsDtos CreateGroupRequest should fail validation of invalid CreateGroupRequest object" name="GroupRequestsDtos CreateGroupRequest should fail validation of invalid CreateGroupRequest object" time="0.002">
    </testcase>
    <testcase classname="GroupRequestsDtos CreateGroupRequest should pass validation of valid CreateGroupRequest object" name="GroupRequestsDtos CreateGroupRequest should pass validation of valid CreateGroupRequest object" time="0.002">
    </testcase>
    <testcase classname="GroupRequestsDtos UpdateGroupRequest should pass validation of empty UpdateGroupRequest object" name="GroupRequestsDtos UpdateGroupRequest should pass validation of empty UpdateGroupRequest object" time="0.001">
    </testcase>
    <testcase classname="GroupRequestsDtos UpdateGroupRequest should fail validation of invalid UpdateGroupRequest object" name="GroupRequestsDtos UpdateGroupRequest should fail validation of invalid UpdateGroupRequest object" time="0.001">
    </testcase>
    <testcase classname="GroupRequestsDtos UpdateGroupRequest should pass validation of valid UpdateGroupRequest object" name="GroupRequestsDtos UpdateGroupRequest should pass validation of valid UpdateGroupRequest object" time="0.001">
    </testcase>
    <testcase classname="GroupRequestsDtos GroupQuery should pass validation of empty GroupQuery object" name="GroupRequestsDtos GroupQuery should pass validation of empty GroupQuery object" time="0.001">
    </testcase>
    <testcase classname="GroupRequestsDtos GroupQuery should fail validation of invalid GroupQuery object" name="GroupRequestsDtos GroupQuery should fail validation of invalid GroupQuery object" time="0.001">
    </testcase>
    <testcase classname="GroupRequestsDtos GroupQuery should pass validation of valid GroupQuery object" name="GroupRequestsDtos GroupQuery should pass validation of valid GroupQuery object" time="0.001">
    </testcase>
  </testsuite>
  <testsuite name="GroupService" errors="0" failures="0" skipped="0" timestamp="2025-03-03T00:14:53" time="0.603" tests="21">
    <testcase classname="GroupService should be defined" name="GroupService should be defined" time="0.011">
    </testcase>
    <testcase classname="GroupService create should create a group successfully" name="GroupService create should create a group successfully" time="0.014">
    </testcase>
    <testcase classname="GroupService create should throw UnprocessableEntityException when creation fails" name="GroupService create should throw UnprocessableEntityException when creation fails" time="0.045">
    </testcase>
    <testcase classname="GroupService findAll should return array of groups" name="GroupService findAll should return array of groups" time="0.003">
    </testcase>
    <testcase classname="GroupService findOne should return a group" name="GroupService findOne should return a group" time="0.003">
    </testcase>
    <testcase classname="GroupService findOne should throw NotFoundException when group not found" name="GroupService findOne should throw NotFoundException when group not found" time="0.003">
    </testcase>
    <testcase classname="GroupService update should update a group successfully" name="GroupService update should update a group successfully" time="0.002">
    </testcase>
    <testcase classname="GroupService update should throw UnprocessableEntityException when update fails" name="GroupService update should throw UnprocessableEntityException when update fails" time="0.002">
    </testcase>
    <testcase classname="GroupService update should throw NotFoundException when group not found" name="GroupService update should throw NotFoundException when group not found" time="0.002">
    </testcase>
    <testcase classname="GroupService remove should remove a group successfully" name="GroupService remove should remove a group successfully" time="0.002">
    </testcase>
    <testcase classname="GroupService remove should throw UnprocessableEntityException when removal fails" name="GroupService remove should throw UnprocessableEntityException when removal fails" time="0.002">
    </testcase>
    <testcase classname="GroupService remove should throw NotFoundException when group not found" name="GroupService remove should throw NotFoundException when group not found" time="0.001">
    </testcase>
    <testcase classname="GroupService getGroupMembers should return group members" name="GroupService getGroupMembers should return group members" time="0.006">
    </testcase>
    <testcase classname="GroupService getGroupMembers should throw NotFoundException when group not found" name="GroupService getGroupMembers should throw NotFoundException when group not found" time="0.005">
    </testcase>
    <testcase classname="GroupService getGroupTournaments should return group tournaments" name="GroupService getGroupTournaments should return group tournaments" time="0.002">
    </testcase>
    <testcase classname="GroupService getGroupTournaments should throw NotFoundException when group not found" name="GroupService getGroupTournaments should throw NotFoundException when group not found" time="0.002">
    </testcase>
    <testcase classname="GroupService getGroupFollowers should return group followers" name="GroupService getGroupFollowers should return group followers" time="0.002">
    </testcase>
    <testcase classname="GroupService getGroupFollowers should throw NotFoundException when group not found" name="GroupService getGroupFollowers should throw NotFoundException when group not found" time="0.002">
    </testcase>
    <testcase classname="GroupService checkIfGroupIsReal should return void when group exists" name="GroupService checkIfGroupIsReal should return void when group exists" time="0.004">
    </testcase>
    <testcase classname="GroupService checkIfGroupIsReal should throw NotFoundException when group type is FAKE" name="GroupService checkIfGroupIsReal should throw NotFoundException when group type is FAKE" time="0.002">
    </testcase>
    <testcase classname="GroupService checkIfGroupIsReal should throw NotFoundException when group does not exist" name="GroupService checkIfGroupIsReal should throw NotFoundException when group does not exist" time="0.002">
    </testcase>
  </testsuite>
  <testsuite name="TournamentController" errors="0" failures="0" skipped="0" timestamp="2025-03-03T00:14:38" time="15.765" tests="8">
    <testcase classname="TournamentController findAll should return tournaments with metadata" name="TournamentController findAll should return tournaments with metadata" time="0.06">
    </testcase>
    <testcase classname="TournamentController findOne should return a single tournament" name="TournamentController findOne should return a single tournament" time="0.012">
    </testcase>
    <testcase classname="TournamentController create should create a tournament" name="TournamentController create should create a tournament" time="0.004">
    </testcase>
    <testcase classname="TournamentController update should update a tournament" name="TournamentController update should update a tournament" time="0.005">
    </testcase>
    <testcase classname="TournamentController remove should remove a tournament" name="TournamentController remove should remove a tournament" time="0.004">
    </testcase>
    <testcase classname="TournamentController guard combinations create endpoint guards should require ConditionalAdminGuard" name="TournamentController guard combinations create endpoint guards should require ConditionalAdminGuard" time="0.007">
    </testcase>
    <testcase classname="TournamentController guard combinations update endpoint guards should require both ConditionalAdminGuard and TournamentAdminGuard" name="TournamentController guard combinations update endpoint guards should require both ConditionalAdminGuard and TournamentAdminGuard" time="0.006">
    </testcase>
    <testcase classname="TournamentController guard combinations remove endpoint guards should require AdminAuthGuard and ConditionalAdminGuard" name="TournamentController guard combinations remove endpoint guards should require AdminAuthGuard and ConditionalAdminGuard" time="0.009">
    </testcase>
  </testsuite>
  <testsuite name="GroupController" errors="0" failures="0" skipped="0" timestamp="2025-03-03T00:14:38" time="15.868" tests="13">
    <testcase classname="GroupController should be defined" name="GroupController should be defined" time="0.018">
    </testcase>
    <testcase classname="GroupController create should create a group" name="GroupController create should create a group" time="0.019">
    </testcase>
    <testcase classname="GroupController findAll should return array of groups with metadata" name="GroupController findAll should return array of groups with metadata" time="0.009">
    </testcase>
    <testcase classname="GroupController findOne should return a group with BASE response type" name="GroupController findOne should return a group with BASE response type" time="0.003">
    </testcase>
    <testcase classname="GroupController findOne should return a group with MINI response type" name="GroupController findOne should return a group with MINI response type" time="0.004">
    </testcase>
    <testcase classname="GroupController findOne should return a group with MINI_WITH_LOGO response type" name="GroupController findOne should return a group with MINI_WITH_LOGO response type" time="0.003">
    </testcase>
    <testcase classname="GroupController findOne should return a group with MINI_WITH_COUNTRY response type" name="GroupController findOne should return a group with MINI_WITH_COUNTRY response type" time="0.005">
    </testcase>
    <testcase classname="GroupController findOne should return a group with EXTENDED response type" name="GroupController findOne should return a group with EXTENDED response type" time="0.003">
    </testcase>
    <testcase classname="GroupController update should update a group" name="GroupController update should update a group" time="0.004">
    </testcase>
    <testcase classname="GroupController remove should remove a group" name="GroupController remove should remove a group" time="0.003">
    </testcase>
    <testcase classname="GroupController getGroupMembers should return group members" name="GroupController getGroupMembers should return group members" time="0.003">
    </testcase>
    <testcase classname="GroupController getGroupTournaments should return group tournaments" name="GroupController getGroupTournaments should return group tournaments" time="0.004">
    </testcase>
    <testcase classname="GroupController getGroupFollowers should return group followers" name="GroupController getGroupFollowers should return group followers" time="0.002">
    </testcase>
  </testsuite>
  <testsuite name="CanCreateRosterGuard" errors="0" failures="0" skipped="0" timestamp="2025-03-03T00:14:53" time="0.356" tests="9">
    <testcase classname="CanCreateRosterGuard should be defined" name="CanCreateRosterGuard should be defined" time="0.016">
    </testcase>
    <testcase classname="CanCreateRosterGuard canActivate should throw BadRequestException if stageId is missing" name="CanCreateRosterGuard canActivate should throw BadRequestException if stageId is missing" time="0.035">
    </testcase>
    <testcase classname="CanCreateRosterGuard canActivate should throw BadRequestException if participationId is missing" name="CanCreateRosterGuard canActivate should throw BadRequestException if participationId is missing" time="0.002">
    </testcase>
    <testcase classname="CanCreateRosterGuard canActivate should throw BadRequestException if members are missing" name="CanCreateRosterGuard canActivate should throw BadRequestException if members are missing" time="0.002">
    </testcase>
    <testcase classname="CanCreateRosterGuard canActivate should throw ForbiddenException if roster already exists" name="CanCreateRosterGuard canActivate should throw ForbiddenException if roster already exists" time="0.003">
    </testcase>
    <testcase classname="CanCreateRosterGuard canActivate should throw ForbiddenException if stage is not the first stage" name="CanCreateRosterGuard canActivate should throw ForbiddenException if stage is not the first stage" time="0.015">
    </testcase>
    <testcase classname="CanCreateRosterGuard canActivate should return true if all conditions are met" name="CanCreateRosterGuard canActivate should return true if all conditions are met" time="0.003">
    </testcase>
    <testcase classname="CanCreateRosterGuard checkIfRosterAlreadyExists should throw ForbiddenException if roster already exists" name="CanCreateRosterGuard checkIfRosterAlreadyExists should throw ForbiddenException if roster already exists" time="0.004">
    </testcase>
    <testcase classname="CanCreateRosterGuard checkIfRosterAlreadyExists should not throw if roster does not exist" name="CanCreateRosterGuard checkIfRosterAlreadyExists should not throw if roster does not exist" time="0.01">
    </testcase>
  </testsuite>
  <testsuite name="BlockedUsersController" errors="0" failures="0" skipped="0" timestamp="2025-03-03T00:14:49" time="4.032" tests="3">
    <testcase classname="BlockedUsersController findAll should return blocked users with metadata" name="BlockedUsersController findAll should return blocked users with metadata" time="0.007">
    </testcase>
    <testcase classname="BlockedUsersController block should block a user" name="BlockedUsersController block should block a user" time="0.012">
    </testcase>
    <testcase classname="BlockedUsersController unblock should unblock a user" name="BlockedUsersController unblock should unblock a user" time="0.003">
    </testcase>
  </testsuite>
  <testsuite name="TournamentService" errors="0" failures="0" skipped="0" timestamp="2025-03-03T00:14:53" time="0.461" tests="10">
    <testcase classname="TournamentService create should successfully create a tournament" name="TournamentService create should successfully create a tournament" time="0.006">
    </testcase>
    <testcase classname="TournamentService create should throw UnprocessableEntityException when creation fails" name="TournamentService create should throw UnprocessableEntityException when creation fails" time="0.022">
    </testcase>
    <testcase classname="TournamentService findAll should return an array of tournaments" name="TournamentService findAll should return an array of tournaments" time="0.002">
    </testcase>
    <testcase classname="TournamentService findAll should return empty array when no tournaments found" name="TournamentService findAll should return empty array when no tournaments found" time="0.004">
    </testcase>
    <testcase classname="TournamentService findOne should return a single tournament" name="TournamentService findOne should return a single tournament" time="0.022">
    </testcase>
    <testcase classname="TournamentService findOne should throw NotFoundException when tournament not found" name="TournamentService findOne should throw NotFoundException when tournament not found" time="0.002">
    </testcase>
    <testcase classname="TournamentService update should successfully update a tournament" name="TournamentService update should successfully update a tournament" time="0.002">
    </testcase>
    <testcase classname="TournamentService update should throw NotFoundException when tournament not found" name="TournamentService update should throw NotFoundException when tournament not found" time="0.02">
    </testcase>
    <testcase classname="TournamentService remove should successfully remove a tournament" name="TournamentService remove should successfully remove a tournament" time="0.003">
    </testcase>
    <testcase classname="TournamentService remove should throw NotFoundException when tournament not found" name="TournamentService remove should throw NotFoundException when tournament not found" time="0.002">
    </testcase>
  </testsuite>
  <testsuite name="BlockedGroupsService" errors="0" failures="0" skipped="0" timestamp="2025-03-03T00:14:53" time="0.368" tests="7">
    <testcase classname="BlockedGroupsService checkIfGroupIsBlocked should return true if group is blocked" name="BlockedGroupsService checkIfGroupIsBlocked should return true if group is blocked" time="0.013">
    </testcase>
    <testcase classname="BlockedGroupsService checkIfGroupIsBlocked should return false if group is not blocked" name="BlockedGroupsService checkIfGroupIsBlocked should return false if group is not blocked" time="0.002">
    </testcase>
    <testcase classname="BlockedGroupsService blockGroup should block a group if not already blocked" name="BlockedGroupsService blockGroup should block a group if not already blocked" time="0.001">
    </testcase>
    <testcase classname="BlockedGroupsService blockGroup should throw BadRequestException if group is already blocked" name="BlockedGroupsService blockGroup should throw BadRequestException if group is already blocked" time="0.013">
    </testcase>
    <testcase classname="BlockedGroupsService unblockGroup should unblock a group if blocked" name="BlockedGroupsService unblockGroup should unblock a group if blocked" time="0.005">
    </testcase>
    <testcase classname="BlockedGroupsService unblockGroup should throw BadRequestException if group is not blocked" name="BlockedGroupsService unblockGroup should throw BadRequestException if group is not blocked" time="0.002">
    </testcase>
    <testcase classname="BlockedGroupsService getBlockedGroups should return blocked groups" name="BlockedGroupsService getBlockedGroups should return blocked groups" time="0.002">
    </testcase>
  </testsuite>
  <testsuite name="LFP DTOs" errors="0" failures="0" skipped="0" timestamp="2025-03-03T00:14:53" time="0.278" tests="12">
    <testcase classname="LFP DTOs CreateLFPDto should validate a valid create DTO" name="LFP DTOs CreateLFPDto should validate a valid create DTO" time="0.001">
    </testcase>
    <testcase classname="LFP DTOs CreateLFPDto should fail validation with empty message" name="LFP DTOs CreateLFPDto should fail validation with empty message" time="0.001">
    </testcase>
    <testcase classname="LFP DTOs CreateLFPDto should fail validation with too short message" name="LFP DTOs CreateLFPDto should fail validation with too short message" time="0">
    </testcase>
    <testcase classname="LFP DTOs CreateLFPDto should fail validation with too long message" name="LFP DTOs CreateLFPDto should fail validation with too long message" time="0.001">
    </testcase>
    <testcase classname="LFP DTOs UpdateLFPDto should validate a valid update DTO" name="LFP DTOs UpdateLFPDto should validate a valid update DTO" time="0.001">
    </testcase>
    <testcase classname="LFP DTOs UpdateLFPDto should validate an empty update DTO" name="LFP DTOs UpdateLFPDto should validate an empty update DTO" time="0">
    </testcase>
    <testcase classname="LFP DTOs UpdateLFPDto should validate with optional fields" name="LFP DTOs UpdateLFPDto should validate with optional fields" time="0.001">
    </testcase>
    <testcase classname="LFP DTOs LFPQueryDto should validate a valid query DTO" name="LFP DTOs LFPQueryDto should validate a valid query DTO" time="0.001">
    </testcase>
    <testcase classname="LFP DTOs LFPQueryDto should validate an empty query DTO" name="LFP DTOs LFPQueryDto should validate an empty query DTO" time="0">
    </testcase>
    <testcase classname="LFP DTOs LFPQueryDto should validate with optional fields" name="LFP DTOs LFPQueryDto should validate with optional fields" time="0.001">
    </testcase>
    <testcase classname="LFP DTOs LFPQueryDto should fail validation with invalid lat/lng" name="LFP DTOs LFPQueryDto should fail validation with invalid lat/lng" time="0.001">
    </testcase>
    <testcase classname="LFP DTOs LFPQueryDto should transform string numbers to numbers" name="LFP DTOs LFPQueryDto should transform string numbers to numbers" time="0.001">
    </testcase>
  </testsuite>
  <testsuite name="RosterController" errors="0" failures="0" skipped="0" timestamp="2025-03-03T00:14:37" time="16.024" tests="8">
    <testcase classname="RosterController findAll should return rosters with metadata" name="RosterController findAll should return rosters with metadata" time="0.027">
    </testcase>
    <testcase classname="RosterController findOne should return a single roster" name="RosterController findOne should return a single roster" time="0.005">
    </testcase>
    <testcase classname="RosterController update should update a roster" name="RosterController update should update a roster" time="0.004">
    </testcase>
    <testcase classname="RosterController findByStage should return rosters for a stage with metadata" name="RosterController findByStage should return rosters for a stage with metadata" time="0.004">
    </testcase>
    <testcase classname="RosterController findByParticipation should return rosters for a participation with metadata" name="RosterController findByParticipation should return rosters for a participation with metadata" time="0.003">
    </testcase>
    <testcase classname="RosterController findByUser should return rosters for a user with metadata" name="RosterController findByUser should return rosters for a user with metadata" time="0.003">
    </testcase>
    <testcase classname="RosterController findByGroup should return rosters for a group with metadata" name="RosterController findByGroup should return rosters for a group with metadata" time="0.008">
    </testcase>
    <testcase classname="RosterController create should create a roster" name="RosterController create should create a roster" time="0.017">
    </testcase>
  </testsuite>
  <testsuite name="UserDrizzleRepository" errors="0" failures="0" skipped="0" timestamp="2025-03-03T00:14:53" time="0.402" tests="9">
    <testcase classname="UserDrizzleRepository should be defined" name="UserDrizzleRepository should be defined" time="0.006">
    </testcase>
    <testcase classname="UserDrizzleRepository getQuery should return a valid query with base response type" name="UserDrizzleRepository getQuery should return a valid query with base response type" time="0.013">
    </testcase>
    <testcase classname="UserDrizzleRepository getQuery should return a valid query with extended response type" name="UserDrizzleRepository getQuery should return a valid query with extended response type" time="0.006">
    </testcase>
    <testcase classname="UserDrizzleRepository getSingleQuery should return a valid single query with base response type" name="UserDrizzleRepository getSingleQuery should return a valid single query with base response type" time="0.007">
    </testcase>
    <testcase classname="UserDrizzleRepository getSingleQuery should return a valid single query with extended response type" name="UserDrizzleRepository getSingleQuery should return a valid single query with extended response type" time="0.013">
    </testcase>
    <testcase classname="UserDrizzleRepository should create a valid entity given a valid request" name="UserDrizzleRepository should create a valid entity given a valid request" time="0.021">
    </testcase>
    <testcase classname="UserDrizzleRepository should update a valid entity given a valid request" name="UserDrizzleRepository should update a valid entity given a valid request" time="0.004">
    </testcase>
[...]
    </testcase>
    <testcase classname="PostgresExceptionFilter should handle PostgresError with code 57014" name="PostgresExceptionFilter should handle PostgresError with code 57014" time="0.001">
    </testcase>
    <testcase classname="PostgresExceptionFilter should handle unknown PostgresError code" name="PostgresExceptionFilter should handle unknown PostgresError code" time="0.007">
    </testcase>
  </testsuite>
  <testsuite name="NotificationTemplatesFiller" errors="0" failures="0" skipped="0" timestamp="2025-03-03T00:14:54" time="0.144" tests="5">
    <testcase classname="NotificationTemplatesFiller compileTemplates should compile all templates" name="NotificationTemplatesFiller compileTemplates should compile all templates" time="0.003">
    </testcase>
    <testcase classname="NotificationTemplatesFiller getTemplate should return the compiled template" name="NotificationTemplatesFiller getTemplate should return the compiled template" time="0">
    </testcase>
    <testcase classname="NotificationTemplatesFiller getTemplate should throw an error if template not found" name="NotificationTemplatesFiller getTemplate should throw an error if template not found" time="0.016">
    </testcase>
    <testcase classname="NotificationTemplatesFiller fill should fill the template with provided data" name="NotificationTemplatesFiller fill should fill the template with provided data" time="0">
    </testcase>
    <testcase classname="NotificationTemplatesFiller fill should throw an error if required keys are missing" name="NotificationTemplatesFiller fill should throw an error if required keys are missing" time="0.001">
    </testcase>
  </testsuite>
  <testsuite name="AppController" errors="0" failures="0" skipped="0" timestamp="2025-03-03T00:14:54" time="0.174" tests="1">
    <testcase classname="AppController root should return &quot;Hello World!&quot;" name="AppController root should return &quot;Hello World!&quot;" time="0.003">
    </testcase>
  </testsuite>
  <testsuite name="MetadataMaker" errors="0" failures="0" skipped="0" timestamp="2025-03-03T00:14:54" time="0.043" tests="5">
    <testcase classname="MetadataMaker makeMetadataFromQuery should return the correct metadata" name="MetadataMaker makeMetadataFromQuery should return the correct metadata" time="0.001">
    </testcase>
    <testcase classname="MetadataMaker makeLinks should return the correct links" name="MetadataMaker makeLinks should return the correct links" time="0">
    </testcase>
    <testcase classname="MetadataMaker makeLinks should handle URLs without page query parameter" name="MetadataMaker makeLinks should handle URLs without page query parameter" time="0.001">
    </testcase>
    <testcase classname="MetadataMaker makePagination should return the correct pagination" name="MetadataMaker makePagination should return the correct pagination" time="0">
    </testcase>
    <testcase classname="MetadataMaker makePagination should return the correct pagination when returnFullCount is false" name="MetadataMaker makePagination should return the correct pagination when returnFullCount is false" time="0.001">
    </testcase>
  </testsuite>
  <testsuite name="PublicTournamentParticipationGuard" errors="0" failures="0" skipped="0" timestamp="2025-03-03T00:14:54" time="0.212" tests="3">
    <testcase classname="PublicTournamentParticipationGuard canActivate should allow participation when tournament is public" name="PublicTournamentParticipationGuard canActivate should allow participation when tournament is public" time="0.005">
    </testcase>
    <testcase classname="PublicTournamentParticipationGuard canActivate should deny participation when tournament is not public" name="PublicTournamentParticipationGuard canActivate should deny participation when tournament is not public" time="0.008">
    </testcase>
    <testcase classname="PublicTournamentParticipationGuard canActivate should deny participation when tournament is undefined" name="PublicTournamentParticipationGuard canActivate should deny participation when tournament is undefined" time="0.003">
    </testcase>
  </testsuite>
  <testsuite name="RefreshTokenStrategy" errors="0" failures="0" skipped="0" timestamp="2025-03-03T00:14:54" time="0.272" tests="3">
    <testcase classname="RefreshTokenStrategy should be defined" name="RefreshTokenStrategy should be defined" time="0.005">
    </testcase>
    <testcase classname="RefreshTokenStrategy validate should return payload with refresh token" name="RefreshTokenStrategy validate should return payload with refresh token" time="0.003">
    </testcase>
    <testcase classname="RefreshTokenStrategy validate should handle malformed Authorization header" name="RefreshTokenStrategy validate should handle malformed Authorization header" time="0.002">
    </testcase>
  </testsuite>
  <testsuite name="CanRosterBeUsedGuard" errors="0" failures="0" skipped="0" timestamp="2025-03-03T00:14:38" time="16.808" tests="16">
    <testcase classname="CanRosterBeUsedGuard should be defined" name="CanRosterBeUsedGuard should be defined" time="0.041">
    </testcase>
    <testcase classname="CanRosterBeUsedGuard canActivate should return true for admin user regardless of other conditions" name="CanRosterBeUsedGuard canActivate should return true for admin user regardless of other conditions" time="0.01">
    </testcase>
    <testcase classname="CanRosterBeUsedGuard canActivate should throw BadRequestException if rosterId is provided but roster not found" name="CanRosterBeUsedGuard canActivate should throw BadRequestException if rosterId is provided but roster not found" time="0.034">
    </testcase>
    <testcase classname="CanRosterBeUsedGuard canActivate should use roster participationId and stageId if rosterId is provided" name="CanRosterBeUsedGuard canActivate should use roster participationId and stageId if rosterId is provided" time="0.017">
    </testcase>
    <testcase classname="CanRosterBeUsedGuard canActivate should throw BadRequestException if participationId and stageId are missing" name="CanRosterBeUsedGuard canActivate should throw BadRequestException if participationId and stageId are missing" time="0.004">
    </testcase>
    <testcase classname="CanRosterBeUsedGuard canActivate should throw BadRequestException if members are missing or empty" name="CanRosterBeUsedGuard canActivate should throw BadRequestException if members are missing or empty" time="0.003">
    </testcase>
    <testcase classname="CanRosterBeUsedGuard canActivate should throw ForbiddenException if participation does not exist" name="CanRosterBeUsedGuard canActivate should throw ForbiddenException if participation does not exist" time="0.021">
    </testcase>
    <testcase classname="CanRosterBeUsedGuard canActivate should throw ForbiddenException if stage does not exist" name="CanRosterBeUsedGuard canActivate should throw ForbiddenException if stage does not exist" time="0.024">
    </testcase>
    <testcase classname="CanRosterBeUsedGuard canActivate should throw ForbiddenException if stage tournamentId does not match participation tournamentId" name="CanRosterBeUsedGuard canActivate should throw ForbiddenException if stage tournamentId does not match participation tournamentId" time="0.003">
    </testcase>
    <testcase classname="CanRosterBeUsedGuard canActivate should validate solo participation (user is the only member)" name="CanRosterBeUsedGuard canActivate should validate solo participation (user is the only member)" time="0.003">
    </testcase>
    <testcase classname="CanRosterBeUsedGuard canActivate should throw ForbiddenException for solo participation with different user" name="CanRosterBeUsedGuard canActivate should throw ForbiddenException for solo participation with different user" time="0.004">
    </testcase>
    <testcase classname="CanRosterBeUsedGuard canActivate should validate team participation (user is admin and all members are in group)" name="CanRosterBeUsedGuard canActivate should validate team participation (user is admin and all members are in group)" time="0.003">
    </testcase>
    <testcase classname="CanRosterBeUsedGuard canActivate should throw ForbiddenException if user is not admin of the group" name="CanRosterBeUsedGuard canActivate should throw ForbiddenException if user is not admin of the group" time="0.002">
    </testcase>
    <testcase classname="CanRosterBeUsedGuard canActivate should throw ForbiddenException if any member is not in the group" name="CanRosterBeUsedGuard canActivate should throw ForbiddenException if any member is not in the group" time="0.009">
    </testcase>
    <testcase classname="CanRosterBeUsedGuard canActivate should throw ForbiddenException if any member is already in another roster" name="CanRosterBeUsedGuard canActivate should throw ForbiddenException if any member is already in another roster" time="0.003">
    </testcase>
    <testcase classname="CanRosterBeUsedGuard canActivate should throw ForbiddenException if any member is not tournament eligible" name="CanRosterBeUsedGuard canActivate should throw ForbiddenException if any member is not tournament eligible" time="0.003">
    </testcase>
  </testsuite>
  <testsuite name="DTO Validation Tests" errors="0" failures="0" skipped="0" timestamp="2025-03-03T00:14:54" time="0.33" tests="5">
    <testcase classname="DTO Validation Tests should validate LoginRequest" name="DTO Validation Tests should validate LoginRequest" time="0.003">
    </testcase>
    <testcase classname="DTO Validation Tests should validate ChangePasswordRequest" name="DTO Validation Tests should validate ChangePasswordRequest" time="0">
    </testcase>
    <testcase classname="DTO Validation Tests should validate SendResetPasswordEmailRequest" name="DTO Validation Tests should validate SendResetPasswordEmailRequest" time="0.001">
    </testcase>
    <testcase classname="DTO Validation Tests should validate ResetPasswordRequest" name="DTO Validation Tests should validate ResetPasswordRequest" time="0.001">
    </testcase>
    <testcase classname="DTO Validation Tests should validate UpdateEmailRequest" name="DTO Validation Tests should validate UpdateEmailRequest" time="0">
    </testcase>
  </testsuite>
  <testsuite name="EloHelper" errors="0" failures="0" skipped="0" timestamp="2025-03-03T00:14:54" time="0.06" tests="14">
    <testcase classname="EloHelper expectedScore should calculate expected score correctly for equal ratings" name="EloHelper expectedScore should calculate expected score correctly for equal ratings" time="0.001">
    </testcase>
    <testcase classname="EloHelper expectedScore should calculate expected score correctly for higher rated player" name="EloHelper expectedScore should calculate expected score correctly for higher rated player" time="0">
    </testcase>
    <testcase classname="EloHelper expectedScore should calculate expected score correctly for lower rated player" name="EloHelper expectedScore should calculate expected score correctly for lower rated player" time="0.001">
    </testcase>
    <testcase classname="EloHelper getKFactor should return HIGH_VOLATILITY_K for new players" name="EloHelper getKFactor should return HIGH_VOLATILITY_K for new players" time="0">
    </testcase>
    <testcase classname="EloHelper getKFactor should return HIGH_VOLATILITY_K for players under high volatility threshold" name="EloHelper getKFactor should return HIGH_VOLATILITY_K for players under high volatility threshold" time="0">
    </testcase>
    <testcase classname="EloHelper getKFactor should return MEDIUM_VOLATILITY_K for players in medium range" name="EloHelper getKFactor should return MEDIUM_VOLATILITY_K for players in medium range" time="0">
    </testcase>
    <testcase classname="EloHelper getKFactor should return LOW_VOLATILITY_K for experienced players" name="EloHelper getKFactor should return LOW_VOLATILITY_K for experienced players" time="0">
    </testcase>
    <testcase classname="EloHelper updateRating should increase rating for a win against equal opponent" name="EloHelper updateRating should increase rating for a win against equal opponent" time="0">
    </testcase>
    <testcase classname="EloHelper updateRating should decrease rating for a loss against equal opponent" name="EloHelper updateRating should decrease rating for a loss against equal opponent" time="0">
    </testcase>
    <testcase classname="EloHelper updateRating should increase rating more for winning against higher rated opponent" name="EloHelper updateRating should increase rating more for winning against higher rated opponent" time="0.001">
    </testcase>
    <testcase classname="EloHelper updateRating should decrease rating less for losing against higher rated opponent" name="EloHelper updateRating should decrease rating less for losing against higher rated opponent" time="0">
    </testcase>
    <testcase classname="EloHelper updateRating should never return a negative rating" name="EloHelper updateRating should never return a negative rating" time="0">
    </testcase>
    <testcase classname="EloHelper updateRating should return rounded integers" name="EloHelper updateRating should return rounded integers" time="0.001">
    </testcase>
    <testcase classname="EloHelper updateRating should apply different K factors based on matches played" name="EloHelper updateRating should apply different K factors based on matches played" time="0">
    </testcase>
  </testsuite>
  <testsuite name="MyDateRange" errors="0" failures="0" skipped="0" timestamp="2025-03-03T00:14:54" time="0.131" tests="2">
    <testcase classname="MyDateRange should pass validation when endDate is greater than startDate" name="MyDateRange should pass validation when endDate is greater than startDate" time="0.002">
    </testcase>
    <testcase classname="MyDateRange should fail validation when endDate same as startDate" name="MyDateRange should fail validation when endDate same as startDate" time="0.001">
    </testcase>
  </testsuite>
  <testsuite name="RefreshToken" errors="0" failures="0" skipped="0" timestamp="2025-03-03T00:14:54" time="0.13" tests="2">
    <testcase classname="RefreshToken should return refreshToken from request" name="RefreshToken should return refreshToken from request" time="0">
    </testcase>
    <testcase classname="RefreshToken should return null if user is not present in request" name="RefreshToken should return null if user is not present in request" time="0">
    </testcase>
  </testsuite>
  <testsuite name="FollowerQuery" errors="0" failures="0" skipped="0" timestamp="2025-03-03T00:14:54" time="0.546" tests="4">
    <testcase classname="FollowerQuery should pass validation with valid data" name="FollowerQuery should pass validation with valid data" time="0.005">
    </testcase>
    <testcase classname="FollowerQuery should fail validation with invalid userId" name="FollowerQuery should fail validation with invalid userId" time="0.001">
    </testcase>
    <testcase classname="FollowerQuery should fail validation with invalid followerId" name="FollowerQuery should fail validation with invalid followerId" time="0.001">
    </testcase>
    <testcase classname="FollowerQuery should pass validation with no optional fields" name="FollowerQuery should pass validation with no optional fields" time="0.001">
    </testcase>
  </testsuite>
  <testsuite name="ParticipationService" errors="0" failures="0" skipped="0" timestamp="2025-03-03T00:14:52" time="2.737" tests="20">
    <testcase classname="ParticipationService create should create a solo participation" name="ParticipationService create should create a solo participation" time="0.005">
    </testcase>
    <testcase classname="ParticipationService create should create a group participation" name="ParticipationService create should create a group participation" time="0.001">
    </testcase>
    <testcase classname="ParticipationService create should throw BadRequestException when neither userId nor groupId is provided" name="ParticipationService create should throw BadRequestException when neither userId nor groupId is provided" time="0.009">
    </testcase>
    <testcase classname="ParticipationService create should throw BadRequestException when creation fails" name="ParticipationService create should throw BadRequestException when creation fails" time="0.002">
    </testcase>
    <testcase classname="ParticipationService findAll should return all participations" name="ParticipationService findAll should return all participations" time="0.002">
    </testcase>
    <testcase classname="ParticipationService findOne should return a single participation" name="ParticipationService findOne should return a single participation" time="0.001">
    </testcase>
    <testcase classname="ParticipationService findOne should throw NotFoundException when participation not found" name="ParticipationService findOne should throw NotFoundException when participation not found" time="0.001">
    </testcase>
    <testcase classname="ParticipationService findOneWithoutThrow should return a single participation" name="ParticipationService findOneWithoutThrow should return a single participation" time="0.001">
    </testcase>
    <testcase classname="ParticipationService findOneWithoutThrow should return null when participation not found" name="ParticipationService findOneWithoutThrow should return null when participation not found" time="0.001">
    </testcase>
    <testcase classname="ParticipationService update should update a participation" name="ParticipationService update should update a participation" time="0.001">
    </testcase>
    <testcase classname="ParticipationService update should throw NotFoundException when participation not found" name="ParticipationService update should throw NotFoundException when participation not found" time="0.001">
    </testcase>
    <testcase classname="ParticipationService update should throw NotFoundException when update fails" name="ParticipationService update should throw NotFoundException when update fails" time="0.001">
    </testcase>
    <testcase classname="ParticipationService entityExists should return true when entity exists" name="ParticipationService entityExists should return true when entity exists" time="0.002">
    </testcase>
    <testcase classname="ParticipationService entityExists should return false when entity does not exist" name="ParticipationService entityExists should return false when entity does not exist" time="0.004">
    </testcase>
    <testcase classname="ParticipationService remove should remove a participation" name="ParticipationService remove should remove a participation" time="0.001">
    </testcase>
    <testcase classname="ParticipationService remove should throw NotFoundException when participation not found" name="ParticipationService remove should throw NotFoundException when participation not found" time="0.001">
    </testcase>
    <testcase classname="ParticipationService isParticipant should return true for existing solo participant" name="ParticipationService isParticipant should return true for existing solo participant" time="0.001">
    </testcase>
    <testcase classname="ParticipationService isParticipant should return true for existing group participant" name="ParticipationService isParticipant should return true for existing group participant" time="0">
    </testcase>
    <testcase classname="ParticipationService isParticipant should return false when neither userId nor groupId provided" name="ParticipationService isParticipant should return false when neither userId nor groupId provided" time="0.001">
    </testcase>
    <testcase classname="ParticipationService isParticipant should return false when participant not found" name="ParticipationService isParticipant should return false when participant not found" time="0.001">
    </testcase>
  </testsuite>
</testsuites>