<?xml version="1.0" encoding="UTF-8"?>
<testsuites name="jest tests" tests="951" failures="0" errors="0" time="23.241">
  <testsuite name="ParticipationService" errors="0" failures="0" skipped="0" timestamp="2025-04-09T05:16:06" time="13.117" tests="22">
    <testcase classname="ParticipationService create should create a solo participation" name="ParticipationService create should create a solo participation" time="0.056">
    </testcase>
    <testcase classname="ParticipationService create should create a group participation" name="ParticipationService create should create a group participation" time="0.004">
    </testcase>
    <testcase classname="ParticipationService create should throw BadRequestException when neither userId nor groupId is provided" name="ParticipationService create should throw BadRequestException when neither userId nor groupId is provided" time="0.06">
    </testcase>
    <testcase classname="ParticipationService create should throw BadRequestException when creation fails" name="ParticipationService create should throw BadRequestException when creation fails" time="0.02">
    </testcase>
    <testcase classname="ParticipationService findAll should return all participations" name="ParticipationService findAll should return all participations" time="0.003">
    </testcase>
    <testcase classname="ParticipationService findOne should return a single participation" name="ParticipationService findOne should return a single participation" time="0.004">
    </testcase>
    <testcase classname="ParticipationService findOne should throw NotFoundException when participation not found" name="ParticipationService findOne should throw NotFoundException when participation not found" time="0.003">
    </testcase>
    <testcase classname="ParticipationService findOneWithoutThrow should return participation if found" name="ParticipationService findOneWithoutThrow should return participation if found" time="0.01">
    </testcase>
    <testcase classname="ParticipationService findOneWithoutThrow should return null if participation not found" name="ParticipationService findOneWithoutThrow should return null if participation not found" time="0.003">
    </testcase>
    <testcase classname="ParticipationService findOneWithoutThrow should use BASE response type by default" name="ParticipationService findOneWithoutThrow should use BASE response type by default" time="0.003">
    </testcase>
    <testcase classname="ParticipationService update should update a participation" name="ParticipationService update should update a participation" time="0.002">
    </testcase>
    <testcase classname="ParticipationService update should throw NotFoundException when participation not found" name="ParticipationService update should throw NotFoundException when participation not found" time="0.006">
    </testcase>
    <testcase classname="ParticipationService update should throw NotFoundException when update fails" name="ParticipationService update should throw NotFoundException when update fails" time="0.002">
    </testcase>
    <testcase classname="ParticipationService entityExists should return true if participation exists" name="ParticipationService entityExists should return true if participation exists" time="0.003">
    </testcase>
    <testcase classname="ParticipationService entityExists should return false if participation does not exist" name="ParticipationService entityExists should return false if participation does not exist" time="0.01">
    </testcase>
    <testcase classname="ParticipationService remove should remove a participation" name="ParticipationService remove should remove a participation" time="0.002">
    </testcase>
    <testcase classname="ParticipationService remove should throw NotFoundException when participation not found" name="ParticipationService remove should throw NotFoundException when participation not found" time="0.015">
    </testcase>
    <testcase classname="ParticipationService isParticipant should return true if user is a participant" name="ParticipationService isParticipant should return true if user is a participant" time="0.004">
    </testcase>
    <testcase classname="ParticipationService isParticipant should return true if group is a participant" name="ParticipationService isParticipant should return true if group is a participant" time="0.017">
    </testcase>
    <testcase classname="ParticipationService isParticipant should return false if neither user nor group is provided" name="ParticipationService isParticipant should return false if neither user nor group is provided" time="0.003">
    </testcase>
    <testcase classname="ParticipationService isParticipant should return false if no participations found" name="ParticipationService isParticipant should return false if no participations found" time="0.004">
    </testcase>
    <testcase classname="ParticipationService getManagedParticipationsForPlayer should call repository.getManagedParticipationsForPlayer with correct parameters" name="ParticipationService getManagedParticipationsForPlayer should call repository.getManagedParticipationsForPlayer with correct parameters" time="0.003">
    </testcase>
  </testsuite>
  <testsuite name="RosterService" errors="0" failures="0" skipped="0" timestamp="2025-04-09T05:16:06" time="13.593" tests="28">
    <testcase classname="RosterService create should successfully create a roster" name="RosterService create should successfully create a roster" time="0.055">
    </testcase>
    <testcase classname="RosterService create should throw UnprocessableEntityException when creation fails" name="RosterService create should throw UnprocessableEntityException when creation fails" time="0.132">
    </testcase>
    <testcase classname="RosterService findAll should return an array of rosters with MINI response type" name="RosterService findAll should return an array of rosters with MINI response type" time="0.021">
    </testcase>
    <testcase classname="RosterService findAll should return an array of rosters with players for non-MINI response type" name="RosterService findAll should return an array of rosters with players for non-MINI response type" time="0.004">
    </testcase>
    <testcase classname="RosterService findByPlayer should return rosters for a player" name="RosterService findByPlayer should return rosters for a player" time="0.005">
    </testcase>
    <testcase classname="RosterService findByGroup should return rosters for a group" name="RosterService findByGroup should return rosters for a group" time="0.037">
    </testcase>
    <testcase classname="RosterService findByTournament should return rosters for a tournament" name="RosterService findByTournament should return rosters for a tournament" time="0.003">
    </testcase>
    <testcase classname="RosterService findByParticipation should return rosters for a participation" name="RosterService findByParticipation should return rosters for a participation" time="0.025">
    </testcase>
    <testcase classname="RosterService findByStage should return rosters for a stage" name="RosterService findByStage should return rosters for a stage" time="0.005">
    </testcase>
    <testcase classname="RosterService findOne should return a single roster" name="RosterService findOne should return a single roster" time="0.01">
    </testcase>
    <testcase classname="RosterService findOne should throw NotFoundException when roster not found" name="RosterService findOne should throw NotFoundException when roster not found" time="0.017">
    </testcase>
    <testcase classname="RosterService update should successfully update a roster" name="RosterService update should successfully update a roster" time="0.016">
    </testcase>
    <testcase classname="RosterService update should throw NotFoundException when roster not found" name="RosterService update should throw NotFoundException when roster not found" time="0.008">
    </testcase>
    <testcase classname="RosterService isAnyMemberInAnotherRoster should check if any member is in another roster" name="RosterService isAnyMemberInAnotherRoster should check if any member is in another roster" time="0.007">
    </testcase>
    <testcase classname="RosterService isAnyMemberInAnotherRoster should check with excluded roster IDs" name="RosterService isAnyMemberInAnotherRoster should check with excluded roster IDs" time="0.005">
    </testcase>
    <testcase classname="RosterService remove should successfully delete a roster" name="RosterService remove should successfully delete a roster" time="0.003">
    </testcase>
    <testcase classname="RosterService remove should throw NotFoundException when roster not found" name="RosterService remove should throw NotFoundException when roster not found" time="0.003">
    </testcase>
    <testcase classname="RosterService createForSinglePlayer should create a roster for a single player" name="RosterService createForSinglePlayer should create a roster for a single player" time="0.003">
    </testcase>
    <testcase classname="RosterService createForSinglePlayerForNewStage should create rosters for single players in a new stage" name="RosterService createForSinglePlayerForNewStage should create rosters for single players in a new stage" time="0.003">
    </testcase>
    <testcase classname="RosterService getOnlyPlayers should return only players for a roster" name="RosterService getOnlyPlayers should return only players for a roster" time="0.003">
    </testcase>
    <testcase classname="RosterService getChangeAmount should calculate the change amount when adding players" name="RosterService getChangeAmount should calculate the change amount when adding players" time="0.002">
    </testcase>
    <testcase classname="RosterService getChangeAmount should calculate the change amount when removing players" name="RosterService getChangeAmount should calculate the change amount when removing players" time="0.002">
    </testcase>
    <testcase classname="RosterService getChangeAmount should calculate the change amount when replacing players" name="RosterService getChangeAmount should calculate the change amount when replacing players" time="0.003">
    </testcase>
    <testcase classname="RosterService isEachMemberTournamentEligible should return false if not all members have careers" name="RosterService isEachMemberTournamentEligible should return false if not all members have careers" time="0.002">
    </testcase>
    <testcase classname="RosterService isEachMemberTournamentEligible should return false if any player has invalid ELO" name="RosterService isEachMemberTournamentEligible should return false if any player has invalid ELO" time="0.003">
    </testcase>
    <testcase classname="RosterService isEachMemberTournamentEligible should return false if fake players are not allowed" name="RosterService isEachMemberTournamentEligible should return false if fake players are not allowed" time="0.019">
    </testcase>
    <testcase classname="RosterService isEachMemberTournamentEligible should return true if fake players are allowed" name="RosterService isEachMemberTournamentEligible should return true if fake players are allowed" time="0.027">
    </testcase>
    <testcase classname="RosterService isEachMemberTournamentEligible should return false if all conditions are met and fake players not allowed" name="RosterService isEachMemberTournamentEligible should return false if all conditions are met and fake players not allowed" time="0.01">
    </testcase>
  </testsuite>
  <testsuite name="GroupMembershipService" errors="0" failures="0" skipped="0" timestamp="2025-04-09T05:16:06" time="13.64" tests="18">
    <testcase classname="GroupMembershipService should be defined" name="GroupMembershipService should be defined" time="0.022">
    </testcase>
    <testcase classname="GroupMembershipService create should create a group membership" name="GroupMembershipService create should create a group membership" time="0.006">
    </testcase>
    <testcase classname="GroupMembershipService findAll should return all group memberships" name="GroupMembershipService findAll should return all group memberships" time="0.005">
    </testcase>
    <testcase classname="GroupMembershipService findOne should return a single group membership" name="GroupMembershipService findOne should return a single group membership" time="0.003">
    </testcase>
    <testcase classname="GroupMembershipService findOne should return a single group membership with custom response type" name="GroupMembershipService findOne should return a single group membership with custom response type" time="0.004">
    </testcase>
    <testcase classname="GroupMembershipService update should update a group membership" name="GroupMembershipService update should update a group membership" time="0.003">
    </testcase>
    <testcase classname="GroupMembershipService update should update and send admin promotion notification" name="GroupMembershipService update should update and send admin promotion notification" time="0.015">
    </testcase>
    <testcase classname="GroupMembershipService update should update and send admin demotion notification" name="GroupMembershipService update should update and send admin demotion notification" time="0.018">
    </testcase>
    <testcase classname="GroupMembershipService remove should remove a group membership and send notification" name="GroupMembershipService remove should remove a group membership and send notification" time="0.003">
    </testcase>
    <testcase classname="GroupMembershipService sendNotificationAboutPromotion should send notification about admin promotion" name="GroupMembershipService sendNotificationAboutPromotion should send notification about admin promotion" time="0.003">
    </testcase>
    <testcase classname="GroupMembershipService sendNotificationAboutDemotion should send notification about admin demotion" name="GroupMembershipService sendNotificationAboutDemotion should send notification about admin demotion" time="0.013">
    </testcase>
    <testcase classname="GroupMembershipService role checks isAdmin should return true for admin role" name="GroupMembershipService role checks isAdmin should return true for admin role" time="0.017">
    </testcase>
    <testcase classname="GroupMembershipService role checks isAdmin should return true for owner role" name="GroupMembershipService role checks isAdmin should return true for owner role" time="0.002">
    </testcase>
    <testcase classname="GroupMembershipService role checks isAdmin should return false for member role" name="GroupMembershipService role checks isAdmin should return false for member role" time="0.003">
    </testcase>
    <testcase classname="GroupMembershipService role checks isMember should return true when membership exists" name="GroupMembershipService role checks isMember should return true when membership exists" time="0.003">
    </testcase>
    <testcase classname="GroupMembershipService role checks isMember should return false when membership does not exist" name="GroupMembershipService role checks isMember should return false when membership does not exist" time="0.002">
    </testcase>
    <testcase classname="GroupMembershipService role checks isOwner should return true for owner role" name="GroupMembershipService role checks isOwner should return true for owner role" time="0.002">
    </testcase>
    <testcase classname="GroupMembershipService role checks isOwner should return false for non-owner roles" name="GroupMembershipService role checks isOwner should return false for non-owner roles" time="0.002">
    </testcase>
  </testsuite>
  <testsuite name="StageService" errors="0" failures="0" skipped="0" timestamp="2025-04-09T05:16:06" time="13.735" tests="26">
    <testcase classname="StageService create should successfully create a stage" name="StageService create should successfully create a stage" time="0.218">
    </testcase>
    <testcase classname="StageService create should throw UnprocessableEntityException when creation fails" name="StageService create should throw UnprocessableEntityException when creation fails" time="0.04">
    </testcase>
    <testcase classname="StageService findAll should return an array of stages" name="StageService findAll should return an array of stages" time="0.016">
    </testcase>
    <testcase classname="StageService findOne should return a single stage" name="StageService findOne should return a single stage" time="0.021">
    </testcase>
    <testcase classname="StageService findOne should throw NotFoundException when stage not found" name="StageService findOne should throw NotFoundException when stage not found" time="0.026">
    </testcase>
    <testcase classname="StageService update should successfully update a stage" name="StageService update should successfully update a stage" time="0.026">
    </testcase>
    <testcase classname="StageService update should throw NotFoundException when stage not found" name="StageService update should throw NotFoundException when stage not found" time="0.02">
    </testcase>
    <testcase classname="StageService remove should successfully delete a stage" name="StageService remove should successfully delete a stage" time="0.005">
    </testcase>
    <testcase classname="StageService remove should throw NotFoundException when stage not found" name="StageService remove should throw NotFoundException when stage not found" time="0.018">
    </testcase>
    <testcase classname="StageService getFirstStage should return the first stage of a tournament" name="StageService getFirstStage should return the first stage of a tournament" time="0.012">
    </testcase>
    <testcase classname="StageService getFirstStage should return undefined if no stages exist" name="StageService getFirstStage should return undefined if no stages exist" time="0.026">
    </testcase>
    <testcase classname="StageService isFirstStage should return true if the stage is the first stage" name="StageService isFirstStage should return true if the stage is the first stage" time="0.011">
    </testcase>
    <testcase classname="StageService isFirstStage should return false if the stage is not the first stage" name="StageService isFirstStage should return false if the stage is not the first stage" time="0.005">
    </testcase>
    <testcase classname="StageService getStagesSortedByStartDate should return stages sorted by start date" name="StageService getStagesSortedByStartDate should return stages sorted by start date" time="0.046">
    </testcase>
    <testcase classname="StageService getStagesSortedByStartDate should return an empty array if no stages exist" name="StageService getStagesSortedByStartDate should return an empty array if no stages exist" time="0.019">
    </testcase>
    <testcase classname="StageService getManagedStages should return stages managed by the user" name="StageService getManagedStages should return stages managed by the user" time="0.014">
    </testcase>
    <testcase classname="StageService getManagedStages should return empty array when no stages are managed by the user" name="StageService getManagedStages should return empty array when no stages are managed by the user" time="0.004">
    </testcase>
    <testcase classname="StageService getManagedStages should work without pagination parameter" name="StageService getManagedStages should work without pagination parameter" time="0.011">
    </testcase>
    <testcase classname="StageService startStage should successfully start a stage" name="StageService startStage should successfully start a stage" time="0.005">
    </testcase>
    <testcase classname="StageService startStage should throw BadRequestException if stage is already ongoing" name="StageService startStage should throw BadRequestException if stage is already ongoing" time="0.018">
    </testcase>
    <testcase classname="StageService startStage should throw BadRequestException if no challonge tournament ID" name="StageService startStage should throw BadRequestException if no challonge tournament ID" time="0.005">
    </testcase>
    <testcase classname="StageService startStage should throw BadRequestException if no rosters found" name="StageService startStage should throw BadRequestException if no rosters found" time="0.004">
    </testcase>
    <testcase classname="StageService startStage should handle transaction failure gracefully" name="StageService startStage should handle transaction failure gracefully" time="0.008">
    </testcase>
    <testcase classname="StageService sendStageStartNotifications should send notifications to all users in stage rosters" name="StageService sendStageStartNotifications should send notifications to all users in stage rosters" time="0.005">
    </testcase>
    <testcase classname="StageService sendStageStartNotifications should not send notifications when no users are found" name="StageService sendStageStartNotifications should not send notifications when no users are found" time="0.014">
    </testcase>
    <testcase classname="StageService sendStageStartNotifications should handle errors gracefully" name="StageService sendStageStartNotifications should handle errors gracefully" time="0.004">
    </testcase>
  </testsuite>
  <testsuite name="CanCancelParticipationGuard" errors="0" failures="0" skipped="0" timestamp="2025-04-09T05:16:06" time="13.938" tests="9">
    <testcase classname="CanCancelParticipationGuard canActivate should allow tournament creator to cancel any participation" name="CanCancelParticipationGuard canActivate should allow tournament creator to cancel any participation" time="0.038">
    </testcase>
    <testcase classname="CanCancelParticipationGuard canActivate should allow user to cancel their own solo participation" name="CanCancelParticipationGuard canActivate should allow user to cancel their own solo participation" time="0.005">
    </testcase>
    <testcase classname="CanCancelParticipationGuard canActivate should allow group admin to cancel group participation" name="CanCancelParticipationGuard canActivate should allow group admin to cancel group participation" time="0.005">
    </testcase>
    <testcase classname="CanCancelParticipationGuard canActivate should allow affiliated group admin to cancel any participation" name="CanCancelParticipationGuard canActivate should allow affiliated group admin to cancel any participation" time="0.006">
    </testcase>
    <testcase classname="CanCancelParticipationGuard canActivate should deny non-admin user canceling other user participation" name="CanCancelParticipationGuard canActivate should deny non-admin user canceling other user participation" time="0.057">
    </testcase>
    <testcase classname="CanCancelParticipationGuard canActivate should deny non-admin user canceling group participation" name="CanCancelParticipationGuard canActivate should deny non-admin user canceling group participation" time="0.024">
    </testcase>
    <testcase classname="CanCancelParticipationGuard canActivate should deny cancellation if tournament has ended" name="CanCancelParticipationGuard canActivate should deny cancellation if tournament has ended" time="0.004">
    </testcase>
    <testcase classname="CanCancelParticipationGuard canActivate should throw error if participation not found" name="CanCancelParticipationGuard canActivate should throw error if participation not found" time="0.003">
    </testcase>
    <testcase classname="CanCancelParticipationGuard canActivate should handle missing tournament gracefully" name="CanCancelParticipationGuard canActivate should handle missing tournament gracefully" time="0.009">
    </testcase>
  </testsuite>
  <testsuite name="MatchesService" errors="0" failures="0" skipped="0" timestamp="2025-04-09T05:16:06" time="14.707" tests="18">
    <testcase classname="MatchesService should be defined" name="MatchesService should be defined" time="0.034">
    </testcase>
    <testcase classname="MatchesService createMatchScore should create match score and update Challonge if the matchup has a Challonge ID" name="MatchesService createMatchScore should create match score and update Challonge if the matchup has a Challonge ID" time="0.14">
    </testcase>
    <testcase classname="MatchesService createMatchScore should create match score without updating Challonge if no Challonge ID" name="MatchesService createMatchScore should create match score without updating Challonge if no Challonge ID" time="0.009">
    </testcase>
    <testcase classname="MatchesService getMatchupsWithResults should return matchups with results" name="MatchesService getMatchupsWithResults should return matchups with results" time="0.005">
    </testcase>
    <testcase classname="MatchesService getMatchupWithResultsAndScores should return a matchup with results and scores" name="MatchesService getMatchupWithResultsAndScores should return a matchup with results and scores" time="0.032">
    </testcase>
    <testcase classname="MatchesService getResultsForUser should return matchups with results for a user" name="MatchesService getResultsForUser should return matchups with results for a user" time="0.004">
    </testcase>
    <testcase classname="MatchesService getResultsForRoster should return results for a roster" name="MatchesService getResultsForRoster should return results for a roster" time="0.004">
    </testcase>
    <testcase classname="MatchesService getResultsForGroup should return results for a group with pagination" name="MatchesService getResultsForGroup should return results for a group with pagination" time="0.004">
    </testcase>
    <testcase classname="MatchesService importChallongeMatchesToStage should import Challonge matches to stage" name="MatchesService importChallongeMatchesToStage should import Challonge matches to stage" time="0.012">
    </testcase>
    <testcase classname="MatchesService getManagedMatchups should return managed matchups for a user" name="MatchesService getManagedMatchups should return managed matchups for a user" time="0.005">
    </testcase>
    <testcase classname="MatchesService canUserEditMatchup should check if a user can edit a matchup" name="MatchesService canUserEditMatchup should check if a user can edit a matchup" time="0.005">
    </testcase>
    <testcase classname="MatchesService isMatchupInTournament should check if a matchup is in a tournament" name="MatchesService isMatchupInTournament should check if a matchup is in a tournament" time="0.002">
    </testcase>
    <testcase classname="MatchesService updateMatchScore should update match score and update Challonge if the matchup has a Challonge ID" name="MatchesService updateMatchScore should update match score and update Challonge if the matchup has a Challonge ID" time="0.004">
    </testcase>
    <testcase classname="MatchesService updateMatchScore should update match score without updating Challonge if no Challonge ID" name="MatchesService updateMatchScore should update match score without updating Challonge if no Challonge ID" time="0.003">
    </testcase>
    <testcase classname="MatchesService deleteMatchScore should delete match score and update Challonge if the matchup has a Challonge ID" name="MatchesService deleteMatchScore should delete match score and update Challonge if the matchup has a Challonge ID" time="0.026">
    </testcase>
    <testcase classname="MatchesService deleteMatchScore should delete match score without updating Challonge if no Challonge ID" name="MatchesService deleteMatchScore should delete match score without updating Challonge if no Challonge ID" time="0.003">
    </testcase>
    <testcase classname="MatchesService getResultsForRoster should return matchups with results for a roster" name="MatchesService getResultsForRoster should return matchups with results for a roster" time="0.003">
    </testcase>
    <testcase classname="MatchesService getManagedMatchups should return matchups managed by the user" name="MatchesService getManagedMatchups should return matchups managed by the user" time="0.003">
    </testcase>
  </testsuite>
  <testsuite name="RosterController" errors="0" failures="0" skipped="0" timestamp="2025-04-09T05:16:20" time="1.148" tests="8">
    <testcase classname="RosterController findAll should return rosters with metadata" name="RosterController findAll should return rosters with metadata" time="0.012">
    </testcase>
    <testcase classname="RosterController findOne should return a single roster" name="RosterController findOne should return a single roster" time="0.008">
    </testcase>
    <testcase classname="RosterController update should update a roster" name="RosterController update should update a roster" time="0.004">
    </testcase>
    <testcase classname="RosterController findByStage should return rosters for a stage with metadata" name="RosterController findByStage should return rosters for a stage with metadata" time="0.005">
    </testcase>
    <testcase classname="RosterController findByParticipation should return rosters for a participation with metadata" name="RosterController findByParticipation should return rosters for a participation with metadata" time="0.004">
    </testcase>
    <testcase classname="RosterController findByUser should return rosters for a user with metadata" name="RosterController findByUser should return rosters for a user with metadata" time="0.003">
    </testcase>
    <testcase classname="RosterController findByGroup should return rosters for a group with metadata" name="RosterController findByGroup should return rosters for a group with metadata" time="0.003">
    </testcase>
    <testcase classname="RosterController create should create a roster" name="RosterController create should create a roster" time="0.027">
    </testcase>
  </testsuite>
  <testsuite name="TournamentController" errors="0" failures="0" skipped="0" timestamp="2025-04-09T05:16:20" time="1.064" tests="10">
    <testcase classname="TournamentController findAll should return tournaments with metadata" name="TournamentController findAll should return tournaments with metadata" time="0.027">
    </testcase>
    <testcase classname="TournamentController findOne should return a single tournament" name="TournamentController findOne should return a single tournament" time="0.015">
    </testcase>
    <testcase classname="TournamentController create should create a tournament" name="TournamentController create should create a tournament" time="0.013">
    </testcase>
    <testcase classname="TournamentController update should update a tournament" name="TournamentController update should update a tournament" time="0.003">
    </testcase>
    <testcase classname="TournamentController remove should remove a tournament" name="TournamentController remove should remove a tournament" time="0.011">
    </testcase>
    <testcase classname="TournamentController getManagedTournaments should return tournaments managed by the user" name="TournamentController getManagedTournaments should return tournaments managed by the user" time="0.003">
    </testcase>
    <testcase classname="TournamentController getManagedTournaments should pass the correct user ID to the service" name="TournamentController getManagedTournaments should pass the correct user ID to the service" time="0.002">
    </testcase>
    <testcase classname="TournamentController guard combinations create endpoint guards should require ConditionalAdminGuard" name="TournamentController guard combinations create endpoint guards should require ConditionalAdminGuard" time="0.004">
    </testcase>
    <testcase classname="TournamentController guard combinations update endpoint guards should require both ConditionalAdminGuard and TournamentAdminGuard" name="TournamentController guard combinations update endpoint guards should require both ConditionalAdminGuard and TournamentAdminGuard" time="0.027">
    </testcase>
    <testcase classname="TournamentController guard combinations remove endpoint guards should require AdminAuthGuard and ConditionalAdminGuard" name="TournamentController guard combinations remove endpoint guards should require AdminAuthGuard and ConditionalAdminGuard" time="0.004">
    </testcase>
  </testsuite>
  <testsuite name="MatchesController" errors="0" failures="0" skipped="0" timestamp="2025-04-09T05:16:20" time="1.23" tests="10">
    <testcase classname="MatchesController should be defined" name="MatchesController should be defined" time="0.015">
    </testcase>
    <testcase classname="MatchesController createScore should create a score for a matchup" name="MatchesController createScore should create a score for a matchup" time="0.004">
    </testcase>
    <testcase classname="MatchesController updateScore should update a score for a matchup" name="MatchesController updateScore should update a score for a matchup" time="0.003">
    </testcase>
    <testcase classname="MatchesController deleteMatchScore should delete a score for a matchup" name="MatchesController deleteMatchScore should delete a score for a matchup" time="0.015">
    </testcase>
    <testcase classname="MatchesController getMatchupsWithResults should return matchups with results" name="MatchesController getMatchupsWithResults should return matchups with results" time="0.004">
    </testcase>
    <testcase classname="MatchesController getMatchupWithResultsAndScores should return a matchup with results and scores" name="MatchesController getMatchupWithResultsAndScores should return a matchup with results and scores" time="0.003">
    </testcase>
    <testcase classname="MatchesController getResultsForUser should return results for a user" name="MatchesController getResultsForUser should return results for a user" time="0.004">
    </testcase>
    <testcase classname="MatchesController getResultsForRoster should return results for a roster" name="MatchesController getResultsForRoster should return results for a roster" time="0.002">
    </testcase>
    <testcase classname="MatchesController getManagedMatchups should return matchups managed by the user" name="MatchesController getManagedMatchups should return matchups managed by the user" time="0.004">
    </testcase>
    <testcase classname="MatchesController getResultsForGroup should return results for a group" name="MatchesController getResultsForGroup should return results for a group" time="0.003">
    </testcase>
  </testsuite>
  <testsuite name="StageController" errors="0" failures="0" skipped="0" timestamp="2025-04-09T05:16:20" time="0.942" tests="8">
    <testcase classname="StageController findAll should return stages with metadata" name="StageController findAll should return stages with metadata" time="0.016">
    </testcase>
    <testcase classname="StageController findOne should return a single stage" name="StageController findOne should return a single stage" time="0.004">
    </testcase>
    <testcase classname="StageController create should create a stage" name="StageController create should create a stage" time="0.007">
    </testcase>
    <testcase classname="StageController update should update a stage" name="StageController update should update a stage" time="0.003">
    </testcase>
    <testcase classname="StageController remove should remove a stage" name="StageController remove should remove a stage" time="0.003">
    </testcase>
    <testcase classname="StageController getManagedStages should return stages managed by the user" name="StageController getManagedStages should return stages managed by the user" time="0.003">
    </testcase>
    <testcase classname="StageController getManagedStages should pass the correct user ID to the service" name="StageController getManagedStages should pass the correct user ID to the service" time="0.007">
    </testcase>
    <testcase classname="StageController startStage should start a stage" name="StageController startStage should start a stage" time="0.002">
    </testcase>
  </testsuite>
  <testsuite name="CanRosterBeUsedGuard" errors="0" failures="0" skipped="0" timestamp="2025-04-09T05:16:06" time="15.395" tests="16">
    <testcase classname="CanRosterBeUsedGuard should be defined" name="CanRosterBeUsedGuard should be defined" time="0.021">
    </testcase>
    <testcase classname="CanRosterBeUsedGuard canActivate should return true for admin user regardless of other conditions" name="CanRosterBeUsedGuard canActivate should return true for admin user regardless of other conditions" time="0.006">
    </testcase>
    <testcase classname="CanRosterBeUsedGuard canActivate should throw BadRequestException if rosterId is provided but roster not found" name="CanRosterBeUsedGuard canActivate should throw BadRequestException if rosterId is provided but roster not found" time="0.08">
    </testcase>
    <testcase classname="CanRosterBeUsedGuard canActivate should use roster participationId and stageId if rosterId is provided" name="CanRosterBeUsedGuard canActivate should use roster participationId and stageId if rosterId is provided" time="0.008">
    </testcase>
    <testcase classname="CanRosterBeUsedGuard canActivate should throw BadRequestException if participationId and stageId are missing" name="CanRosterBeUsedGuard canActivate should throw BadRequestException if participationId and stageId are missing" time="0.009">
    </testcase>
    <testcase classname="CanRosterBeUsedGuard canActivate should throw BadRequestException if members are missing or empty" name="CanRosterBeUsedGuard canActivate should throw BadRequestException if members are missing or empty" time="0.004">
    </testcase>
    <testcase classname="CanRosterBeUsedGuard canActivate should throw ForbiddenException if participation does not exist" name="CanRosterBeUsedGuard canActivate should throw ForbiddenException if participation does not exist" time="0.003">
    </testcase>
    <testcase classname="CanRosterBeUsedGuard canActivate should throw ForbiddenException if stage does not exist" name="CanRosterBeUsedGuard canActivate should throw ForbiddenException if stage does not exist" time="0.008">
    </testcase>
    <testcase classname="CanRosterBeUsedGuard canActivate should throw ForbiddenException if stage tournamentId does not match participation tournamentId" name="CanRosterBeUsedGuard canActivate should throw ForbiddenException if stage tournamentId does not match participation tournamentId" time="0.005">
    </testcase>
    <testcase classname="CanRosterBeUsedGuard canActivate should validate solo participation (user is the only member)" name="CanRosterBeUsedGuard canActivate should validate solo participation (user is the only member)" time="0.004">
    </testcase>
    <testcase classname="CanRosterBeUsedGuard canActivate should throw ForbiddenException for solo participation with different user" name="CanRosterBeUsedGuard canActivate should throw ForbiddenException for solo participation with different user" time="0.007">
    </testcase>
    <testcase classname="CanRosterBeUsedGuard canActivate should validate team participation (user is admin and all members are in group)" name="CanRosterBeUsedGuard canActivate should validate team participation (user is admin and all members are in group)" time="0.003">
    </testcase>
    <testcase classname="CanRosterBeUsedGuard canActivate should throw ForbiddenException if user is not admin of the group" name="CanRosterBeUsedGuard canActivate should throw ForbiddenException if user is not admin of the group" time="0.003">
    </testcase>
    <testcase classname="CanRosterBeUsedGuard canActivate should throw ForbiddenException if any member is not in the group" name="CanRosterBeUsedGuard canActivate should throw ForbiddenException if any member is not in the group" time="0.033">
    </testcase>
    <testcase classname="CanRosterBeUsedGuard canActivate should throw ForbiddenException if any member is already in another roster" name="CanRosterBeUsedGuard canActivate should throw ForbiddenException if any member is already in another roster" time="0.004">
    </testcase>
    <testcase classname="CanRosterBeUsedGuard canActivate should throw ForbiddenException if any member is not tournament eligible" name="CanRosterBeUsedGuard canActivate should throw ForbiddenException if any member is not tournament eligible" time="0.006">
    </testcase>
  </testsuite>
  <testsuite name="ParticipationController" errors="0" failures="0" skipped="0" timestamp="2025-04-09T05:16:20" time="2.096" tests="9">
    <testcase classname="ParticipationController should be defined" name="ParticipationController should be defined" time="0.034">
    </testcase>
    <testcase classname="ParticipationController findAll should return participations with metadata" name="ParticipationController findAll should return participations with metadata" time="0.02">
    </testcase>
    <testcase classname="ParticipationController findOne should return a single participation" name="ParticipationController findOne should return a single participation" time="0.017">
    </testcase>
    <testcase classname="ParticipationController getManagedParticipationsForPlayer should return participations managed by the player" name="ParticipationController getManagedParticipationsForPlayer should return participations managed by the player" time="0.042">
    </testcase>
    <testcase classname="ParticipationController createSolo should create a solo participation" name="ParticipationController createSolo should create a solo participation" time="0.021">
    </testcase>
    <testcase classname="ParticipationController createTeam should create a team participation" name="ParticipationController createTeam should create a team participation" time="0.017">
    </testcase>
    <testcase classname="ParticipationController createForFakePlayer should create a participation for a fake player" name="ParticipationController createForFakePlayer should create a participation for a fake player" time="0.038">
    </testcase>
    <testcase classname="ParticipationController createForFakeTeam should create a participation for a fake team" name="ParticipationController createForFakeTeam should create a participation for a fake team" time="0.017">
    </testcase>
    <testcase classname="ParticipationController remove should remove a participation" name="ParticipationController remove should remove a participation" time="0.016">
    </testcase>
  </testsuite>
  <testsuite name="LfgController" errors="0" failures="0" skipped="0" timestamp="2025-04-09T05:16:21" time="0.494" tests="6">
    <testcase classname="LfgController should be defined" name="LfgController should be defined" time="0.009">
    </testcase>
    <testcase classname="LfgController findMyLFG should return user LFG posts" name="LfgController findMyLFG should return user LFG posts" time="0.003">
    </testcase>
    <testcase classname="LfgController findPlayers should return players for a group" name="LfgController findPlayers should return players for a group" time="0.008">
    </testcase>
    <testcase classname="LfgController create should create an LFG post" name="LfgController create should create an LFG post" time="0.003">
    </testcase>
    <testcase classname="LfgController update should update an LFG post" name="LfgController update should update an LFG post" time="0.018">
    </testcase>
    <testcase classname="LfgController delete should delete an LFG post" name="LfgController delete should delete an LFG post" time="0.002">
    </testcase>
  </testsuite>
  <testsuite name="GroupController" errors="0" failures="0" skipped="0" timestamp="2025-04-09T05:16:21" time="0.561" tests="13">
    <testcase classname="GroupController should be defined" name="GroupController should be defined" time="0.008">
    </testcase>
    <testcase classname="GroupController create should create a group" name="GroupController create should create a group" time="0.004">
    </testcase>
    <testcase classname="GroupController findAll should return array of groups with metadata" name="GroupController findAll should return array of groups with metadata" time="0.023">
    </testcase>
    <testcase classname="GroupController findOne should return a group with BASE response type" name="GroupController findOne should return a group with BASE response type" time="0.004">
    </testcase>
    <testcase classname="GroupController findOne should return a group with MINI response type" name="GroupController findOne should return a group with MINI response type" time="0.002">
    </testcase>
    <testcase classname="GroupController findOne should return a group with MINI_WITH_LOGO response type" name="GroupController findOne should return a group with MINI_WITH_LOGO response type" time="0.008">
    </testcase>
    <testcase classname="GroupController findOne should return a group with MINI_WITH_COUNTRY response type" name="GroupController findOne should return a group with MINI_WITH_COUNTRY response type" time="0.006">
    </testcase>
    <testcase classname="GroupController findOne should return a group with EXTENDED response type" name="GroupController findOne should return a group with EXTENDED response type" time="0.003">
    </testcase>
    <testcase classname="GroupController update should update a group" name="GroupController update should update a group" time="0.003">
    </testcase>
    <testcase classname="GroupController remove should remove a group" name="GroupController remove should remove a group" time="0.005">
    </testcase>
    <testcase classname="GroupController getGroupMembers should return group members" name="GroupController getGroupMembers should return group members" time="0.003">
    </testcase>
    <testcase classname="GroupController getGroupTournaments should return group tournaments" name="GroupController getGroupTournaments should return group tournaments" time="0.01">
    </testcase>
    <testcase classname="GroupController getGroupFollowers should return group followers" name="GroupController getGroupFollowers should return group followers" time="0.003">
    </testcase>
  </testsuite>
  <testsuite name="UsersService" errors="0" failures="0" skipped="0" timestamp="2025-04-09T05:16:22" time="0.698" tests="19">
    <testcase classname="UsersService should be defined" name="UsersService should be defined" time="0.007">
    </testcase>
    <testcase classname="UsersService should create a user" name="UsersService should create a user" time="0.004">
    </testcase>
    <testcase classname="UsersService should throw an unprocessable entity exception when creating a user fails" name="UsersService should throw an unprocessable entity exception when creating a user fails" time="0.051">
    </testcase>
    <testcase classname="UsersService should throw an error when creating a user with an existing email" name="UsersService should throw an error when creating a user with an existing email" time="0.003">
    </testcase>
    <testcase classname="UsersService should update a user" name="UsersService should update a user" time="0.003">
    </testcase>
    <testcase classname="UsersService should delete a user" name="UsersService should delete a user" time="0.004">
    </testcase>
    <testcase classname="UsersService should throw an error when deleting a user with a wrong id" name="UsersService should throw an error when deleting a user with a wrong id" time="0.005">
    </testcase>
    <testcase classname="UsersService should find a user" name="UsersService should find a user" time="0.003">
    </testcase>
    <testcase classname="UsersService should throw an error when finding a user with a wrong id" name="UsersService should throw an error when finding a user with a wrong id" time="0.019">
    </testcase>
    <testcase classname="UsersService findAll should return an array of users" name="UsersService findAll should return an array of users" time="0.003">
    </testcase>
    <testcase classname="UsersService findByEmail should return a user if found by email" name="UsersService findByEmail should return a user if found by email" time="0.002">
    </testcase>
    <testcase classname="UsersService findByEmail should return null if user not found by email" name="UsersService findByEmail should return null if user not found by email" time="0.003">
    </testcase>
    <testcase classname="UsersService update should throw NotFoundException if user not found" name="UsersService update should throw NotFoundException if user not found" time="0.003">
    </testcase>
    <testcase classname="UsersService update should update and return the user" name="UsersService update should update and return the user" time="0.003">
    </testcase>
    <testcase classname="UsersService remove should throw NotFoundException if user not found" name="UsersService remove should throw NotFoundException if user not found" time="0.003">
    </testcase>
    <testcase classname="UsersService remove should delete the user and return undefined" name="UsersService remove should delete the user and return undefined" time="0.002">
    </testcase>
    <testcase classname="UsersService updateUserPassword should throw NotFoundException if user not found" name="UsersService updateUserPassword should throw NotFoundException if user not found" time="0.003">
    </testcase>
    <testcase classname="UsersService updateUserPassword should update user password with hashed password" name="UsersService updateUserPassword should update user password with hashed password" time="0.002">
    </testcase>
    <testcase classname="UsersService confirmEmail should confirm user email" name="UsersService confirmEmail should confirm user email" time="0.005">
    </testcase>
  </testsuite>
  <testsuite name="AuthService" errors="0" failures="0" skipped="0" timestamp="2025-04-09T05:16:22" time="0.747" tests="18">
    <testcase classname="AuthService verifyAsyncWithCredentials should throw NotFoundException if user not found" name="AuthService verifyAsyncWithCredentials should throw NotFoundException if user not found" time="0.04">
    </testcase>
    <testcase classname="AuthService verifyAsyncWithCredentials should throw UnauthorizedException if password is incorrect" name="AuthService verifyAsyncWithCredentials should throw UnauthorizedException if password is incorrect" time="0.003">
    </testcase>
    <testcase classname="AuthService verifyAsyncWithCredentials should return tokens if credentials are valid" name="AuthService verifyAsyncWithCredentials should return tokens if credentials are valid" time="0.003">
    </testcase>
    <testcase classname="AuthService getTokens should generate access and refresh tokens" name="AuthService getTokens should generate access and refresh tokens" time="0.003">
    </testcase>
    <testcase classname="AuthService refreshTokens should throw UnauthorizedException if refresh token is invalid" name="AuthService refreshTokens should throw UnauthorizedException if refresh token is invalid" time="0.005">
    </testcase>
    <testcase classname="AuthService refreshTokens should return new tokens if refresh token is valid" name="AuthService refreshTokens should return new tokens if refresh token is valid" time="0.009">
    </testcase>
    <testcase classname="AuthService validateUser should return user if found by email" name="AuthService validateUser should return user if found by email" time="0.002">
    </testcase>
    <testcase classname="AuthService validateUser should return null if user not found" name="AuthService validateUser should return null if user not found" time="0.002">
    </testcase>
    <testcase classname="AuthService passwordResetRequest should throw NotFoundException if user not found" name="AuthService passwordResetRequest should throw NotFoundException if user not found" time="0.002">
    </testcase>
    <testcase classname="AuthService passwordResetRequest should generate reset token and send email" name="AuthService passwordResetRequest should generate reset token and send email" time="0.015">
    </testcase>
    <testcase classname="AuthService passwordReset should throw UnauthorizedException if token is invalid" name="AuthService passwordReset should throw UnauthorizedException if token is invalid" time="0.004">
    </testcase>
    <testcase classname="AuthService passwordReset should throw UnauthorizedException if token type is not password-reset" name="AuthService passwordReset should throw UnauthorizedException if token type is not password-reset" time="0.003">
    </testcase>
    <testcase classname="AuthService passwordReset should throw NotFoundException if user not found" name="AuthService passwordReset should throw NotFoundException if user not found" time="0.002">
    </testcase>
    <testcase classname="AuthService passwordReset should update user password if token is valid" name="AuthService passwordReset should update user password if token is valid" time="0.002">
    </testcase>
    <testcase classname="AuthService emailConfirmation should throw UnauthorizedException if token is invalid" name="AuthService emailConfirmation should throw UnauthorizedException if token is invalid" time="0.004">
    </testcase>
    <testcase classname="AuthService emailConfirmation should throw UnauthorizedException if token type is not email-confirmation" name="AuthService emailConfirmation should throw UnauthorizedException if token type is not email-confirmation" time="0.002">
    </testcase>
    <testcase classname="AuthService emailConfirmation should throw NotFoundException if user not found" name="AuthService emailConfirmation should throw NotFoundException if user not found" time="0.002">
    </testcase>
    <testcase classname="AuthService emailConfirmation should confirm user email if token is valid" name="AuthService emailConfirmation should confirm user email if token is valid" time="0.003">
    </testcase>
  </testsuite>
  <testsuite name="AuthController" errors="0" failures="0" skipped="0" timestamp="2025-04-09T05:16:21" time="1.255" tests="12">
    <testcase classname="AuthController login should return tokens on successful login" name="AuthController login should return tokens on successful login" time="0.028">
    </testcase>
    <testcase classname="AuthController login should propagate errors from auth service" name="AuthController login should propagate errors from auth service" time="0.014">
    </testcase>
    <testcase classname="AuthController refresh should return new tokens on successful refresh" name="AuthController refresh should return new tokens on successful refresh" time="0.004">
    </testcase>
    <testcase classname="AuthController refresh should propagate errors from auth service" name="AuthController refresh should propagate errors from auth service" time="0.005">
    </testcase>
    <testcase classname="AuthController authCallback should return tokens for Google OAuth callback" name="AuthController authCallback should return tokens for Google OAuth callback" time="0.003">
    </testcase>
    <testcase classname="AuthController authCallback should propagate errors from auth service" name="AuthController authCallback should propagate errors from auth service" time="0.004">
    </testcase>
    <testcase classname="AuthController passwordResetRequest should call auth service with correct email" name="AuthController passwordResetRequest should call auth service with correct email" time="0.004">
    </testcase>
    <testcase classname="AuthController passwordResetRequest should propagate errors from auth service" name="AuthController passwordResetRequest should propagate errors from auth service" time="0.004">
    </testcase>
    <testcase classname="AuthController passwordReset should call auth service with correct token and password" name="AuthController passwordReset should call auth service with correct token and password" time="0.004">
    </testcase>
    <testcase classname="AuthController passwordReset should propagate errors from auth service" name="AuthController passwordReset should propagate errors from auth service" time="0.004">
    </testcase>
    <testcase classname="AuthController emailConfirmation should call auth service with correct token" name="AuthController emailConfirmation should call auth service with correct token" time="0.003">
    </testcase>
    <testcase classname="AuthController emailConfirmation should propagate errors from auth service" name="AuthController emailConfirmation should propagate errors from auth service" time="0.004">
    </testcase>
  </testsuite>
  <testsuite name="QuizAttemptController" errors="0" failures="0" skipped="0" timestamp="2025-04-09T05:16:22" time="0.493" tests="9">
    <testcase classname="QuizAttemptController should be defined" name="QuizAttemptController should be defined" time="0.014">
    </testcase>
    <testcase classname="QuizAttemptController findAll should return results with metadata for regular users" name="QuizAttemptController findAll should return results with metadata for regular users" time="0.015">
    </testcase>
    <testcase classname="QuizAttemptController findAll should not filter by userId for admin users" name="QuizAttemptController findAll should not filter by userId for admin users" time="0.003">
    </testcase>
    <testcase classname="QuizAttemptController getMyAttempts should return attempts for current user" name="QuizAttemptController getMyAttempts should return attempts for current user" time="0.002">
    </testcase>
    <testcase classname="QuizAttemptController findOne should return attempt by id" name="QuizAttemptController findOne should return attempt by id" time="0.003">
    </testcase>
    <testcase classname="QuizAttemptController create should create a new attempt" name="QuizAttemptController create should create a new attempt" time="0.004">
    </testcase>
    <testcase classname="QuizAttemptController submitAttempt should submit attempt" name="QuizAttemptController submitAttempt should submit attempt" time="0.003">
    </testcase>
    <testcase classname="QuizAttemptController createAnswer should create a new answer" name="QuizAttemptController createAnswer should create a new answer" time="0.002">
    </testcase>
    <testcase classname="QuizAttemptController updateAnswer should update an answer" name="QuizAttemptController updateAnswer should update an answer" time="0.005">
    </testcase>
  </testsuite>
  <testsuite name="BlobService" errors="0" failures="0" skipped="0" timestamp="2025-04-09T05:16:22" time="0.653" tests="10">
    <testcase classname="BlobService should throw an error if AWS credentials are not set" name="BlobService should throw an error if AWS credentials are not set" time="0.032">
    </testcase>
    <testcase classname="BlobService should be defined" name="BlobService should be defined" time="0.018">
    </testcase>
    <testcase classname="BlobService generateKey should generate a key with the correct format" name="BlobService generateKey should generate a key with the correct format" time="0.008">
    </testcase>
    <testcase classname="BlobService generateKey should default to txt extension if mime type is not provided" name="BlobService generateKey should default to txt extension if mime type is not provided" time="0.003">
    </testcase>
    <testcase classname="BlobService uploadFile should upload a file successfully" name="BlobService uploadFile should upload a file successfully" time="0.004">
    </testcase>
    <testcase classname="BlobService uploadFile should throw an error if upload fails" name="BlobService uploadFile should throw an error if upload fails" time="0.01">
    </testcase>
    <testcase classname="BlobService deleteFile should delete a file successfully" name="BlobService deleteFile should delete a file successfully" time="0.018">
    </testcase>
    <testcase classname="BlobService deleteFile should throw an error if delete fails" name="BlobService deleteFile should throw an error if delete fails" time="0.004">
    </testcase>
    <testcase classname="BlobService getFile should retrieve a file successfully" name="BlobService getFile should retrieve a file successfully" time="0.004">
    </testcase>
    <testcase classname="BlobService getFile should throw an error if retrieval fails" name="BlobService getFile should throw an error if retrieval fails" time="0.006">
    </testcase>
  </testsuite>
  <testsuite name="TournamentIsFakePlayersAllowedGuard" errors="0" failures="0" skipped="0" timestamp="2025-04-09T05:16:22" time="0.618" tests="10">
    <testcase classname="TournamentIsFakePlayersAllowedGuard canActivate - Solo Player should allow real player participation" name="TournamentIsFakePlayersAllowedGuard canActivate - Solo Player should allow real player participation" time="0.009">
    </testcase>
    <testcase classname="TournamentIsFakePlayersAllowedGuard canActivate - Solo Player should allow fake player in unranked tournament that allows fake players" name="TournamentIsFakePlayersAllowedGuard canActivate - Solo Player should allow fake player in unranked tournament that allows fake players" time="0.003">
    </testcase>
    <testcase classname="TournamentIsFakePlayersAllowedGuard canActivate - Solo Player should deny fake player in tournament that does not allow fake players" name="TournamentIsFakePlayersAllowedGuard canActivate - Solo Player should deny fake player in tournament that does not allow fake players" time="0.014">
    </testcase>
    <testcase classname="TournamentIsFakePlayersAllowedGuard canActivate - Solo Player should deny fake player in ranked tournament" name="TournamentIsFakePlayersAllowedGuard canActivate - Solo Player should deny fake player in ranked tournament" time="0.003">
    </testcase>
    <testcase classname="TournamentIsFakePlayersAllowedGuard canActivate - Solo Player should throw BadRequestException when userId is not provided" name="TournamentIsFakePlayersAllowedGuard canActivate - Solo Player should throw BadRequestException when userId is not provided" time="0.022">
    </testcase>
    <testcase classname="TournamentIsFakePlayersAllowedGuard canActivate - Team should allow real group participation" name="TournamentIsFakePlayersAllowedGuard canActivate - Team should allow real group participation" time="0.003">
    </testcase>
    <testcase classname="TournamentIsFakePlayersAllowedGuard canActivate - Team should allow fake group in unranked tournament that allows fake players" name="TournamentIsFakePlayersAllowedGuard canActivate - Team should allow fake group in unranked tournament that allows fake players" time="0.002">
    </testcase>
    <testcase classname="TournamentIsFakePlayersAllowedGuard canActivate - Team should deny fake group in tournament that does not allow fake players" name="TournamentIsFakePlayersAllowedGuard canActivate - Team should deny fake group in tournament that does not allow fake players" time="0.003">
    </testcase>
    <testcase classname="TournamentIsFakePlayersAllowedGuard canActivate - Team should deny fake group in ranked tournament" name="TournamentIsFakePlayersAllowedGuard canActivate - Team should deny fake group in ranked tournament" time="0.002">
    </testcase>
    <testcase classname="TournamentIsFakePlayersAllowedGuard canActivate - Team should throw BadRequestException when groupId is not provided" name="TournamentIsFakePlayersAllowedGuard canActivate - Team should throw BadRequestException when groupId is not provided" time="0.003">
    </testcase>
  </testsuite>
  <testsuite name="NotificationsService" errors="0" failures="0" skipped="0" timestamp="2025-04-09T05:16:22" time="0.825" tests="8">
    <testcase classname="NotificationsService should throw an error if Firebase credentials are not set" name="NotificationsService should throw an error if Firebase credentials are not set" time="0.032">
    </testcase>
    <testcase classname="NotificationsService should be defined" name="NotificationsService should be defined" time="0.007">
    </testcase>
    <testcase classname="NotificationsService sendNotificationToUser should send notification to user" name="NotificationsService sendNotificationToUser should send notification to user" time="0.003">
    </testcase>
    <testcase classname="NotificationsService sendNotificationToUser should throw InternalServerErrorException if sending notification fails" name="NotificationsService sendNotificationToUser should throw InternalServerErrorException if sending notification fails" time="0.003">
    </testcase>
    <testcase classname="NotificationsService sendNotification should send notification" name="NotificationsService sendNotification should send notification" time="0.012">
    </testcase>
    <testcase classname="NotificationsService sendNotification should throw InternalServerErrorException if sending notification fails" name="NotificationsService sendNotification should throw InternalServerErrorException if sending notification fails" time="0.027">
    </testcase>
    <testcase classname="NotificationsService sendMulticastNotification should send multicast notification" name="NotificationsService sendMulticastNotification should send multicast notification" time="0.003">
    </testcase>
    <testcase classname="NotificationsService sendMulticastNotification should throw InternalServerErrorException if sending multicast notification fails" name="NotificationsService sendMulticastNotification should throw InternalServerErrorException if sending multicast notification fails" time="0.005">
    </testcase>
  </testsuite>
  <testsuite name="AccessTokenStrategy" errors="0" failures="0" skipped="0" timestamp="2025-04-09T05:16:22" time="0.406" tests="2">
    <testcase classname="AccessTokenStrategy validate should return validated user when user exists" name="AccessTokenStrategy validate should return validated user when user exists" time="0.017">
    </testcase>
    <testcase classname="AccessTokenStrategy validate should throw UnauthorizedException when user does not exist" name="AccessTokenStrategy validate should throw UnauthorizedException when user does not exist" time="0.014">
    </testcase>
  </testsuite>
  <testsuite name="UsersController" errors="0" failures="0" skipped="0" timestamp="2025-04-09T05:16:22" time="0.589" tests="8">
    <testcase classname="UsersController should be defined" name="UsersController should be defined" time="0.021">
    </testcase>
    <testcase classname="UsersController should return a valid query" name="UsersController should return a valid query" time="0.006">
    </testcase>
    <testcase classname="UsersController should return a user" name="UsersController should return a user" time="0.019">
    </testcase>
    <testcase classname="UsersController should create a user" name="UsersController should create a user" time="0.005">
    </testcase>
    <testcase classname="UsersController should update a user" name="UsersController should update a user" time="0.005">
    </testcase>
    <testcase classname="UsersController should delete a user" name="UsersController should delete a user" time="0.006">
    </testcase>
    <testcase classname="UsersController should delete me" name="UsersController should delete me" time="0.006">
    </testcase>
    <testcase classname="UsersController should update me" name="UsersController should update me" time="0.005">
    </testcase>
  </testsuite>
  <testsuite name="QuizController" errors="0" failures="0" skipped="0" timestamp="2025-04-09T05:16:23" time="0.47" tests="8">
    <testcase classname="QuizController should be defined" name="QuizController should be defined" time="0.009">
    </testcase>
    <testcase classname="QuizController findAll should return all quizzes with metadata" name="QuizController findAll should return all quizzes with metadata" time="0.004">
    </testcase>
    <testcase classname="QuizController findOne should return a quiz by id" name="QuizController findOne should return a quiz by id" time="0.003">
    </testcase>
    <testcase classname="QuizController create should create a new quiz" name="QuizController create should create a new quiz" time="0.007">
    </testcase>
    <testcase classname="QuizController update should update a quiz" name="QuizController update should update a quiz" time="0.003">
    </testcase>
    <testcase classname="QuizController remove should remove a quiz" name="QuizController remove should remove a quiz" time="0.004">
    </testcase>
    <testcase classname="QuizController autoComplete should return quizzes matching the search term" name="QuizController autoComplete should return quizzes matching the search term" time="0.004">
    </testcase>
    <testcase classname="QuizController getAuthoredQuizzes should return quizzes authored by the user" name="QuizController getAuthoredQuizzes should return quizzes authored by the user" time="0.006">
    </testcase>
  </testsuite>
  <testsuite name="CategoryController" errors="0" failures="0" skipped="0" timestamp="2025-04-09T05:16:23" time="0.582" tests="10">
    <testcase classname="CategoryController should be defined" name="CategoryController should be defined" time="0.013">
    </testcase>
    <testcase classname="CategoryController should return a valid query" name="CategoryController should return a valid query" time="0.006">
    </testcase>
    <testcase classname="CategoryController should return a category" name="CategoryController should return a category" time="0.003">
    </testcase>
    <testcase classname="CategoryController should create a category" name="CategoryController should create a category" time="0.003">
    </testcase>
    <testcase classname="CategoryController should update a category" name="CategoryController should update a category" time="0.003">
    </testcase>
    <testcase classname="CategoryController should remove a category" name="CategoryController should remove a category" time="0.003">
    </testcase>
    <testcase classname="CategoryController should throw NotFoundException when category is not found" name="CategoryController should throw NotFoundException when category is not found" time="0.014">
    </testcase>
    <testcase classname="CategoryController should throw UnprocessableEntityException when category creation fails" name="CategoryController should throw UnprocessableEntityException when category creation fails" time="0.006">
    </testcase>
    <testcase classname="CategoryController should throw NotFoundException when updating non-existent category" name="CategoryController should throw NotFoundException when updating non-existent category" time="0.003">
    </testcase>
    <testcase classname="CategoryController should throw NotFoundException when removing non-existent category" name="CategoryController should throw NotFoundException when removing non-existent category" time="0.003">
    </testcase>
  </testsuite>
  <testsuite name="LocationController" errors="0" failures="0" skipped="0" timestamp="2025-04-09T05:16:23" time="0.516" tests="11">
    <testcase classname="LocationController should be defined" name="LocationController should be defined" time="0.009">
    </testcase>
    <testcase classname="LocationController should return a valid query" name="LocationController should return a valid query" time="0.005">
    </testcase>
    <testcase classname="LocationController should return a location" name="LocationController should return a location" time="0.004">
    </testcase>
    <testcase classname="LocationController should create a location" name="LocationController should create a location" time="0.002">
    </testcase>
    <testcase classname="LocationController should update a location" name="LocationController should update a location" time="0.017">
    </testcase>
    <testcase classname="LocationController should remove a location" name="LocationController should remove a location" time="0.004">
    </testcase>
    <testcase classname="LocationController should throw NotFoundException when location is not found" name="LocationController should throw NotFoundException when location is not found" time="0.019">
    </testcase>
    <testcase classname="LocationController should throw UnprocessableEntityException when location creation fails" name="LocationController should throw UnprocessableEntityException when location creation fails" time="0.004">
    </testcase>
    <testcase classname="LocationController should throw NotFoundException when updating non-existent location" name="LocationController should throw NotFoundException when updating non-existent location" time="0.003">
    </testcase>
    <testcase classname="LocationController should throw NotFoundException when removing non-existent location" name="LocationController should throw NotFoundException when removing non-existent location" time="0.005">
    </testcase>
    <testcase classname="LocationController getMap should return all locations" name="LocationController getMap should return all locations" time="0.003">
    </testcase>
  </testsuite>
  <testsuite name="GroupInvitesController" errors="0" failures="0" skipped="0" timestamp="2025-04-09T05:16:23" time="0.502" tests="6">
    <testcase classname="GroupInvitesController should be defined" name="GroupInvitesController should be defined" time="0.008">
    </testcase>
    <testcase classname="GroupInvitesController create should create a group invite" name="GroupInvitesController create should create a group invite" time="0.008">
    </testcase>
    <testcase classname="GroupInvitesController findAll should return an array of group invites" name="GroupInvitesController findAll should return an array of group invites" time="0.006">
    </testcase>
    <testcase classname="GroupInvitesController findOne should return a group invite" name="GroupInvitesController findOne should return a group invite" time="0.004">
    </testcase>
    <testcase classname="GroupInvitesController update should update a group invite" name="GroupInvitesController update should update a group invite" time="0.007">
    </testcase>
    <testcase classname="GroupInvitesController remove should remove a group invite" name="GroupInvitesController remove should remove a group invite" time="0.002">
    </testcase>
  </testsuite>
  <testsuite name="CanCreateRosterGuard" errors="0" failures="0" skipped="0" timestamp="2025-04-09T05:16:23" time="0.424" tests="9">
    <testcase classname="CanCreateRosterGuard should be defined" name="CanCreateRosterGuard should be defined" time="0.006">
    </testcase>
    <testcase classname="CanCreateRosterGuard canActivate should throw BadRequestException if stageId is missing" name="CanCreateRosterGuard canActivate should throw BadRequestException if stageId is missing" time="0.023">
    </testcase>
    <testcase classname="CanCreateRosterGuard canActivate should throw BadRequestException if participationId is missing" name="CanCreateRosterGuard canActivate should throw BadRequestException if participationId is missing" time="0.003">
    </testcase>
    <testcase classname="CanCreateRosterGuard canActivate should throw BadRequestException if members are missing" name="CanCreateRosterGuard canActivate should throw BadRequestException if members are missing" time="0.003">
    </testcase>
    <testcase classname="CanCreateRosterGuard canActivate should throw ForbiddenException if roster already exists" name="CanCreateRosterGuard canActivate should throw ForbiddenException if roster already exists" time="0.022">
    </testcase>
    <testcase classname="CanCreateRosterGuard canActivate should throw ForbiddenException if stage is not the first stage" name="CanCreateRosterGuard canActivate should throw ForbiddenException if stage is not the first stage" time="0.003">
    </testcase>
    <testcase classname="CanCreateRosterGuard canActivate should return true if all conditions are met" name="CanCreateRosterGuard canActivate should return true if all conditions are met" time="0.007">
    </testcase>
    <testcase classname="CanCreateRosterGuard checkIfRosterAlreadyExists should throw ForbiddenException if roster already exists" name="CanCreateRosterGuard checkIfRosterAlreadyExists should throw ForbiddenException if roster already exists" time="0.002">
    </testcase>
    <testcase classname="CanCreateRosterGuard checkIfRosterAlreadyExists should not throw if roster does not exist" name="CanCreateRosterGuard checkIfRosterAlreadyExists should not throw if roster does not exist" time="0.003">
    </testcase>
  </testsuite>
  <testsuite name="FollowersController" errors="0" failures="0" skipped="0" timestamp="2025-04-09T05:16:23" time="0.49" tests="5">
    <testcase classname="FollowersController should be defined" name="FollowersController should be defined" time="0.008">
    </testcase>
    <testcase classname="FollowersController findAll should return followers with metadata" name="FollowersController findAll should return followers with metadata" time="0.004">
    </testcase>
    <testcase classname="FollowersController findOne should return a single follower relationship" name="FollowersController findOne should return a single follower relationship" time="0.003">
    </testcase>
    <testcase classname="FollowersController create should create a follower relationship" name="FollowersController create should create a follower relationship" time="0.008">
    </testcase>
    <testcase classname="FollowersController remove should remove a follower relationship" name="FollowersController remove should remove a follower relationship" time="0.003">
    </testcase>
  </testsuite>
  <testsuite name="GroupJoinRequestsController" errors="0" failures="0" skipped="0" timestamp="2025-04-09T05:16:23" time="0.557" tests="8">
    <testcase classname="GroupJoinRequestsController should be defined" name="GroupJoinRequestsController should be defined" time="0.012">
    </testcase>
    <testcase classname="GroupJoinRequestsController create should create a group join request" name="GroupJoinRequestsController create should create a group join request" time="0.004">
    </testcase>
    <testcase classname="GroupJoinRequestsController findAll should return an array of group join requests" name="GroupJoinRequestsController findAll should return an array of group join requests" time="0.007">
    </testcase>
    <testcase classname="GroupJoinRequestsController findOne should return a group join request" name="GroupJoinRequestsController findOne should return a group join request" time="0.007">
    </testcase>
    <testcase classname="GroupJoinRequestsController update should update a group join request" name="GroupJoinRequestsController update should update a group join request" time="0.003">
    </testcase>
    <testcase classname="GroupJoinRequestsController remove should remove a group join request" name="GroupJoinRequestsController remove should remove a group join request" time="0.002">
    </testcase>
    <testcase classname="GroupJoinRequestsController accept should accept a group join request" name="GroupJoinRequestsController accept should accept a group join request" time="0.004">
    </testcase>
    <testcase classname="GroupJoinRequestsController reject should reject a group join request" name="GroupJoinRequestsController reject should reject a group join request" time="0.007">
    </testcase>
  </testsuite>
  <testsuite name="TournamentRequestsDtos" errors="0" failures="0" skipped="0" timestamp="2025-04-09T05:16:23" time="0.346" tests="12">
    <testcase classname="TournamentRequestsDtos CreateTournamentRequest should fail validation with empty object" name="TournamentRequestsDtos CreateTournamentRequest should fail validation with empty object" time="0.007">
    </testcase>
    <testcase classname="TournamentRequestsDtos CreateTournamentRequest should fail validation with invalid data types" name="TournamentRequestsDtos CreateTournamentRequest should fail validation with invalid data types" time="0.002">
    </testcase>
[...]
    <testcase classname="TeamTypeTournamentParticipationGuard canActivate should deny team participation in solo tournament" name="TeamTypeTournamentParticipationGuard canActivate should deny team participation in solo tournament" time="0.003">
    </testcase>
  </testsuite>
  <testsuite name="PostgresExceptionFilter" errors="0" failures="0" skipped="0" timestamp="2025-04-09T05:16:27" time="0.126" tests="8">
    <testcase classname="PostgresExceptionFilter should handle PostgresError with code 23505" name="PostgresExceptionFilter should handle PostgresError with code 23505" time="0.007">
    </testcase>
    <testcase classname="PostgresExceptionFilter should handle PostgresError with code 23503" name="PostgresExceptionFilter should handle PostgresError with code 23503" time="0.002">
    </testcase>
    <testcase classname="PostgresExceptionFilter should handle PostgresError with code 42P01" name="PostgresExceptionFilter should handle PostgresError with code 42P01" time="0.001">
    </testcase>
    <testcase classname="PostgresExceptionFilter should handle PostgresError with code 42703" name="PostgresExceptionFilter should handle PostgresError with code 42703" time="0.002">
    </testcase>
    <testcase classname="PostgresExceptionFilter should handle PostgresError with code 08006" name="PostgresExceptionFilter should handle PostgresError with code 08006" time="0.001">
    </testcase>
    <testcase classname="PostgresExceptionFilter should handle PostgresError with code 53300" name="PostgresExceptionFilter should handle PostgresError with code 53300" time="0.002">
    </testcase>
    <testcase classname="PostgresExceptionFilter should handle PostgresError with code 57014" name="PostgresExceptionFilter should handle PostgresError with code 57014" time="0.001">
    </testcase>
    <testcase classname="PostgresExceptionFilter should handle unknown PostgresError code" name="PostgresExceptionFilter should handle unknown PostgresError code" time="0.002">
    </testcase>
  </testsuite>
  <testsuite name="DTO Validation Tests" errors="0" failures="0" skipped="0" timestamp="2025-04-09T05:16:27" time="0.272" tests="5">
    <testcase classname="DTO Validation Tests should validate LoginRequest" name="DTO Validation Tests should validate LoginRequest" time="0.005">
    </testcase>
    <testcase classname="DTO Validation Tests should validate ChangePasswordRequest" name="DTO Validation Tests should validate ChangePasswordRequest" time="0.001">
    </testcase>
    <testcase classname="DTO Validation Tests should validate SendResetPasswordEmailRequest" name="DTO Validation Tests should validate SendResetPasswordEmailRequest" time="0.002">
    </testcase>
    <testcase classname="DTO Validation Tests should validate ResetPasswordRequest" name="DTO Validation Tests should validate ResetPasswordRequest" time="0.001">
    </testcase>
    <testcase classname="DTO Validation Tests should validate UpdateEmailRequest" name="DTO Validation Tests should validate UpdateEmailRequest" time="0">
    </testcase>
  </testsuite>
  <testsuite name="AppController" errors="0" failures="0" skipped="0" timestamp="2025-04-09T05:16:27" time="0.13" tests="1">
    <testcase classname="AppController root should return &quot;Hello World!&quot;" name="AppController root should return &quot;Hello World!&quot;" time="0.006">
    </testcase>
  </testsuite>
  <testsuite name="GroupRequirements DTOs" errors="0" failures="0" skipped="0" timestamp="2025-04-09T05:16:27" time="0.141" tests="12">
    <testcase classname="GroupRequirements DTOs EloRequirementDto should validate a valid elo requirement" name="GroupRequirements DTOs EloRequirementDto should validate a valid elo requirement" time="0.002">
    </testcase>
    <testcase classname="GroupRequirements DTOs EloRequirementDto should fail validation with negative elo values" name="GroupRequirements DTOs EloRequirementDto should fail validation with negative elo values" time="0.001">
    </testcase>
    <testcase classname="GroupRequirements DTOs EloRequirementDto should fail validation with elo values above 5000" name="GroupRequirements DTOs EloRequirementDto should fail validation with elo values above 5000" time="0">
    </testcase>
    <testcase classname="GroupRequirements DTOs EloRequirementDto should fail validation without required fields" name="GroupRequirements DTOs EloRequirementDto should fail validation without required fields" time="0.001">
    </testcase>
    <testcase classname="GroupRequirements DTOs CreateGroupRequirementsDto should validate a valid create request" name="GroupRequirements DTOs CreateGroupRequirementsDto should validate a valid create request" time="0.001">
    </testcase>
    <testcase classname="GroupRequirements DTOs CreateGroupRequirementsDto should validate with no optional fields" name="GroupRequirements DTOs CreateGroupRequirementsDto should validate with no optional fields" time="0">
    </testcase>
    <testcase classname="GroupRequirements DTOs CreateGroupRequirementsDto should fail validation with invalid age ranges" name="GroupRequirements DTOs CreateGroupRequirementsDto should fail validation with invalid age ranges" time="0.001">
    </testcase>
    <testcase classname="GroupRequirements DTOs CreateGroupRequirementsDto should validate nested elo requirements" name="GroupRequirements DTOs CreateGroupRequirementsDto should validate nested elo requirements" time="0.001">
    </testcase>
    <testcase classname="GroupRequirements DTOs UpdateGroupRequirementsDto should validate a valid update request" name="GroupRequirements DTOs UpdateGroupRequirementsDto should validate a valid update request" time="0.001">
    </testcase>
    <testcase classname="GroupRequirements DTOs UpdateGroupRequirementsDto should validate partial updates" name="GroupRequirements DTOs UpdateGroupRequirementsDto should validate partial updates" time="0.001">
    </testcase>
    <testcase classname="GroupRequirements DTOs UpdateGroupRequirementsDto should fail validation with invalid age ranges" name="GroupRequirements DTOs UpdateGroupRequirementsDto should fail validation with invalid age ranges" time="0.001">
    </testcase>
    <testcase classname="GroupRequirements DTOs UpdateGroupRequirementsDto should validate nested elo requirements" name="GroupRequirements DTOs UpdateGroupRequirementsDto should validate nested elo requirements" time="0.001">
    </testcase>
  </testsuite>
  <testsuite name="RefreshToken" errors="0" failures="0" skipped="0" timestamp="2025-04-09T05:16:27" time="0.114" tests="2">
    <testcase classname="RefreshToken should return refreshToken from request" name="RefreshToken should return refreshToken from request" time="0.001">
    </testcase>
    <testcase classname="RefreshToken should return null if user is not present in request" name="RefreshToken should return null if user is not present in request" time="0.001">
    </testcase>
  </testsuite>
  <testsuite name="NotificationTemplatesFiller" errors="0" failures="0" skipped="0" timestamp="2025-04-09T05:16:27" time="0.144" tests="5">
    <testcase classname="NotificationTemplatesFiller compileTemplates should compile all templates" name="NotificationTemplatesFiller compileTemplates should compile all templates" time="0.002">
    </testcase>
    <testcase classname="NotificationTemplatesFiller getTemplate should return the compiled template" name="NotificationTemplatesFiller getTemplate should return the compiled template" time="0.001">
    </testcase>
    <testcase classname="NotificationTemplatesFiller getTemplate should throw an error if template not found" name="NotificationTemplatesFiller getTemplate should throw an error if template not found" time="0.034">
    </testcase>
    <testcase classname="NotificationTemplatesFiller fill should fill the template with provided data" name="NotificationTemplatesFiller fill should fill the template with provided data" time="0.001">
    </testcase>
    <testcase classname="NotificationTemplatesFiller fill should throw an error if required keys are missing" name="NotificationTemplatesFiller fill should throw an error if required keys are missing" time="0.001">
    </testcase>
  </testsuite>
  <testsuite name="MyNumber" errors="0" failures="0" skipped="0" timestamp="2025-04-09T05:16:27" time="0.114" tests="3">
    <testcase classname="MyNumber should pass validation when maximum is greater than minimum" name="MyNumber should pass validation when maximum is greater than minimum" time="0.004">
    </testcase>
    <testcase classname="MyNumber should fail validation when maximum is less than minimum" name="MyNumber should fail validation when maximum is less than minimum" time="0.001">
    </testcase>
    <testcase classname="MyNumber should fail validation when maximum is equal to minimum" name="MyNumber should fail validation when maximum is equal to minimum" time="0.001">
    </testcase>
  </testsuite>
  <testsuite name="PublicTournamentParticipationGuard" errors="0" failures="0" skipped="0" timestamp="2025-04-09T05:16:27" time="0.271" tests="3">
    <testcase classname="PublicTournamentParticipationGuard canActivate should allow participation when tournament is public" name="PublicTournamentParticipationGuard canActivate should allow participation when tournament is public" time="0.053">
    </testcase>
    <testcase classname="PublicTournamentParticipationGuard canActivate should deny participation when tournament is not public" name="PublicTournamentParticipationGuard canActivate should deny participation when tournament is not public" time="0.009">
    </testcase>
    <testcase classname="PublicTournamentParticipationGuard canActivate should deny participation when tournament is undefined" name="PublicTournamentParticipationGuard canActivate should deny participation when tournament is undefined" time="0.003">
    </testcase>
  </testsuite>
  <testsuite name="TeamTypeExtractor" errors="0" failures="0" skipped="0" timestamp="2025-04-09T05:16:27" time="0.145" tests="7">
    <testcase classname="TeamTypeExtractor getTeamTypeFromUrl should return SOLO for /apply-solo URLs" name="TeamTypeExtractor getTeamTypeFromUrl should return SOLO for /apply-solo URLs" time="0.001">
    </testcase>
    <testcase classname="TeamTypeExtractor getTeamTypeFromUrl should return TEAM for /apply-group URLs" name="TeamTypeExtractor getTeamTypeFromUrl should return TEAM for /apply-group URLs" time="0.015">
    </testcase>
    <testcase classname="TeamTypeExtractor getTeamTypeFromUrl should return SOLO for /admin/apply-solo URLs" name="TeamTypeExtractor getTeamTypeFromUrl should return SOLO for /admin/apply-solo URLs" time="0">
    </testcase>
    <testcase classname="TeamTypeExtractor getTeamTypeFromUrl should return TEAM for /admin/apply-group URLs" name="TeamTypeExtractor getTeamTypeFromUrl should return TEAM for /admin/apply-group URLs" time="0.001">
    </testcase>
    <testcase classname="TeamTypeExtractor getTeamTypeFromUrl should handle URLs with additional path segments" name="TeamTypeExtractor getTeamTypeFromUrl should handle URLs with additional path segments" time="0">
    </testcase>
    <testcase classname="TeamTypeExtractor getTeamTypeFromUrl should handle URLs with query parameters" name="TeamTypeExtractor getTeamTypeFromUrl should handle URLs with query parameters" time="0">
    </testcase>
    <testcase classname="TeamTypeExtractor getTeamTypeFromUrl should throw error for invalid URLs" name="TeamTypeExtractor getTeamTypeFromUrl should throw error for invalid URLs" time="0.012">
    </testcase>
  </testsuite>
  <testsuite name="CurrentUser" errors="0" failures="0" skipped="0" timestamp="2025-04-09T05:16:27" time="0.115" tests="2">
    <testcase classname="CurrentUser should return user from request" name="CurrentUser should return user from request" time="0.001">
    </testcase>
    <testcase classname="CurrentUser should return null if user is not present in request" name="CurrentUser should return null if user is not present in request" time="0.001">
    </testcase>
  </testsuite>
  <testsuite name="MetadataMaker" errors="0" failures="0" skipped="0" timestamp="2025-04-09T05:16:27" time="0.062" tests="5">
    <testcase classname="MetadataMaker makeMetadataFromQuery should return the correct metadata" name="MetadataMaker makeMetadataFromQuery should return the correct metadata" time="0.002">
    </testcase>
    <testcase classname="MetadataMaker makeLinks should return the correct links" name="MetadataMaker makeLinks should return the correct links" time="0.001">
    </testcase>
    <testcase classname="MetadataMaker makeLinks should handle URLs without page query parameter" name="MetadataMaker makeLinks should handle URLs without page query parameter" time="0">
    </testcase>
    <testcase classname="MetadataMaker makePagination should return the correct pagination" name="MetadataMaker makePagination should return the correct pagination" time="0.001">
    </testcase>
    <testcase classname="MetadataMaker makePagination should return the correct pagination when returnFullCount is false" name="MetadataMaker makePagination should return the correct pagination when returnFullCount is false" time="0.014">
    </testcase>
  </testsuite>
  <testsuite name="EloHelper" errors="0" failures="0" skipped="0" timestamp="2025-04-09T05:16:27" time="0.073" tests="14">
    <testcase classname="EloHelper expectedScore should calculate expected score correctly for equal ratings" name="EloHelper expectedScore should calculate expected score correctly for equal ratings" time="0.001">
    </testcase>
    <testcase classname="EloHelper expectedScore should calculate expected score correctly for higher rated player" name="EloHelper expectedScore should calculate expected score correctly for higher rated player" time="0.001">
    </testcase>
    <testcase classname="EloHelper expectedScore should calculate expected score correctly for lower rated player" name="EloHelper expectedScore should calculate expected score correctly for lower rated player" time="0">
    </testcase>
    <testcase classname="EloHelper getKFactor should return HIGH_VOLATILITY_K for new players" name="EloHelper getKFactor should return HIGH_VOLATILITY_K for new players" time="0.001">
    </testcase>
    <testcase classname="EloHelper getKFactor should return HIGH_VOLATILITY_K for players under high volatility threshold" name="EloHelper getKFactor should return HIGH_VOLATILITY_K for players under high volatility threshold" time="0">
    </testcase>
    <testcase classname="EloHelper getKFactor should return MEDIUM_VOLATILITY_K for players in medium range" name="EloHelper getKFactor should return MEDIUM_VOLATILITY_K for players in medium range" time="0">
    </testcase>
    <testcase classname="EloHelper getKFactor should return LOW_VOLATILITY_K for experienced players" name="EloHelper getKFactor should return LOW_VOLATILITY_K for experienced players" time="0.001">
    </testcase>
    <testcase classname="EloHelper updateRating should increase rating for a win against equal opponent" name="EloHelper updateRating should increase rating for a win against equal opponent" time="0">
    </testcase>
    <testcase classname="EloHelper updateRating should decrease rating for a loss against equal opponent" name="EloHelper updateRating should decrease rating for a loss against equal opponent" time="0.001">
    </testcase>
    <testcase classname="EloHelper updateRating should increase rating more for winning against higher rated opponent" name="EloHelper updateRating should increase rating more for winning against higher rated opponent" time="0">
    </testcase>
    <testcase classname="EloHelper updateRating should decrease rating less for losing against higher rated opponent" name="EloHelper updateRating should decrease rating less for losing against higher rated opponent" time="0.001">
    </testcase>
    <testcase classname="EloHelper updateRating should never return a negative rating" name="EloHelper updateRating should never return a negative rating" time="0">
    </testcase>
    <testcase classname="EloHelper updateRating should return rounded integers" name="EloHelper updateRating should return rounded integers" time="0">
    </testcase>
    <testcase classname="EloHelper updateRating should apply different K factors based on matches played" name="EloHelper updateRating should apply different K factors based on matches played" time="0.001">
    </testcase>
  </testsuite>
  <testsuite name="MyDateRange" errors="0" failures="0" skipped="0" timestamp="2025-04-09T05:16:27" time="0.105" tests="2">
    <testcase classname="MyDateRange should pass validation when endDate is greater than startDate" name="MyDateRange should pass validation when endDate is greater than startDate" time="0.002">
    </testcase>
    <testcase classname="MyDateRange should fail validation when endDate same as startDate" name="MyDateRange should fail validation when endDate same as startDate" time="0.001">
    </testcase>
  </testsuite>
  <testsuite name="TournamentService" errors="0" failures="0" skipped="0" timestamp="2025-04-09T05:16:27" time="1.958" tests="13">
    <testcase classname="TournamentService create should successfully create a tournament" name="TournamentService create should successfully create a tournament" time="0.011">
    </testcase>
    <testcase classname="TournamentService create should throw UnprocessableEntityException when creation fails" name="TournamentService create should throw UnprocessableEntityException when creation fails" time="0.01">
    </testcase>
    <testcase classname="TournamentService findAll should return an array of tournaments" name="TournamentService findAll should return an array of tournaments" time="0.002">
    </testcase>
    <testcase classname="TournamentService findAll should return empty array when no tournaments found" name="TournamentService findAll should return empty array when no tournaments found" time="0.002">
    </testcase>
    <testcase classname="TournamentService findOne should return a single tournament" name="TournamentService findOne should return a single tournament" time="0.001">
    </testcase>
    <testcase classname="TournamentService findOne should throw NotFoundException when tournament not found" name="TournamentService findOne should throw NotFoundException when tournament not found" time="0.002">
    </testcase>
    <testcase classname="TournamentService update should successfully update a tournament" name="TournamentService update should successfully update a tournament" time="0.002">
    </testcase>
    <testcase classname="TournamentService update should throw NotFoundException when tournament not found" name="TournamentService update should throw NotFoundException when tournament not found" time="0.003">
    </testcase>
    <testcase classname="TournamentService remove should successfully remove a tournament" name="TournamentService remove should successfully remove a tournament" time="0.001">
    </testcase>
    <testcase classname="TournamentService remove should throw NotFoundException when tournament not found" name="TournamentService remove should throw NotFoundException when tournament not found" time="0.002">
    </testcase>
    <testcase classname="TournamentService getManagedTournaments should return tournaments managed by the user" name="TournamentService getManagedTournaments should return tournaments managed by the user" time="0.001">
    </testcase>
    <testcase classname="TournamentService getManagedTournaments should return empty array when no tournaments are managed by the user" name="TournamentService getManagedTournaments should return empty array when no tournaments are managed by the user" time="0.001">
    </testcase>
    <testcase classname="TournamentService getManagedTournaments should work without pagination parameter" name="TournamentService getManagedTournaments should work without pagination parameter" time="0.002">
    </testcase>
  </testsuite>
</testsuites>